mode: atomic
github.com/mrz1836/go-coverage/internal/analysis/comparison.go:216.70,217.19 1 20
github.com/mrz1836/go-coverage/internal/analysis/comparison.go:217.19,230.3 1 15
github.com/mrz1836/go-coverage/internal/analysis/comparison.go:232.2,234.3 1 20
github.com/mrz1836/go-coverage/internal/analysis/comparison.go:238.134,248.33 3 1
github.com/mrz1836/go-coverage/internal/analysis/comparison.go:248.33,250.3 1 1
github.com/mrz1836/go-coverage/internal/analysis/comparison.go:253.2,256.34 2 1
github.com/mrz1836/go-coverage/internal/analysis/comparison.go:256.34,258.3 1 1
github.com/mrz1836/go-coverage/internal/analysis/comparison.go:261.2,269.20 4 1
github.com/mrz1836/go-coverage/internal/analysis/comparison.go:273.99,279.28 5 5
github.com/mrz1836/go-coverage/internal/analysis/comparison.go:279.28,281.3 1 3
github.com/mrz1836/go-coverage/internal/analysis/comparison.go:281.8,281.36 1 2
github.com/mrz1836/go-coverage/internal/analysis/comparison.go:281.36,283.3 1 1
github.com/mrz1836/go-coverage/internal/analysis/comparison.go:285.2,295.3 3 5
github.com/mrz1836/go-coverage/internal/analysis/comparison.go:299.96,304.51 3 3
github.com/mrz1836/go-coverage/internal/analysis/comparison.go:304.51,306.3 1 7
github.com/mrz1836/go-coverage/internal/analysis/comparison.go:308.2,309.49 2 3
github.com/mrz1836/go-coverage/internal/analysis/comparison.go:309.49,311.3 1 8
github.com/mrz1836/go-coverage/internal/analysis/comparison.go:314.2,315.34 2 3
github.com/mrz1836/go-coverage/internal/analysis/comparison.go:315.34,317.3 1 7
github.com/mrz1836/go-coverage/internal/analysis/comparison.go:318.2,318.32 1 3
github.com/mrz1836/go-coverage/internal/analysis/comparison.go:318.32,320.3 1 8
github.com/mrz1836/go-coverage/internal/analysis/comparison.go:322.2,322.33 1 3
github.com/mrz1836/go-coverage/internal/analysis/comparison.go:322.33,323.57 1 9
github.com/mrz1836/go-coverage/internal/analysis/comparison.go:323.57,324.12 1 1
github.com/mrz1836/go-coverage/internal/analysis/comparison.go:327.3,336.23 4 8
github.com/mrz1836/go-coverage/internal/analysis/comparison.go:336.23,343.4 6 2
github.com/mrz1836/go-coverage/internal/analysis/comparison.go:343.9,343.30 1 6
github.com/mrz1836/go-coverage/internal/analysis/comparison.go:343.30,350.4 6 1
github.com/mrz1836/go-coverage/internal/analysis/comparison.go:350.9,360.37 8 5
github.com/mrz1836/go-coverage/internal/analysis/comparison.go:360.37,362.5 1 3
github.com/mrz1836/go-coverage/internal/analysis/comparison.go:362.10,362.45 1 2
github.com/mrz1836/go-coverage/internal/analysis/comparison.go:362.45,364.5 1 0
github.com/mrz1836/go-coverage/internal/analysis/comparison.go:364.10,366.5 1 2
github.com/mrz1836/go-coverage/internal/analysis/comparison.go:369.3,375.36 4 8
github.com/mrz1836/go-coverage/internal/analysis/comparison.go:379.2,379.42 1 3
github.com/mrz1836/go-coverage/internal/analysis/comparison.go:379.42,380.59 1 9
github.com/mrz1836/go-coverage/internal/analysis/comparison.go:380.59,382.4 1 5
github.com/mrz1836/go-coverage/internal/analysis/comparison.go:383.3,383.87 1 4
github.com/mrz1836/go-coverage/internal/analysis/comparison.go:387.2,387.47 1 3
github.com/mrz1836/go-coverage/internal/analysis/comparison.go:387.47,389.3 1 0
github.com/mrz1836/go-coverage/internal/analysis/comparison.go:391.2,391.16 1 3
github.com/mrz1836/go-coverage/internal/analysis/comparison.go:395.102,400.57 3 2
github.com/mrz1836/go-coverage/internal/analysis/comparison.go:400.57,402.3 1 4
github.com/mrz1836/go-coverage/internal/analysis/comparison.go:404.2,405.55 2 2
github.com/mrz1836/go-coverage/internal/analysis/comparison.go:405.55,407.3 1 4
github.com/mrz1836/go-coverage/internal/analysis/comparison.go:410.2,411.40 2 2
github.com/mrz1836/go-coverage/internal/analysis/comparison.go:411.40,413.3 1 4
github.com/mrz1836/go-coverage/internal/analysis/comparison.go:414.2,414.38 1 2
github.com/mrz1836/go-coverage/internal/analysis/comparison.go:414.38,416.3 1 4
github.com/mrz1836/go-coverage/internal/analysis/comparison.go:418.2,418.39 1 2
github.com/mrz1836/go-coverage/internal/analysis/comparison.go:418.39,422.35 3 5
github.com/mrz1836/go-coverage/internal/analysis/comparison.go:422.35,423.12 1 2
github.com/mrz1836/go-coverage/internal/analysis/comparison.go:426.3,429.29 3 3
github.com/mrz1836/go-coverage/internal/analysis/comparison.go:429.29,431.4 1 2
github.com/mrz1836/go-coverage/internal/analysis/comparison.go:431.9,431.37 1 1
github.com/mrz1836/go-coverage/internal/analysis/comparison.go:431.37,433.4 1 1
github.com/mrz1836/go-coverage/internal/analysis/comparison.go:435.3,447.36 3 3
github.com/mrz1836/go-coverage/internal/analysis/comparison.go:451.2,451.42 1 2
github.com/mrz1836/go-coverage/internal/analysis/comparison.go:451.42,452.59 1 1
github.com/mrz1836/go-coverage/internal/analysis/comparison.go:452.59,454.4 1 0
github.com/mrz1836/go-coverage/internal/analysis/comparison.go:455.3,455.87 1 1
github.com/mrz1836/go-coverage/internal/analysis/comparison.go:458.2,458.16 1 2
github.com/mrz1836/go-coverage/internal/analysis/comparison.go:462.84,471.28 4 2
github.com/mrz1836/go-coverage/internal/analysis/comparison.go:471.28,474.3 2 2
github.com/mrz1836/go-coverage/internal/analysis/comparison.go:474.8,474.36 1 0
github.com/mrz1836/go-coverage/internal/analysis/comparison.go:474.36,477.3 2 0
github.com/mrz1836/go-coverage/internal/analysis/comparison.go:479.2,502.3 4 2
github.com/mrz1836/go-coverage/internal/analysis/comparison.go:506.166,536.2 8 2
github.com/mrz1836/go-coverage/internal/analysis/comparison.go:539.95,545.53 3 2
github.com/mrz1836/go-coverage/internal/analysis/comparison.go:545.53,559.3 1 1
github.com/mrz1836/go-coverage/internal/analysis/comparison.go:562.2,563.48 2 2
github.com/mrz1836/go-coverage/internal/analysis/comparison.go:563.48,564.32 1 6
github.com/mrz1836/go-coverage/internal/analysis/comparison.go:564.32,566.4 1 2
github.com/mrz1836/go-coverage/internal/analysis/comparison.go:569.2,569.23 1 2
github.com/mrz1836/go-coverage/internal/analysis/comparison.go:569.23,583.3 1 1
github.com/mrz1836/go-coverage/internal/analysis/comparison.go:586.2,586.95 1 2
github.com/mrz1836/go-coverage/internal/analysis/comparison.go:586.95,600.3 1 1
github.com/mrz1836/go-coverage/internal/analysis/comparison.go:602.2,602.24 1 2
github.com/mrz1836/go-coverage/internal/analysis/comparison.go:606.88,614.40 6 2
github.com/mrz1836/go-coverage/internal/analysis/comparison.go:614.40,615.41 1 2
github.com/mrz1836/go-coverage/internal/analysis/comparison.go:616.26,617.30 1 2
github.com/mrz1836/go-coverage/internal/analysis/comparison.go:618.26,619.30 1 0
github.com/mrz1836/go-coverage/internal/analysis/comparison.go:624.2,624.40 1 2
github.com/mrz1836/go-coverage/internal/analysis/comparison.go:624.40,627.3 1 2
github.com/mrz1836/go-coverage/internal/analysis/comparison.go:629.2,630.48 2 2
github.com/mrz1836/go-coverage/internal/analysis/comparison.go:630.48,631.31 1 6
github.com/mrz1836/go-coverage/internal/analysis/comparison.go:631.31,633.4 1 4
github.com/mrz1836/go-coverage/internal/analysis/comparison.go:636.2,636.32 1 2
github.com/mrz1836/go-coverage/internal/analysis/comparison.go:636.32,638.3 1 2
github.com/mrz1836/go-coverage/internal/analysis/comparison.go:641.2,642.53 2 2
github.com/mrz1836/go-coverage/internal/analysis/comparison.go:642.53,644.3 1 0
github.com/mrz1836/go-coverage/internal/analysis/comparison.go:646.2,646.95 1 2
github.com/mrz1836/go-coverage/internal/analysis/comparison.go:646.95,648.3 1 0
github.com/mrz1836/go-coverage/internal/analysis/comparison.go:651.2,651.53 1 2
github.com/mrz1836/go-coverage/internal/analysis/comparison.go:651.53,653.3 1 0
github.com/mrz1836/go-coverage/internal/analysis/comparison.go:655.2,655.95 1 2
github.com/mrz1836/go-coverage/internal/analysis/comparison.go:655.95,657.3 1 2
github.com/mrz1836/go-coverage/internal/analysis/comparison.go:660.2,660.45 1 2
github.com/mrz1836/go-coverage/internal/analysis/comparison.go:660.45,661.29 1 2
github.com/mrz1836/go-coverage/internal/analysis/comparison.go:661.29,663.4 1 1
github.com/mrz1836/go-coverage/internal/analysis/comparison.go:666.2,672.3 1 2
github.com/mrz1836/go-coverage/internal/analysis/comparison.go:676.112,678.16 2 3
github.com/mrz1836/go-coverage/internal/analysis/comparison.go:678.16,680.3 1 1
github.com/mrz1836/go-coverage/internal/analysis/comparison.go:681.2,681.15 1 2
github.com/mrz1836/go-coverage/internal/analysis/comparison.go:681.15,681.35 1 2
github.com/mrz1836/go-coverage/internal/analysis/comparison.go:683.2,684.16 2 2
github.com/mrz1836/go-coverage/internal/analysis/comparison.go:684.16,686.3 1 0
github.com/mrz1836/go-coverage/internal/analysis/comparison.go:688.2,689.56 2 2
github.com/mrz1836/go-coverage/internal/analysis/comparison.go:689.56,691.3 1 1
github.com/mrz1836/go-coverage/internal/analysis/comparison.go:693.2,693.23 1 1
github.com/mrz1836/go-coverage/internal/analysis/comparison.go:697.117,699.16 2 1
github.com/mrz1836/go-coverage/internal/analysis/comparison.go:699.16,701.3 1 0
github.com/mrz1836/go-coverage/internal/analysis/comparison.go:704.2,705.48 2 1
github.com/mrz1836/go-coverage/internal/analysis/comparison.go:705.48,707.3 1 0
github.com/mrz1836/go-coverage/internal/analysis/comparison.go:709.2,709.60 1 1
github.com/mrz1836/go-coverage/internal/analysis/comparison.go:709.60,711.3 1 0
github.com/mrz1836/go-coverage/internal/analysis/comparison.go:713.2,713.12 1 1
github.com/mrz1836/go-coverage/internal/analysis/comparison.go:718.70,719.19 1 17
github.com/mrz1836/go-coverage/internal/analysis/comparison.go:719.19,721.3 1 10
github.com/mrz1836/go-coverage/internal/analysis/comparison.go:721.8,721.26 1 7
github.com/mrz1836/go-coverage/internal/analysis/comparison.go:721.26,723.3 1 1
github.com/mrz1836/go-coverage/internal/analysis/comparison.go:723.8,723.26 1 6
github.com/mrz1836/go-coverage/internal/analysis/comparison.go:723.26,725.3 1 2
github.com/mrz1836/go-coverage/internal/analysis/comparison.go:726.2,726.21 1 4
github.com/mrz1836/go-coverage/internal/analysis/comparison.go:729.76,730.71 1 12
github.com/mrz1836/go-coverage/internal/analysis/comparison.go:730.71,732.3 1 1
github.com/mrz1836/go-coverage/internal/analysis/comparison.go:732.8,732.79 1 11
github.com/mrz1836/go-coverage/internal/analysis/comparison.go:732.79,734.3 1 5
github.com/mrz1836/go-coverage/internal/analysis/comparison.go:735.2,735.14 1 6
github.com/mrz1836/go-coverage/internal/analysis/comparison.go:738.76,739.20 1 9
github.com/mrz1836/go-coverage/internal/analysis/comparison.go:739.20,741.3 1 1
github.com/mrz1836/go-coverage/internal/analysis/comparison.go:741.8,741.27 1 8
github.com/mrz1836/go-coverage/internal/analysis/comparison.go:741.27,743.3 1 1
github.com/mrz1836/go-coverage/internal/analysis/comparison.go:743.8,743.27 1 7
github.com/mrz1836/go-coverage/internal/analysis/comparison.go:743.27,745.3 1 3
github.com/mrz1836/go-coverage/internal/analysis/comparison.go:745.8,745.27 1 4
github.com/mrz1836/go-coverage/internal/analysis/comparison.go:745.27,747.3 1 1
github.com/mrz1836/go-coverage/internal/analysis/comparison.go:747.8,747.27 1 3
github.com/mrz1836/go-coverage/internal/analysis/comparison.go:747.27,749.3 1 1
github.com/mrz1836/go-coverage/internal/analysis/comparison.go:749.8,749.27 1 2
github.com/mrz1836/go-coverage/internal/analysis/comparison.go:749.27,751.3 1 1
github.com/mrz1836/go-coverage/internal/analysis/comparison.go:752.2,752.12 1 1
github.com/mrz1836/go-coverage/internal/analysis/comparison.go:755.86,756.67 1 7
github.com/mrz1836/go-coverage/internal/analysis/comparison.go:756.67,758.3 1 3
github.com/mrz1836/go-coverage/internal/analysis/comparison.go:758.8,758.50 1 4
github.com/mrz1836/go-coverage/internal/analysis/comparison.go:758.50,760.3 1 1
github.com/mrz1836/go-coverage/internal/analysis/comparison.go:760.8,760.48 1 3
github.com/mrz1836/go-coverage/internal/analysis/comparison.go:760.48,762.3 1 1
github.com/mrz1836/go-coverage/internal/analysis/comparison.go:762.8,762.75 1 2
github.com/mrz1836/go-coverage/internal/analysis/comparison.go:762.75,764.3 1 1
github.com/mrz1836/go-coverage/internal/analysis/comparison.go:765.2,765.12 1 1
github.com/mrz1836/go-coverage/internal/analysis/comparison.go:768.82,772.2 1 2
github.com/mrz1836/go-coverage/internal/analysis/comparison.go:774.137,777.19 2 6
github.com/mrz1836/go-coverage/internal/analysis/comparison.go:777.19,779.3 1 1
github.com/mrz1836/go-coverage/internal/analysis/comparison.go:779.8,779.26 1 5
github.com/mrz1836/go-coverage/internal/analysis/comparison.go:779.26,781.3 1 1
github.com/mrz1836/go-coverage/internal/analysis/comparison.go:781.8,781.26 1 4
github.com/mrz1836/go-coverage/internal/analysis/comparison.go:781.26,783.3 1 1
github.com/mrz1836/go-coverage/internal/analysis/comparison.go:785.2,785.67 1 6
github.com/mrz1836/go-coverage/internal/analysis/comparison.go:785.67,787.3 1 2
github.com/mrz1836/go-coverage/internal/analysis/comparison.go:789.2,790.41 2 6
github.com/mrz1836/go-coverage/internal/analysis/comparison.go:790.41,791.32 1 16
github.com/mrz1836/go-coverage/internal/analysis/comparison.go:791.32,793.4 1 9
github.com/mrz1836/go-coverage/internal/analysis/comparison.go:796.2,796.23 1 6
github.com/mrz1836/go-coverage/internal/analysis/comparison.go:796.23,798.3 1 1
github.com/mrz1836/go-coverage/internal/analysis/comparison.go:798.8,798.30 1 5
github.com/mrz1836/go-coverage/internal/analysis/comparison.go:798.30,800.3 1 0
github.com/mrz1836/go-coverage/internal/analysis/comparison.go:802.2,802.20 1 6
github.com/mrz1836/go-coverage/internal/analysis/comparison.go:802.20,804.3 1 1
github.com/mrz1836/go-coverage/internal/analysis/comparison.go:804.8,804.27 1 5
github.com/mrz1836/go-coverage/internal/analysis/comparison.go:804.27,806.3 1 1
github.com/mrz1836/go-coverage/internal/analysis/comparison.go:806.8,806.27 1 4
github.com/mrz1836/go-coverage/internal/analysis/comparison.go:806.27,808.3 1 1
github.com/mrz1836/go-coverage/internal/analysis/comparison.go:809.2,809.14 1 3
github.com/mrz1836/go-coverage/internal/analysis/comparison.go:812.107,816.67 2 6
github.com/mrz1836/go-coverage/internal/analysis/comparison.go:816.67,818.3 1 4
github.com/mrz1836/go-coverage/internal/analysis/comparison.go:818.8,818.74 1 2
github.com/mrz1836/go-coverage/internal/analysis/comparison.go:818.74,820.3 1 2
github.com/mrz1836/go-coverage/internal/analysis/comparison.go:823.2,823.17 1 6
github.com/mrz1836/go-coverage/internal/analysis/comparison.go:823.17,825.3 1 1
github.com/mrz1836/go-coverage/internal/analysis/comparison.go:825.8,825.22 1 5
github.com/mrz1836/go-coverage/internal/analysis/comparison.go:825.22,827.3 1 1
github.com/mrz1836/go-coverage/internal/analysis/comparison.go:829.2,829.14 1 6
github.com/mrz1836/go-coverage/internal/analysis/comparison.go:832.163,837.53 3 2
github.com/mrz1836/go-coverage/internal/analysis/comparison.go:837.53,839.3 1 0
github.com/mrz1836/go-coverage/internal/analysis/comparison.go:841.2,841.43 1 2
github.com/mrz1836/go-coverage/internal/analysis/comparison.go:841.43,843.3 1 2
github.com/mrz1836/go-coverage/internal/analysis/comparison.go:845.2,846.41 2 2
github.com/mrz1836/go-coverage/internal/analysis/comparison.go:846.41,847.36 1 6
github.com/mrz1836/go-coverage/internal/analysis/comparison.go:847.36,849.4 1 4
github.com/mrz1836/go-coverage/internal/analysis/comparison.go:852.2,852.36 1 2
github.com/mrz1836/go-coverage/internal/analysis/comparison.go:852.36,854.3 1 2
github.com/mrz1836/go-coverage/internal/analysis/comparison.go:857.2,857.53 1 2
github.com/mrz1836/go-coverage/internal/analysis/comparison.go:857.53,859.3 1 0
github.com/mrz1836/go-coverage/internal/analysis/comparison.go:861.2,861.67 1 2
github.com/mrz1836/go-coverage/internal/analysis/comparison.go:861.67,863.3 1 0
github.com/mrz1836/go-coverage/internal/analysis/comparison.go:865.2,866.41 2 2
github.com/mrz1836/go-coverage/internal/analysis/comparison.go:866.41,867.35 1 6
github.com/mrz1836/go-coverage/internal/analysis/comparison.go:867.35,869.4 1 1
github.com/mrz1836/go-coverage/internal/analysis/comparison.go:872.2,872.19 1 2
github.com/mrz1836/go-coverage/internal/analysis/comparison.go:872.19,874.3 1 1
github.com/mrz1836/go-coverage/internal/analysis/comparison.go:876.2,876.30 1 2
github.com/mrz1836/go-coverage/internal/analysis/comparison.go:879.61,883.2 1 8
github.com/mrz1836/go-coverage/cmd/go-coverage/main.go:20.31,24.59 2 2
github.com/mrz1836/go-coverage/cmd/go-coverage/main.go:24.59,26.3 1 0
github.com/mrz1836/go-coverage/cmd/go-coverage/main.go:28.2,32.3 1 2
github.com/mrz1836/go-coverage/cmd/go-coverage/main.go:35.13,37.2 1 2
github.com/mrz1836/go-coverage/cmd/go-coverage/main.go:41.16,56.43 4 2
github.com/mrz1836/go-coverage/cmd/go-coverage/main.go:56.43,59.3 2 1
github.com/mrz1836/go-coverage/cmd/go-coverage/main.go:60.2,60.10 1 1
github.com/mrz1836/go-coverage/cmd/go-coverage/version.go:35.36,36.24 1 35
github.com/mrz1836/go-coverage/cmd/go-coverage/version.go:36.24,42.3 1 3
github.com/mrz1836/go-coverage/cmd/go-coverage/version.go:43.2,43.24 1 35
github.com/mrz1836/go-coverage/cmd/go-coverage/version.go:47.26,51.59 2 11
github.com/mrz1836/go-coverage/cmd/go-coverage/version.go:51.59,53.3 1 9
github.com/mrz1836/go-coverage/cmd/go-coverage/version.go:56.2,56.48 1 2
github.com/mrz1836/go-coverage/cmd/go-coverage/version.go:56.48,58.74 1 2
github.com/mrz1836/go-coverage/cmd/go-coverage/version.go:58.74,64.4 3 0
github.com/mrz1836/go-coverage/cmd/go-coverage/version.go:67.3,67.46 1 2
github.com/mrz1836/go-coverage/cmd/go-coverage/version.go:67.46,68.60 1 24
github.com/mrz1836/go-coverage/cmd/go-coverage/version.go:68.60,70.31 1 0
github.com/mrz1836/go-coverage/cmd/go-coverage/version.go:70.31,72.6 1 0
github.com/mrz1836/go-coverage/cmd/go-coverage/version.go:73.5,73.25 1 0
github.com/mrz1836/go-coverage/cmd/go-coverage/version.go:79.2,79.14 1 2
github.com/mrz1836/go-coverage/cmd/go-coverage/version.go:83.25,87.82 2 11
github.com/mrz1836/go-coverage/cmd/go-coverage/version.go:87.82,89.3 1 1
github.com/mrz1836/go-coverage/cmd/go-coverage/version.go:92.2,92.48 1 10
github.com/mrz1836/go-coverage/cmd/go-coverage/version.go:92.48,93.46 1 10
github.com/mrz1836/go-coverage/cmd/go-coverage/version.go:93.46,94.60 1 120
github.com/mrz1836/go-coverage/cmd/go-coverage/version.go:94.60,96.5 1 0
github.com/mrz1836/go-coverage/cmd/go-coverage/version.go:100.2,100.15 1 10
github.com/mrz1836/go-coverage/cmd/go-coverage/version.go:104.28,108.94 2 11
github.com/mrz1836/go-coverage/cmd/go-coverage/version.go:108.94,110.3 1 1
github.com/mrz1836/go-coverage/cmd/go-coverage/version.go:113.2,113.48 1 10
github.com/mrz1836/go-coverage/cmd/go-coverage/version.go:113.48,114.46 1 10
github.com/mrz1836/go-coverage/cmd/go-coverage/version.go:114.46,115.56 1 120
github.com/mrz1836/go-coverage/cmd/go-coverage/version.go:115.56,117.5 1 0
github.com/mrz1836/go-coverage/cmd/go-coverage/version.go:121.2,121.18 1 10
github.com/mrz1836/go-coverage/cmd/go-coverage/version.go:125.24,126.43 1 6
github.com/mrz1836/go-coverage/cmd/go-coverage/version.go:126.43,127.41 1 6
github.com/mrz1836/go-coverage/cmd/go-coverage/version.go:127.41,128.37 1 72
github.com/mrz1836/go-coverage/cmd/go-coverage/version.go:128.37,130.5 1 0
github.com/mrz1836/go-coverage/cmd/go-coverage/version.go:133.2,133.14 1 6
github.com/mrz1836/go-coverage/cmd/go-coverage/version.go:137.38,139.2 1 35
github.com/mrz1836/go-coverage/internal/analytics/assets/assets.go:21.43,24.54 2 254
github.com/mrz1836/go-coverage/internal/analytics/assets/assets.go:24.54,26.3 1 2
github.com/mrz1836/go-coverage/internal/analytics/assets/assets.go:29.2,29.79 1 252
github.com/mrz1836/go-coverage/internal/analytics/assets/assets.go:29.79,30.17 1 3024
github.com/mrz1836/go-coverage/internal/analytics/assets/assets.go:30.17,32.4 1 0
github.com/mrz1836/go-coverage/internal/analytics/assets/assets.go:35.3,35.18 1 3024
github.com/mrz1836/go-coverage/internal/analytics/assets/assets.go:35.18,37.4 1 252
github.com/mrz1836/go-coverage/internal/analytics/assets/assets.go:40.3,43.16 2 2772
github.com/mrz1836/go-coverage/internal/analytics/assets/assets.go:43.16,45.4 1 756
github.com/mrz1836/go-coverage/internal/analytics/assets/assets.go:48.3,49.17 2 2016
github.com/mrz1836/go-coverage/internal/analytics/assets/assets.go:49.17,51.4 1 0
github.com/mrz1836/go-coverage/internal/analytics/assets/assets.go:54.3,54.70 1 2016
github.com/mrz1836/go-coverage/internal/analytics/assets/assets.go:54.70,56.4 1 0
github.com/mrz1836/go-coverage/internal/analytics/assets/assets.go:59.3,59.63 1 2016
github.com/mrz1836/go-coverage/internal/analytics/assets/assets.go:59.63,61.4 1 0
github.com/mrz1836/go-coverage/internal/analytics/assets/assets.go:63.3,63.13 1 2016
github.com/mrz1836/go-coverage/internal/analytics/assets/assets.go:68.44,70.16 2 275
github.com/mrz1836/go-coverage/internal/analytics/assets/assets.go:70.16,72.3 1 2
github.com/mrz1836/go-coverage/internal/analytics/assets/assets.go:73.2,73.18 1 273
github.com/mrz1836/go-coverage/internal/analytics/assets/assets.go:77.36,80.2 2 265
github.com/mrz1836/go-coverage/internal/analytics/assets/assets.go:83.37,85.79 2 253
github.com/mrz1836/go-coverage/internal/analytics/assets/assets.go:85.79,86.17 1 3036
github.com/mrz1836/go-coverage/internal/analytics/assets/assets.go:86.17,88.4 1 0
github.com/mrz1836/go-coverage/internal/analytics/assets/assets.go:89.3,89.32 1 3036
github.com/mrz1836/go-coverage/internal/analytics/assets/assets.go:89.32,91.4 1 2024
github.com/mrz1836/go-coverage/internal/analytics/assets/assets.go:92.3,92.13 1 3036
github.com/mrz1836/go-coverage/internal/analytics/assets/assets.go:94.2,94.16 1 253
github.com/mrz1836/go-coverage/internal/analytics/assets/assets.go:94.16,96.3 1 0
github.com/mrz1836/go-coverage/internal/analytics/assets/assets.go:97.2,97.20 1 253
github.com/mrz1836/go-coverage/internal/analytics/dashboard/generator.go:24.43,26.24 2 52
github.com/mrz1836/go-coverage/internal/analytics/dashboard/generator.go:26.24,28.3 1 50
github.com/mrz1836/go-coverage/internal/analytics/dashboard/generator.go:30.2,31.34 2 52
github.com/mrz1836/go-coverage/internal/analytics/dashboard/generator.go:31.34,32.46 1 98
github.com/mrz1836/go-coverage/internal/analytics/dashboard/generator.go:32.46,34.4 1 22
github.com/mrz1836/go-coverage/internal/analytics/dashboard/generator.go:37.2,37.14 1 30
github.com/mrz1836/go-coverage/internal/analytics/dashboard/generator.go:70.55,72.30 2 27
github.com/mrz1836/go-coverage/internal/analytics/dashboard/generator.go:72.30,74.3 1 1
github.com/mrz1836/go-coverage/internal/analytics/dashboard/generator.go:76.2,80.3 1 27
github.com/mrz1836/go-coverage/internal/analytics/dashboard/generator.go:84.77,86.63 1 6
github.com/mrz1836/go-coverage/internal/analytics/dashboard/generator.go:86.63,88.3 1 1
github.com/mrz1836/go-coverage/internal/analytics/dashboard/generator.go:91.2,92.16 2 5
github.com/mrz1836/go-coverage/internal/analytics/dashboard/generator.go:92.16,94.3 1 0
github.com/mrz1836/go-coverage/internal/analytics/dashboard/generator.go:97.2,98.82 2 5
github.com/mrz1836/go-coverage/internal/analytics/dashboard/generator.go:98.82,100.3 1 1
github.com/mrz1836/go-coverage/internal/analytics/dashboard/generator.go:103.2,103.54 1 4
github.com/mrz1836/go-coverage/internal/analytics/dashboard/generator.go:103.54,105.3 1 0
github.com/mrz1836/go-coverage/internal/analytics/dashboard/generator.go:108.2,108.42 1 4
github.com/mrz1836/go-coverage/internal/analytics/dashboard/generator.go:108.42,110.3 1 0
github.com/mrz1836/go-coverage/internal/analytics/dashboard/generator.go:112.2,112.12 1 4
github.com/mrz1836/go-coverage/internal/analytics/dashboard/generator.go:116.100,125.16 4 6
github.com/mrz1836/go-coverage/internal/analytics/dashboard/generator.go:125.16,127.3 1 0
github.com/mrz1836/go-coverage/internal/analytics/dashboard/generator.go:129.2,129.18 1 6
github.com/mrz1836/go-coverage/internal/analytics/dashboard/generator.go:133.64,136.16 3 49
github.com/mrz1836/go-coverage/internal/analytics/dashboard/generator.go:136.16,138.3 1 1
github.com/mrz1836/go-coverage/internal/analytics/dashboard/generator.go:140.2,141.38 2 48
github.com/mrz1836/go-coverage/internal/analytics/dashboard/generator.go:145.59,148.76 2 59
github.com/mrz1836/go-coverage/internal/analytics/dashboard/generator.go:148.76,160.3 4 3
github.com/mrz1836/go-coverage/internal/analytics/dashboard/generator.go:163.2,164.16 2 56
github.com/mrz1836/go-coverage/internal/analytics/dashboard/generator.go:164.16,166.3 1 1
github.com/mrz1836/go-coverage/internal/analytics/dashboard/generator.go:169.2,173.20 4 55
github.com/mrz1836/go-coverage/internal/analytics/dashboard/generator.go:173.20,175.3 1 4
github.com/mrz1836/go-coverage/internal/analytics/dashboard/generator.go:177.2,186.3 3 51
github.com/mrz1836/go-coverage/internal/analytics/dashboard/generator.go:190.50,194.16 3 24
github.com/mrz1836/go-coverage/internal/analytics/dashboard/generator.go:194.16,197.3 1 24
github.com/mrz1836/go-coverage/internal/analytics/dashboard/generator.go:198.2,198.42 1 0
github.com/mrz1836/go-coverage/internal/analytics/dashboard/generator.go:202.105,216.41 8 22
github.com/mrz1836/go-coverage/internal/analytics/dashboard/generator.go:216.41,219.39 3 4
github.com/mrz1836/go-coverage/internal/analytics/dashboard/generator.go:219.39,221.4 1 2
github.com/mrz1836/go-coverage/internal/analytics/dashboard/generator.go:221.9,223.4 1 2
github.com/mrz1836/go-coverage/internal/analytics/dashboard/generator.go:227.2,235.21 5 22
github.com/mrz1836/go-coverage/internal/analytics/dashboard/generator.go:235.21,238.24 3 22
github.com/mrz1836/go-coverage/internal/analytics/dashboard/generator.go:238.24,240.4 1 15
github.com/mrz1836/go-coverage/internal/analytics/dashboard/generator.go:244.2,245.74 2 22
github.com/mrz1836/go-coverage/internal/analytics/dashboard/generator.go:245.74,247.3 1 18
github.com/mrz1836/go-coverage/internal/analytics/dashboard/generator.go:250.2,251.49 2 22
github.com/mrz1836/go-coverage/internal/analytics/dashboard/generator.go:251.49,253.3 1 8
github.com/mrz1836/go-coverage/internal/analytics/dashboard/generator.go:253.8,253.82 1 14
github.com/mrz1836/go-coverage/internal/analytics/dashboard/generator.go:253.82,256.3 1 0
github.com/mrz1836/go-coverage/internal/analytics/dashboard/generator.go:259.2,261.27 3 22
github.com/mrz1836/go-coverage/internal/analytics/dashboard/generator.go:261.27,263.3 1 22
github.com/mrz1836/go-coverage/internal/analytics/dashboard/generator.go:264.2,264.46 1 22
github.com/mrz1836/go-coverage/internal/analytics/dashboard/generator.go:264.46,266.3 1 16
github.com/mrz1836/go-coverage/internal/analytics/dashboard/generator.go:266.8,266.79 1 6
github.com/mrz1836/go-coverage/internal/analytics/dashboard/generator.go:266.79,269.3 1 0
github.com/mrz1836/go-coverage/internal/analytics/dashboard/generator.go:272.2,273.74 2 22
github.com/mrz1836/go-coverage/internal/analytics/dashboard/generator.go:273.74,275.3 1 6
github.com/mrz1836/go-coverage/internal/analytics/dashboard/generator.go:278.2,279.25 2 22
github.com/mrz1836/go-coverage/internal/analytics/dashboard/generator.go:279.25,281.52 1 6
github.com/mrz1836/go-coverage/internal/analytics/dashboard/generator.go:281.52,283.4 1 6
github.com/mrz1836/go-coverage/internal/analytics/dashboard/generator.go:283.9,283.34 1 0
github.com/mrz1836/go-coverage/internal/analytics/dashboard/generator.go:283.34,285.4 1 0
github.com/mrz1836/go-coverage/internal/analytics/dashboard/generator.go:285.9,287.4 1 0
github.com/mrz1836/go-coverage/internal/analytics/dashboard/generator.go:288.8,290.52 1 16
github.com/mrz1836/go-coverage/internal/analytics/dashboard/generator.go:290.52,292.4 1 16
github.com/mrz1836/go-coverage/internal/analytics/dashboard/generator.go:292.9,292.34 1 0
github.com/mrz1836/go-coverage/internal/analytics/dashboard/generator.go:292.34,294.4 1 0
github.com/mrz1836/go-coverage/internal/analytics/dashboard/generator.go:299.2,306.16 4 22
github.com/mrz1836/go-coverage/internal/analytics/dashboard/generator.go:306.16,308.3 1 0
github.com/mrz1836/go-coverage/internal/analytics/dashboard/generator.go:310.2,359.3 1 22
github.com/mrz1836/go-coverage/internal/analytics/dashboard/generator.go:363.56,364.18 1 25
github.com/mrz1836/go-coverage/internal/analytics/dashboard/generator.go:364.18,366.3 1 5
github.com/mrz1836/go-coverage/internal/analytics/dashboard/generator.go:367.2,367.12 1 20
github.com/mrz1836/go-coverage/internal/analytics/dashboard/generator.go:371.105,379.21 4 25
github.com/mrz1836/go-coverage/internal/analytics/dashboard/generator.go:379.21,382.3 2 25
github.com/mrz1836/go-coverage/internal/analytics/dashboard/generator.go:385.2,386.72 2 25
github.com/mrz1836/go-coverage/internal/analytics/dashboard/generator.go:386.72,389.3 1 18
github.com/mrz1836/go-coverage/internal/analytics/dashboard/generator.go:393.2,403.17 2 25
github.com/mrz1836/go-coverage/internal/analytics/dashboard/generator.go:407.59,410.2 2 33
github.com/mrz1836/go-coverage/internal/analytics/dashboard/generator.go:413.93,415.31 2 25
github.com/mrz1836/go-coverage/internal/analytics/dashboard/generator.go:415.31,418.34 2 5
github.com/mrz1836/go-coverage/internal/analytics/dashboard/generator.go:418.34,424.4 1 2
github.com/mrz1836/go-coverage/internal/analytics/dashboard/generator.go:426.3,435.5 1 5
github.com/mrz1836/go-coverage/internal/analytics/dashboard/generator.go:437.2,437.15 1 25
github.com/mrz1836/go-coverage/internal/analytics/dashboard/generator.go:441.74,442.23 1 26
github.com/mrz1836/go-coverage/internal/analytics/dashboard/generator.go:442.23,444.3 1 20
github.com/mrz1836/go-coverage/internal/analytics/dashboard/generator.go:446.2,447.16 2 6
github.com/mrz1836/go-coverage/internal/analytics/dashboard/generator.go:447.16,449.3 1 0
github.com/mrz1836/go-coverage/internal/analytics/dashboard/generator.go:450.2,450.21 1 6
github.com/mrz1836/go-coverage/internal/analytics/dashboard/generator.go:454.90,455.24 1 8
github.com/mrz1836/go-coverage/internal/analytics/dashboard/generator.go:455.24,457.3 1 1
github.com/mrz1836/go-coverage/internal/analytics/dashboard/generator.go:459.2,460.50 2 7
github.com/mrz1836/go-coverage/internal/analytics/dashboard/generator.go:460.50,462.3 1 6
github.com/mrz1836/go-coverage/internal/analytics/dashboard/generator.go:462.8,464.3 1 1
github.com/mrz1836/go-coverage/internal/analytics/dashboard/generator.go:466.2,469.28 2 7
github.com/mrz1836/go-coverage/internal/analytics/dashboard/generator.go:469.28,471.3 1 2
github.com/mrz1836/go-coverage/internal/analytics/dashboard/generator.go:472.2,472.26 1 5
github.com/mrz1836/go-coverage/internal/analytics/dashboard/generator.go:472.26,474.3 1 3
github.com/mrz1836/go-coverage/internal/analytics/dashboard/generator.go:475.2,475.82 1 2
github.com/mrz1836/go-coverage/internal/analytics/dashboard/generator.go:479.83,482.52 2 7
github.com/mrz1836/go-coverage/internal/analytics/dashboard/generator.go:482.52,484.3 1 1
github.com/mrz1836/go-coverage/internal/analytics/dashboard/generator.go:487.2,488.16 2 6
github.com/mrz1836/go-coverage/internal/analytics/dashboard/generator.go:488.16,490.3 1 0
github.com/mrz1836/go-coverage/internal/analytics/dashboard/generator.go:493.2,494.78 2 6
github.com/mrz1836/go-coverage/internal/analytics/dashboard/generator.go:494.78,496.3 1 0
github.com/mrz1836/go-coverage/internal/analytics/dashboard/generator.go:499.2,507.16 3 6
github.com/mrz1836/go-coverage/internal/analytics/dashboard/generator.go:507.16,509.3 1 0
github.com/mrz1836/go-coverage/internal/analytics/dashboard/generator.go:511.2,512.82 2 6
github.com/mrz1836/go-coverage/internal/analytics/dashboard/generator.go:512.82,514.3 1 0
github.com/mrz1836/go-coverage/internal/analytics/dashboard/generator.go:520.2,520.12 1 6
github.com/mrz1836/go-coverage/internal/analytics/dashboard/generator.go:524.57,527.2 1 5
github.com/mrz1836/go-coverage/internal/analytics/dashboard/generator.go:535.48,539.2 1 31
github.com/mrz1836/go-coverage/internal/analytics/dashboard/generator.go:542.100,545.37 1 10
github.com/mrz1836/go-coverage/internal/analytics/dashboard/generator.go:545.37,547.4 1 0
github.com/mrz1836/go-coverage/internal/analytics/dashboard/generator.go:553.2,556.49 3 10
github.com/mrz1836/go-coverage/internal/analytics/dashboard/generator.go:556.49,558.3 1 1
github.com/mrz1836/go-coverage/internal/analytics/dashboard/generator.go:560.2,560.26 1 9
github.com/mrz1836/go-coverage/internal/analytics/dashboard/template.go:8.36,299.2 1 10
github.com/mrz1836/go-coverage/internal/analytics/history/analyzer.go:300.62,301.19 1 41
github.com/mrz1836/go-coverage/internal/analytics/history/analyzer.go:301.19,317.3 1 2
github.com/mrz1836/go-coverage/internal/analytics/history/analyzer.go:319.2,322.3 1 41
github.com/mrz1836/go-coverage/internal/analytics/history/analyzer.go:326.127,332.16 2 1
github.com/mrz1836/go-coverage/internal/analytics/history/analyzer.go:332.16,334.3 1 0
github.com/mrz1836/go-coverage/internal/analytics/history/analyzer.go:337.2,337.30 1 0
github.com/mrz1836/go-coverage/internal/analytics/history/analyzer.go:337.30,340.3 2 0
github.com/mrz1836/go-coverage/internal/analytics/history/analyzer.go:342.2,343.42 2 0
github.com/mrz1836/go-coverage/internal/analytics/history/analyzer.go:343.42,351.3 2 0
github.com/mrz1836/go-coverage/internal/analytics/history/analyzer.go:354.2,354.42 1 0
github.com/mrz1836/go-coverage/internal/analytics/history/analyzer.go:354.42,356.3 1 0
github.com/mrz1836/go-coverage/internal/analytics/history/analyzer.go:358.2,358.12 1 0
github.com/mrz1836/go-coverage/internal/analytics/history/analyzer.go:362.73,367.42 3 25
github.com/mrz1836/go-coverage/internal/analytics/history/analyzer.go:367.42,369.3 1 109
github.com/mrz1836/go-coverage/internal/analytics/history/analyzer.go:373.81,374.44 1 10
github.com/mrz1836/go-coverage/internal/analytics/history/analyzer.go:374.44,377.3 1 2
github.com/mrz1836/go-coverage/internal/analytics/history/analyzer.go:380.2,387.22 3 8
github.com/mrz1836/go-coverage/internal/analytics/history/analyzer.go:387.22,389.3 1 8
github.com/mrz1836/go-coverage/internal/analytics/history/analyzer.go:392.2,404.16 7 8
github.com/mrz1836/go-coverage/internal/analytics/history/analyzer.go:404.16,406.3 1 0
github.com/mrz1836/go-coverage/internal/analytics/history/analyzer.go:407.2,419.20 6 8
github.com/mrz1836/go-coverage/internal/analytics/history/analyzer.go:423.43,424.23 1 8
github.com/mrz1836/go-coverage/internal/analytics/history/analyzer.go:424.23,426.3 1 0
github.com/mrz1836/go-coverage/internal/analytics/history/analyzer.go:429.2,429.32 1 8
github.com/mrz1836/go-coverage/internal/analytics/history/analyzer.go:429.32,431.3 1 8
github.com/mrz1836/go-coverage/internal/analytics/history/analyzer.go:434.2,434.21 1 8
github.com/mrz1836/go-coverage/internal/analytics/history/analyzer.go:438.43,439.22 1 11
github.com/mrz1836/go-coverage/internal/analytics/history/analyzer.go:439.22,441.3 1 0
github.com/mrz1836/go-coverage/internal/analytics/history/analyzer.go:444.2,445.32 2 11
github.com/mrz1836/go-coverage/internal/analytics/history/analyzer.go:445.32,447.3 1 69
github.com/mrz1836/go-coverage/internal/analytics/history/analyzer.go:448.2,451.32 3 11
github.com/mrz1836/go-coverage/internal/analytics/history/analyzer.go:451.32,454.3 2 69
github.com/mrz1836/go-coverage/internal/analytics/history/analyzer.go:455.2,459.25 3 11
github.com/mrz1836/go-coverage/internal/analytics/history/analyzer.go:459.25,462.3 2 69
github.com/mrz1836/go-coverage/internal/analytics/history/analyzer.go:466.43,467.23 1 11
github.com/mrz1836/go-coverage/internal/analytics/history/analyzer.go:467.23,469.3 1 0
github.com/mrz1836/go-coverage/internal/analytics/history/analyzer.go:472.2,476.36 3 11
github.com/mrz1836/go-coverage/internal/analytics/history/analyzer.go:476.36,477.27 1 55
github.com/mrz1836/go-coverage/internal/analytics/history/analyzer.go:477.27,480.4 1 0
github.com/mrz1836/go-coverage/internal/analytics/history/analyzer.go:480.9,482.4 1 55
github.com/mrz1836/go-coverage/internal/analytics/history/analyzer.go:487.57,488.23 1 10
github.com/mrz1836/go-coverage/internal/analytics/history/analyzer.go:488.23,490.3 1 1
github.com/mrz1836/go-coverage/internal/analytics/history/analyzer.go:492.2,494.22 3 9
github.com/mrz1836/go-coverage/internal/analytics/history/analyzer.go:494.22,496.3 1 9
github.com/mrz1836/go-coverage/internal/analytics/history/analyzer.go:498.2,500.19 3 9
github.com/mrz1836/go-coverage/internal/analytics/history/analyzer.go:500.19,502.3 1 9
github.com/mrz1836/go-coverage/internal/analytics/history/analyzer.go:504.2,517.3 4 9
github.com/mrz1836/go-coverage/internal/analytics/history/analyzer.go:521.84,526.32 3 26
github.com/mrz1836/go-coverage/internal/analytics/history/analyzer.go:526.32,527.36 1 151
github.com/mrz1836/go-coverage/internal/analytics/history/analyzer.go:527.36,529.4 1 151
github.com/mrz1836/go-coverage/internal/analytics/history/analyzer.go:532.2,532.25 1 26
github.com/mrz1836/go-coverage/internal/analytics/history/analyzer.go:532.25,534.3 1 1
github.com/mrz1836/go-coverage/internal/analytics/history/analyzer.go:537.2,544.39 5 25
github.com/mrz1836/go-coverage/internal/analytics/history/analyzer.go:544.39,548.27 3 125
github.com/mrz1836/go-coverage/internal/analytics/history/analyzer.go:548.27,550.4 1 25
github.com/mrz1836/go-coverage/internal/analytics/history/analyzer.go:551.3,551.27 1 125
github.com/mrz1836/go-coverage/internal/analytics/history/analyzer.go:551.27,553.4 1 0
github.com/mrz1836/go-coverage/internal/analytics/history/analyzer.go:556.2,557.22 2 25
github.com/mrz1836/go-coverage/internal/analytics/history/analyzer.go:557.22,559.34 2 25
github.com/mrz1836/go-coverage/internal/analytics/history/analyzer.go:559.34,561.4 1 125
github.com/mrz1836/go-coverage/internal/analytics/history/analyzer.go:562.3,562.46 1 25
github.com/mrz1836/go-coverage/internal/analytics/history/analyzer.go:565.2,582.3 4 25
github.com/mrz1836/go-coverage/internal/analytics/history/analyzer.go:586.97,587.19 1 95
github.com/mrz1836/go-coverage/internal/analytics/history/analyzer.go:587.19,589.3 1 1
github.com/mrz1836/go-coverage/internal/analytics/history/analyzer.go:591.2,594.29 3 94
github.com/mrz1836/go-coverage/internal/analytics/history/analyzer.go:594.29,603.3 7 413
github.com/mrz1836/go-coverage/internal/analytics/history/analyzer.go:606.2,607.22 2 94
github.com/mrz1836/go-coverage/internal/analytics/history/analyzer.go:607.22,609.3 1 0
github.com/mrz1836/go-coverage/internal/analytics/history/analyzer.go:611.2,617.29 4 94
github.com/mrz1836/go-coverage/internal/analytics/history/analyzer.go:617.29,624.3 5 413
github.com/mrz1836/go-coverage/internal/analytics/history/analyzer.go:626.2,627.14 2 94
github.com/mrz1836/go-coverage/internal/analytics/history/analyzer.go:627.14,629.3 1 93
github.com/mrz1836/go-coverage/internal/analytics/history/analyzer.go:631.2,631.24 1 94
github.com/mrz1836/go-coverage/internal/analytics/history/analyzer.go:635.65,636.22 1 19
github.com/mrz1836/go-coverage/internal/analytics/history/analyzer.go:636.22,638.3 1 0
github.com/mrz1836/go-coverage/internal/analytics/history/analyzer.go:641.2,642.36 2 19
github.com/mrz1836/go-coverage/internal/analytics/history/analyzer.go:642.36,645.3 2 98
github.com/mrz1836/go-coverage/internal/analytics/history/analyzer.go:648.2,649.33 2 19
github.com/mrz1836/go-coverage/internal/analytics/history/analyzer.go:649.33,651.3 1 98
github.com/mrz1836/go-coverage/internal/analytics/history/analyzer.go:652.2,656.33 3 19
github.com/mrz1836/go-coverage/internal/analytics/history/analyzer.go:656.33,659.3 2 98
github.com/mrz1836/go-coverage/internal/analytics/history/analyzer.go:660.2,667.21 4 19
github.com/mrz1836/go-coverage/internal/analytics/history/analyzer.go:667.21,669.3 1 18
github.com/mrz1836/go-coverage/internal/analytics/history/analyzer.go:672.2,673.33 2 19
github.com/mrz1836/go-coverage/internal/analytics/history/analyzer.go:673.33,674.25 1 98
github.com/mrz1836/go-coverage/internal/analytics/history/analyzer.go:674.25,676.4 1 23
github.com/mrz1836/go-coverage/internal/analytics/history/analyzer.go:680.2,681.44 2 19
github.com/mrz1836/go-coverage/internal/analytics/history/analyzer.go:681.44,683.3 1 1
github.com/mrz1836/go-coverage/internal/analytics/history/analyzer.go:683.8,683.53 1 18
github.com/mrz1836/go-coverage/internal/analytics/history/analyzer.go:683.53,685.3 1 0
github.com/mrz1836/go-coverage/internal/analytics/history/analyzer.go:688.2,698.3 2 19
github.com/mrz1836/go-coverage/internal/analytics/history/analyzer.go:702.75,703.22 1 10
github.com/mrz1836/go-coverage/internal/analytics/history/analyzer.go:703.22,705.3 1 1
github.com/mrz1836/go-coverage/internal/analytics/history/analyzer.go:707.2,714.49 4 9
github.com/mrz1836/go-coverage/internal/analytics/history/analyzer.go:714.49,743.3 8 126
github.com/mrz1836/go-coverage/internal/analytics/history/analyzer.go:745.2,745.25 1 9
github.com/mrz1836/go-coverage/internal/analytics/history/analyzer.go:749.67,750.23 1 9
github.com/mrz1836/go-coverage/internal/analytics/history/analyzer.go:750.23,752.3 1 0
github.com/mrz1836/go-coverage/internal/analytics/history/analyzer.go:755.2,756.32 2 9
github.com/mrz1836/go-coverage/internal/analytics/history/analyzer.go:756.32,757.22 1 54
github.com/mrz1836/go-coverage/internal/analytics/history/analyzer.go:757.22,759.4 1 0
github.com/mrz1836/go-coverage/internal/analytics/history/analyzer.go:763.2,765.24 3 9
github.com/mrz1836/go-coverage/internal/analytics/history/analyzer.go:765.24,767.3 1 9
github.com/mrz1836/go-coverage/internal/analytics/history/analyzer.go:770.2,771.36 2 9
github.com/mrz1836/go-coverage/internal/analytics/history/analyzer.go:771.36,773.23 2 45
github.com/mrz1836/go-coverage/internal/analytics/history/analyzer.go:773.23,775.4 1 9
github.com/mrz1836/go-coverage/internal/analytics/history/analyzer.go:779.2,787.9 5 9
github.com/mrz1836/go-coverage/internal/analytics/history/analyzer.go:788.26,789.25 1 9
github.com/mrz1836/go-coverage/internal/analytics/history/analyzer.go:790.26,791.25 1 0
github.com/mrz1836/go-coverage/internal/analytics/history/analyzer.go:792.26,793.25 1 0
github.com/mrz1836/go-coverage/internal/analytics/history/analyzer.go:794.26,795.25 1 0
github.com/mrz1836/go-coverage/internal/analytics/history/analyzer.go:798.2,806.3 1 9
github.com/mrz1836/go-coverage/internal/analytics/history/analyzer.go:810.58,814.2 1 8
github.com/mrz1836/go-coverage/internal/analytics/history/analyzer.go:818.76,819.52 1 39
github.com/mrz1836/go-coverage/internal/analytics/history/analyzer.go:819.52,821.3 1 3
github.com/mrz1836/go-coverage/internal/analytics/history/analyzer.go:823.2,823.16 1 36
github.com/mrz1836/go-coverage/internal/analytics/history/analyzer.go:823.16,825.3 1 35
github.com/mrz1836/go-coverage/internal/analytics/history/analyzer.go:827.2,827.18 1 1
github.com/mrz1836/go-coverage/internal/analytics/history/analyzer.go:830.76,831.9 1 13
github.com/mrz1836/go-coverage/internal/analytics/history/analyzer.go:832.21,833.30 1 1
github.com/mrz1836/go-coverage/internal/analytics/history/analyzer.go:834.21,835.27 1 10
github.com/mrz1836/go-coverage/internal/analytics/history/analyzer.go:836.21,837.24 1 1
github.com/mrz1836/go-coverage/internal/analytics/history/analyzer.go:838.10,839.29 1 1
github.com/mrz1836/go-coverage/internal/analytics/history/analyzer.go:843.84,844.19 1 25
github.com/mrz1836/go-coverage/internal/analytics/history/analyzer.go:844.19,846.3 1 0
github.com/mrz1836/go-coverage/internal/analytics/history/analyzer.go:849.2,855.31 5 25
github.com/mrz1836/go-coverage/internal/analytics/history/analyzer.go:855.31,857.3 1 0
github.com/mrz1836/go-coverage/internal/analytics/history/analyzer.go:859.2,859.19 1 25
github.com/mrz1836/go-coverage/internal/analytics/history/analyzer.go:859.19,861.3 1 25
github.com/mrz1836/go-coverage/internal/analytics/history/analyzer.go:863.2,863.29 1 0
github.com/mrz1836/go-coverage/internal/analytics/history/analyzer.go:866.61,867.22 1 9
github.com/mrz1836/go-coverage/internal/analytics/history/analyzer.go:867.22,869.3 1 0
github.com/mrz1836/go-coverage/internal/analytics/history/analyzer.go:871.2,872.17 2 9
github.com/mrz1836/go-coverage/internal/analytics/history/analyzer.go:875.94,879.2 2 25
github.com/mrz1836/go-coverage/internal/analytics/history/analyzer.go:881.84,882.19 1 25
github.com/mrz1836/go-coverage/internal/analytics/history/analyzer.go:882.19,884.3 1 0
github.com/mrz1836/go-coverage/internal/analytics/history/analyzer.go:886.2,889.19 3 25
github.com/mrz1836/go-coverage/internal/analytics/history/analyzer.go:889.19,891.3 1 0
github.com/mrz1836/go-coverage/internal/analytics/history/analyzer.go:893.2,893.31 1 25
github.com/mrz1836/go-coverage/internal/analytics/history/analyzer.go:896.73,897.9 1 14
github.com/mrz1836/go-coverage/internal/analytics/history/analyzer.go:898.22,899.14 1 1
github.com/mrz1836/go-coverage/internal/analytics/history/analyzer.go:900.22,901.13 1 1
github.com/mrz1836/go-coverage/internal/analytics/history/analyzer.go:902.22,903.14 1 0
github.com/mrz1836/go-coverage/internal/analytics/history/analyzer.go:904.22,905.13 1 10
github.com/mrz1836/go-coverage/internal/analytics/history/analyzer.go:906.22,907.13 1 1
github.com/mrz1836/go-coverage/internal/analytics/history/analyzer.go:908.22,909.13 1 0
github.com/mrz1836/go-coverage/internal/analytics/history/analyzer.go:910.10,911.13 1 1
github.com/mrz1836/go-coverage/internal/analytics/history/analyzer.go:916.74,920.92 2 9
github.com/mrz1836/go-coverage/internal/analytics/history/analyzer.go:920.92,929.3 1 9
github.com/mrz1836/go-coverage/internal/analytics/history/analyzer.go:931.2,931.94 1 9
github.com/mrz1836/go-coverage/internal/analytics/history/analyzer.go:931.94,933.55 2 0
github.com/mrz1836/go-coverage/internal/analytics/history/analyzer.go:933.55,935.4 1 0
github.com/mrz1836/go-coverage/internal/analytics/history/analyzer.go:937.3,944.5 1 0
github.com/mrz1836/go-coverage/internal/analytics/history/analyzer.go:948.2,948.57 1 9
github.com/mrz1836/go-coverage/internal/analytics/history/analyzer.go:948.57,957.3 1 0
github.com/mrz1836/go-coverage/internal/analytics/history/analyzer.go:960.2,963.39 3 9
github.com/mrz1836/go-coverage/internal/analytics/history/analyzer.go:963.39,964.68 1 36
github.com/mrz1836/go-coverage/internal/analytics/history/analyzer.go:964.68,972.9 2 9
github.com/mrz1836/go-coverage/internal/analytics/history/analyzer.go:976.2,976.17 1 9
github.com/mrz1836/go-coverage/internal/analytics/history/analyzer.go:980.88,984.41 2 9
github.com/mrz1836/go-coverage/internal/analytics/history/analyzer.go:984.41,998.3 1 1
github.com/mrz1836/go-coverage/internal/analytics/history/analyzer.go:1001.2,1001.57 1 9
github.com/mrz1836/go-coverage/internal/analytics/history/analyzer.go:1001.57,1015.3 1 1
github.com/mrz1836/go-coverage/internal/analytics/history/analyzer.go:1018.2,1018.45 1 9
github.com/mrz1836/go-coverage/internal/analytics/history/analyzer.go:1018.45,1032.3 1 1
github.com/mrz1836/go-coverage/internal/analytics/history/analyzer.go:1034.2,1034.24 1 9
github.com/mrz1836/go-coverage/internal/analytics/history/analyzer.go:1038.57,1040.2 1 1
github.com/mrz1836/go-coverage/internal/analytics/history/analyzer.go:1043.85,1046.32 2 1
github.com/mrz1836/go-coverage/internal/analytics/history/analyzer.go:1046.32,1047.66 1 6
github.com/mrz1836/go-coverage/internal/analytics/history/analyzer.go:1047.66,1049.4 1 3
github.com/mrz1836/go-coverage/internal/analytics/history/analyzer.go:1052.2,1052.19 1 1
github.com/mrz1836/go-coverage/internal/analytics/report/generator.go:90.46,95.2 1 18
github.com/mrz1836/go-coverage/internal/analytics/report/generator.go:98.88,100.63 1 11
github.com/mrz1836/go-coverage/internal/analytics/report/generator.go:100.63,102.3 1 1
github.com/mrz1836/go-coverage/internal/analytics/report/generator.go:105.2,109.16 3 10
github.com/mrz1836/go-coverage/internal/analytics/report/generator.go:109.16,111.3 1 0
github.com/mrz1836/go-coverage/internal/analytics/report/generator.go:114.2,115.62 2 10
github.com/mrz1836/go-coverage/internal/analytics/report/generator.go:115.62,117.3 1 1
github.com/mrz1836/go-coverage/internal/analytics/report/generator.go:120.2,120.64 1 9
github.com/mrz1836/go-coverage/internal/analytics/report/generator.go:120.64,122.3 1 0
github.com/mrz1836/go-coverage/internal/analytics/report/generator.go:124.2,124.12 1 9
github.com/mrz1836/go-coverage/internal/analytics/report/generator.go:128.95,133.21 3 15
github.com/mrz1836/go-coverage/internal/analytics/report/generator.go:133.21,138.39 3 13
github.com/mrz1836/go-coverage/internal/analytics/report/generator.go:138.39,140.4 1 24
github.com/mrz1836/go-coverage/internal/analytics/report/generator.go:141.3,144.37 2 13
github.com/mrz1836/go-coverage/internal/analytics/report/generator.go:144.37,150.36 4 24
github.com/mrz1836/go-coverage/internal/analytics/report/generator.go:150.36,152.5 1 25
github.com/mrz1836/go-coverage/internal/analytics/report/generator.go:153.4,156.39 2 24
github.com/mrz1836/go-coverage/internal/analytics/report/generator.go:156.39,161.42 4 25
github.com/mrz1836/go-coverage/internal/analytics/report/generator.go:161.42,164.24 3 62
github.com/mrz1836/go-coverage/internal/analytics/report/generator.go:164.24,166.7 1 38
github.com/mrz1836/go-coverage/internal/analytics/report/generator.go:169.5,170.23 2 25
github.com/mrz1836/go-coverage/internal/analytics/report/generator.go:170.23,172.6 1 25
github.com/mrz1836/go-coverage/internal/analytics/report/generator.go:175.5,176.120 2 25
github.com/mrz1836/go-coverage/internal/analytics/report/generator.go:176.120,180.6 1 19
github.com/mrz1836/go-coverage/internal/analytics/report/generator.go:182.5,190.17 2 25
github.com/mrz1836/go-coverage/internal/analytics/report/generator.go:193.4,199.6 1 24
github.com/mrz1836/go-coverage/internal/analytics/report/generator.go:204.2,205.21 2 15
github.com/mrz1836/go-coverage/internal/analytics/report/generator.go:205.21,214.3 1 13
github.com/mrz1836/go-coverage/internal/analytics/report/generator.go:214.8,223.3 1 2
github.com/mrz1836/go-coverage/internal/analytics/report/generator.go:226.2,227.116 2 15
github.com/mrz1836/go-coverage/internal/analytics/report/generator.go:227.116,230.3 1 12
github.com/mrz1836/go-coverage/internal/analytics/report/generator.go:233.2,234.115 2 15
github.com/mrz1836/go-coverage/internal/analytics/report/generator.go:234.115,237.3 1 0
github.com/mrz1836/go-coverage/internal/analytics/report/generator.go:240.2,241.21 2 15
github.com/mrz1836/go-coverage/internal/analytics/report/generator.go:241.21,242.30 1 15
github.com/mrz1836/go-coverage/internal/analytics/report/generator.go:242.30,244.71 1 0
github.com/mrz1836/go-coverage/internal/analytics/report/generator.go:244.71,246.5 1 0
github.com/mrz1836/go-coverage/internal/analytics/report/generator.go:246.10,246.44 1 0
github.com/mrz1836/go-coverage/internal/analytics/report/generator.go:246.44,248.5 1 0
github.com/mrz1836/go-coverage/internal/analytics/report/generator.go:248.10,250.5 1 0
github.com/mrz1836/go-coverage/internal/analytics/report/generator.go:251.9,253.71 1 15
github.com/mrz1836/go-coverage/internal/analytics/report/generator.go:253.71,255.5 1 13
github.com/mrz1836/go-coverage/internal/analytics/report/generator.go:255.10,255.44 1 2
github.com/mrz1836/go-coverage/internal/analytics/report/generator.go:255.44,257.5 1 0
github.com/mrz1836/go-coverage/internal/analytics/report/generator.go:262.2,263.21 2 15
github.com/mrz1836/go-coverage/internal/analytics/report/generator.go:263.21,269.3 5 15
github.com/mrz1836/go-coverage/internal/analytics/report/generator.go:272.2,273.51 2 15
github.com/mrz1836/go-coverage/internal/analytics/report/generator.go:273.51,276.3 1 13
github.com/mrz1836/go-coverage/internal/analytics/report/generator.go:279.2,280.16 2 15
github.com/mrz1836/go-coverage/internal/analytics/report/generator.go:280.16,282.3 1 0
github.com/mrz1836/go-coverage/internal/analytics/report/generator.go:285.2,286.57 2 15
github.com/mrz1836/go-coverage/internal/analytics/report/generator.go:286.57,288.3 1 7
github.com/mrz1836/go-coverage/internal/analytics/report/generator.go:288.8,290.3 1 8
github.com/mrz1836/go-coverage/internal/analytics/report/generator.go:292.2,312.3 1 15
github.com/mrz1836/go-coverage/internal/analytics/report/generator.go:316.50,320.16 3 15
github.com/mrz1836/go-coverage/internal/analytics/report/generator.go:320.16,323.3 1 15
github.com/mrz1836/go-coverage/internal/analytics/report/generator.go:326.2,327.12 2 0
github.com/mrz1836/go-coverage/internal/analytics/report/renderer.go:18.30,22.2 1 35
github.com/mrz1836/go-coverage/internal/analytics/report/renderer.go:25.86,28.42 1 41
github.com/mrz1836/go-coverage/internal/analytics/report/renderer.go:28.42,30.4 1 0
github.com/mrz1836/go-coverage/internal/analytics/report/renderer.go:32.32,34.4 1 78
github.com/mrz1836/go-coverage/internal/analytics/report/renderer.go:35.49,36.24 1 25
github.com/mrz1836/go-coverage/internal/analytics/report/renderer.go:36.24,38.5 1 0
github.com/mrz1836/go-coverage/internal/analytics/report/renderer.go:39.4,39.21 1 25
github.com/mrz1836/go-coverage/internal/analytics/report/renderer.go:41.33,43.4 1 864
github.com/mrz1836/go-coverage/internal/analytics/report/renderer.go:44.37,46.4 1 0
github.com/mrz1836/go-coverage/internal/analytics/report/renderer.go:47.36,49.4 1 0
github.com/mrz1836/go-coverage/internal/analytics/report/renderer.go:53.2,54.16 2 41
github.com/mrz1836/go-coverage/internal/analytics/report/renderer.go:54.16,56.3 1 0
github.com/mrz1836/go-coverage/internal/analytics/report/renderer.go:59.2,60.48 2 41
github.com/mrz1836/go-coverage/internal/analytics/report/renderer.go:60.48,62.3 1 2
github.com/mrz1836/go-coverage/internal/analytics/report/renderer.go:64.2,64.25 1 39
github.com/mrz1836/go-coverage/internal/analytics/report/renderer.go:68.30,70.19 2 88
github.com/mrz1836/go-coverage/internal/analytics/report/renderer.go:70.19,72.3 1 64
github.com/mrz1836/go-coverage/internal/analytics/report/renderer.go:74.2,75.25 2 24
github.com/mrz1836/go-coverage/internal/analytics/report/renderer.go:75.25,76.35 1 113
github.com/mrz1836/go-coverage/internal/analytics/report/renderer.go:76.35,78.4 1 27
github.com/mrz1836/go-coverage/internal/analytics/report/renderer.go:79.3,79.23 1 113
github.com/mrz1836/go-coverage/internal/analytics/report/renderer.go:81.2,81.24 1 24
github.com/mrz1836/go-coverage/internal/analytics/report/template.go:8.33,230.2 1 172
github.com/mrz1836/go-coverage/internal/config/config.go:33.43,35.24 2 2
github.com/mrz1836/go-coverage/internal/config/config.go:35.24,37.3 1 2
github.com/mrz1836/go-coverage/internal/config/config.go:39.2,40.34 2 2
github.com/mrz1836/go-coverage/internal/config/config.go:40.34,41.46 1 2
github.com/mrz1836/go-coverage/internal/config/config.go:41.46,43.4 1 2
github.com/mrz1836/go-coverage/internal/config/config.go:46.2,46.14 1 0
github.com/mrz1836/go-coverage/internal/config/config.go:190.26,192.72 1 44
github.com/mrz1836/go-coverage/internal/config/config.go:192.72,194.26 2 43
github.com/mrz1836/go-coverage/internal/config/config.go:194.26,196.4 1 6
github.com/mrz1836/go-coverage/internal/config/config.go:197.3,197.12 1 37
github.com/mrz1836/go-coverage/internal/config/config.go:200.2,201.16 2 1
github.com/mrz1836/go-coverage/internal/config/config.go:201.16,203.3 1 0
github.com/mrz1836/go-coverage/internal/config/config.go:205.2,205.6 1 1
github.com/mrz1836/go-coverage/internal/config/config.go:205.6,207.29 2 3
github.com/mrz1836/go-coverage/internal/config/config.go:207.29,209.4 1 1
github.com/mrz1836/go-coverage/internal/config/config.go:211.3,212.20 2 2
github.com/mrz1836/go-coverage/internal/config/config.go:212.20,213.9 1 0
github.com/mrz1836/go-coverage/internal/config/config.go:215.3,215.15 1 2
github.com/mrz1836/go-coverage/internal/config/config.go:218.2,218.11 1 0
github.com/mrz1836/go-coverage/internal/config/config.go:222.39,224.33 2 46
github.com/mrz1836/go-coverage/internal/config/config.go:224.33,226.3 1 38
github.com/mrz1836/go-coverage/internal/config/config.go:228.2,229.16 2 8
github.com/mrz1836/go-coverage/internal/config/config.go:229.16,231.3 1 0
github.com/mrz1836/go-coverage/internal/config/config.go:233.2,233.25 1 8
github.com/mrz1836/go-coverage/internal/config/config.go:239.40,242.72 2 36
github.com/mrz1836/go-coverage/internal/config/config.go:242.72,244.3 1 36
github.com/mrz1836/go-coverage/internal/config/config.go:244.8,247.17 3 0
github.com/mrz1836/go-coverage/internal/config/config.go:247.17,249.4 1 0
github.com/mrz1836/go-coverage/internal/config/config.go:252.2,253.6 2 36
github.com/mrz1836/go-coverage/internal/config/config.go:253.6,255.55 2 72
github.com/mrz1836/go-coverage/internal/config/config.go:255.55,257.4 1 2
github.com/mrz1836/go-coverage/internal/config/config.go:259.3,260.20 2 70
github.com/mrz1836/go-coverage/internal/config/config.go:260.20,261.9 1 34
github.com/mrz1836/go-coverage/internal/config/config.go:263.3,263.15 1 36
github.com/mrz1836/go-coverage/internal/config/config.go:266.2,266.31 1 34
github.com/mrz1836/go-coverage/internal/config/config.go:270.48,272.47 2 2
github.com/mrz1836/go-coverage/internal/config/config.go:272.47,274.3 1 1
github.com/mrz1836/go-coverage/internal/config/config.go:275.2,275.11 1 1
github.com/mrz1836/go-coverage/internal/config/config.go:279.18,281.2 1 9
github.com/mrz1836/go-coverage/internal/config/config.go:287.30,289.42 1 41
github.com/mrz1836/go-coverage/internal/config/config.go:289.42,290.57 1 5
github.com/mrz1836/go-coverage/internal/config/config.go:290.57,292.4 1 0
github.com/mrz1836/go-coverage/internal/config/config.go:293.8,296.17 2 36
github.com/mrz1836/go-coverage/internal/config/config.go:296.17,297.57 1 2
github.com/mrz1836/go-coverage/internal/config/config.go:297.57,299.5 1 0
github.com/mrz1836/go-coverage/internal/config/config.go:300.4,300.67 1 2
github.com/mrz1836/go-coverage/internal/config/config.go:300.67,301.72 1 1
github.com/mrz1836/go-coverage/internal/config/config.go:301.72,303.6 1 0
github.com/mrz1836/go-coverage/internal/config/config.go:309.2,371.20 2 41
github.com/mrz1836/go-coverage/internal/config/config.go:375.35,377.60 1 25
github.com/mrz1836/go-coverage/internal/config/config.go:377.60,379.3 1 4
github.com/mrz1836/go-coverage/internal/config/config.go:383.2,383.32 1 21
github.com/mrz1836/go-coverage/internal/config/config.go:383.32,385.3 1 2
github.com/mrz1836/go-coverage/internal/config/config.go:388.2,388.54 1 19
github.com/mrz1836/go-coverage/internal/config/config.go:388.54,389.27 1 6
github.com/mrz1836/go-coverage/internal/config/config.go:389.27,391.4 1 4
github.com/mrz1836/go-coverage/internal/config/config.go:392.3,392.27 1 2
github.com/mrz1836/go-coverage/internal/config/config.go:392.27,394.4 1 1
github.com/mrz1836/go-coverage/internal/config/config.go:395.3,395.32 1 1
github.com/mrz1836/go-coverage/internal/config/config.go:395.32,397.4 1 1
github.com/mrz1836/go-coverage/internal/config/config.go:401.2,402.43 2 13
github.com/mrz1836/go-coverage/internal/config/config.go:402.43,404.3 1 1
github.com/mrz1836/go-coverage/internal/config/config.go:407.2,408.44 2 12
github.com/mrz1836/go-coverage/internal/config/config.go:408.44,410.3 1 1
github.com/mrz1836/go-coverage/internal/config/config.go:413.2,413.23 1 11
github.com/mrz1836/go-coverage/internal/config/config.go:413.23,414.35 1 2
github.com/mrz1836/go-coverage/internal/config/config.go:414.35,416.4 1 1
github.com/mrz1836/go-coverage/internal/config/config.go:417.3,417.32 1 1
github.com/mrz1836/go-coverage/internal/config/config.go:417.32,419.4 1 1
github.com/mrz1836/go-coverage/internal/config/config.go:422.2,422.12 1 9
github.com/mrz1836/go-coverage/internal/config/config.go:426.41,428.2 1 13
github.com/mrz1836/go-coverage/internal/config/config.go:431.46,433.2 1 8
github.com/mrz1836/go-coverage/internal/config/config.go:436.39,437.55 1 4
github.com/mrz1836/go-coverage/internal/config/config.go:437.55,439.3 1 2
github.com/mrz1836/go-coverage/internal/config/config.go:442.2,445.30 2 2
github.com/mrz1836/go-coverage/internal/config/config.go:445.30,447.3 1 1
github.com/mrz1836/go-coverage/internal/config/config.go:450.2,451.26 2 1
github.com/mrz1836/go-coverage/internal/config/config.go:451.26,454.3 1 1
github.com/mrz1836/go-coverage/internal/config/config.go:457.2,457.66 1 0
github.com/mrz1836/go-coverage/internal/config/config.go:461.40,462.55 1 4
github.com/mrz1836/go-coverage/internal/config/config.go:462.55,464.3 1 2
github.com/mrz1836/go-coverage/internal/config/config.go:467.2,470.30 2 2
github.com/mrz1836/go-coverage/internal/config/config.go:470.30,472.3 1 1
github.com/mrz1836/go-coverage/internal/config/config.go:475.2,476.26 2 1
github.com/mrz1836/go-coverage/internal/config/config.go:476.26,479.3 1 1
github.com/mrz1836/go-coverage/internal/config/config.go:482.2,482.75 1 0
github.com/mrz1836/go-coverage/internal/config/config.go:486.44,489.58 1 6
github.com/mrz1836/go-coverage/internal/config/config.go:489.58,491.3 1 1
github.com/mrz1836/go-coverage/internal/config/config.go:492.2,492.58 1 5
github.com/mrz1836/go-coverage/internal/config/config.go:492.58,494.3 1 3
github.com/mrz1836/go-coverage/internal/config/config.go:495.2,495.47 1 2
github.com/mrz1836/go-coverage/internal/config/config.go:495.47,497.44 1 1
github.com/mrz1836/go-coverage/internal/config/config.go:497.44,499.4 1 1
github.com/mrz1836/go-coverage/internal/config/config.go:503.2,503.50 1 1
github.com/mrz1836/go-coverage/internal/config/config.go:503.50,505.3 1 1
github.com/mrz1836/go-coverage/internal/config/config.go:509.2,509.17 1 0
github.com/mrz1836/go-coverage/internal/config/config.go:513.44,515.2 1 4
github.com/mrz1836/go-coverage/internal/config/config.go:518.54,521.16 2 11
github.com/mrz1836/go-coverage/internal/config/config.go:521.16,523.3 1 0
github.com/mrz1836/go-coverage/internal/config/config.go:526.2,526.70 1 11
github.com/mrz1836/go-coverage/internal/config/config.go:526.70,528.3 1 6
github.com/mrz1836/go-coverage/internal/config/config.go:531.2,531.56 1 5
github.com/mrz1836/go-coverage/internal/config/config.go:531.56,533.3 1 2
github.com/mrz1836/go-coverage/internal/config/config.go:536.2,538.118 2 3
github.com/mrz1836/go-coverage/internal/config/config.go:538.118,541.3 1 1
github.com/mrz1836/go-coverage/internal/config/config.go:541.8,542.155 1 2
github.com/mrz1836/go-coverage/internal/config/config.go:542.155,545.3 1 0
github.com/mrz1836/go-coverage/internal/config/config.go:547.2,547.20 1 3
github.com/mrz1836/go-coverage/internal/config/config.go:547.20,548.57 1 1
github.com/mrz1836/go-coverage/internal/config/config.go:548.57,550.69 1 1
github.com/mrz1836/go-coverage/internal/config/config.go:550.69,552.5 1 0
github.com/mrz1836/go-coverage/internal/config/config.go:554.4,554.23 1 1
github.com/mrz1836/go-coverage/internal/config/config.go:559.2,559.24 1 2
github.com/mrz1836/go-coverage/internal/config/config.go:563.46,567.105 2 5
github.com/mrz1836/go-coverage/internal/config/config.go:567.105,569.21 2 2
github.com/mrz1836/go-coverage/internal/config/config.go:569.21,571.4 1 2
github.com/mrz1836/go-coverage/internal/config/config.go:574.2,574.11 1 3
github.com/mrz1836/go-coverage/internal/config/config.go:578.62,582.33 2 8
github.com/mrz1836/go-coverage/internal/config/config.go:582.33,584.3 1 2
github.com/mrz1836/go-coverage/internal/config/config.go:587.2,588.16 2 6
github.com/mrz1836/go-coverage/internal/config/config.go:588.16,590.3 1 0
github.com/mrz1836/go-coverage/internal/config/config.go:593.2,595.16 3 6
github.com/mrz1836/go-coverage/internal/config/config.go:595.16,597.3 1 0
github.com/mrz1836/go-coverage/internal/config/config.go:599.2,599.21 1 6
github.com/mrz1836/go-coverage/internal/config/config.go:603.44,607.110 2 2
github.com/mrz1836/go-coverage/internal/config/config.go:607.110,610.39 2 2
github.com/mrz1836/go-coverage/internal/config/config.go:610.39,612.4 1 2
github.com/mrz1836/go-coverage/internal/config/config.go:616.2,616.101 1 0
github.com/mrz1836/go-coverage/internal/config/config.go:616.101,618.19 2 0
github.com/mrz1836/go-coverage/internal/config/config.go:618.19,620.4 1 0
github.com/mrz1836/go-coverage/internal/config/config.go:624.2,624.11 1 0
github.com/mrz1836/go-coverage/internal/config/config.go:629.52,630.42 1 740
github.com/mrz1836/go-coverage/internal/config/config.go:630.42,632.3 1 24
github.com/mrz1836/go-coverage/internal/config/config.go:633.2,633.21 1 716
github.com/mrz1836/go-coverage/internal/config/config.go:636.50,637.42 1 126
github.com/mrz1836/go-coverage/internal/config/config.go:637.42,638.53 1 8
github.com/mrz1836/go-coverage/internal/config/config.go:638.53,640.4 1 6
github.com/mrz1836/go-coverage/internal/config/config.go:642.2,642.21 1 120
github.com/mrz1836/go-coverage/internal/config/config.go:646.80,652.18 2 82
github.com/mrz1836/go-coverage/internal/config/config.go:652.18,654.3 1 0
github.com/mrz1836/go-coverage/internal/config/config.go:655.2,655.44 1 82
github.com/mrz1836/go-coverage/internal/config/config.go:655.44,657.3 1 0
github.com/mrz1836/go-coverage/internal/config/config.go:658.2,658.25 1 82
github.com/mrz1836/go-coverage/internal/config/config.go:658.25,661.3 2 0
github.com/mrz1836/go-coverage/internal/config/config.go:664.2,667.48 2 82
github.com/mrz1836/go-coverage/internal/config/config.go:667.48,669.101 1 2
github.com/mrz1836/go-coverage/internal/config/config.go:669.101,671.4 1 2
github.com/mrz1836/go-coverage/internal/config/config.go:675.2,675.22 1 82
github.com/mrz1836/go-coverage/internal/config/config.go:675.22,677.3 1 0
github.com/mrz1836/go-coverage/internal/config/config.go:677.8,677.29 1 82
github.com/mrz1836/go-coverage/internal/config/config.go:677.29,679.3 1 0
github.com/mrz1836/go-coverage/internal/config/config.go:683.2,683.15 1 82
github.com/mrz1836/go-coverage/internal/config/config.go:683.15,685.3 1 0
github.com/mrz1836/go-coverage/internal/config/config.go:687.2,687.22 1 82
github.com/mrz1836/go-coverage/internal/config/config.go:690.60,691.42 1 44
github.com/mrz1836/go-coverage/internal/config/config.go:691.42,692.63 1 25
github.com/mrz1836/go-coverage/internal/config/config.go:692.63,694.4 1 23
github.com/mrz1836/go-coverage/internal/config/config.go:696.2,696.21 1 21
github.com/mrz1836/go-coverage/internal/config/config.go:699.53,700.42 1 631
github.com/mrz1836/go-coverage/internal/config/config.go:700.42,701.33 1 27
github.com/mrz1836/go-coverage/internal/config/config.go:702.33,703.15 1 8
github.com/mrz1836/go-coverage/internal/config/config.go:704.34,705.16 1 18
github.com/mrz1836/go-coverage/internal/config/config.go:708.2,708.21 1 605
github.com/mrz1836/go-coverage/internal/config/config.go:711.75,712.42 1 44
github.com/mrz1836/go-coverage/internal/config/config.go:712.42,713.59 1 3
github.com/mrz1836/go-coverage/internal/config/config.go:713.59,715.4 1 2
github.com/mrz1836/go-coverage/internal/config/config.go:717.2,717.21 1 42
github.com/mrz1836/go-coverage/internal/config/config.go:720.68,721.42 1 85
github.com/mrz1836/go-coverage/internal/config/config.go:721.42,723.3 1 4
github.com/mrz1836/go-coverage/internal/config/config.go:724.2,724.21 1 81
github.com/mrz1836/go-coverage/internal/config/config.go:727.36,729.56 1 45
github.com/mrz1836/go-coverage/internal/config/config.go:729.56,731.22 2 18
github.com/mrz1836/go-coverage/internal/config/config.go:731.22,733.4 1 15
github.com/mrz1836/go-coverage/internal/config/config.go:735.2,735.11 1 30
github.com/mrz1836/go-coverage/internal/config/config.go:738.49,739.26 1 29
github.com/mrz1836/go-coverage/internal/config/config.go:739.26,740.16 1 41
github.com/mrz1836/go-coverage/internal/config/config.go:740.16,742.4 1 25
github.com/mrz1836/go-coverage/internal/config/config.go:744.2,744.14 1 4
github.com/mrz1836/go-coverage/internal/envfile/envfile.go:22.34,24.2 1 5
github.com/mrz1836/go-coverage/internal/envfile/envfile.go:27.38,29.2 1 15
github.com/mrz1836/go-coverage/internal/envfile/envfile.go:34.52,36.16 2 9
github.com/mrz1836/go-coverage/internal/envfile/envfile.go:36.16,38.3 1 1
github.com/mrz1836/go-coverage/internal/envfile/envfile.go:39.2,39.19 1 8
github.com/mrz1836/go-coverage/internal/envfile/envfile.go:39.19,41.3 1 1
github.com/mrz1836/go-coverage/internal/envfile/envfile.go:43.2,45.16 3 7
github.com/mrz1836/go-coverage/internal/envfile/envfile.go:45.16,47.3 1 0
github.com/mrz1836/go-coverage/internal/envfile/envfile.go:49.2,49.23 1 7
github.com/mrz1836/go-coverage/internal/envfile/envfile.go:49.23,51.3 1 1
github.com/mrz1836/go-coverage/internal/envfile/envfile.go:53.2,55.31 2 6
github.com/mrz1836/go-coverage/internal/envfile/envfile.go:55.31,56.57 1 13
github.com/mrz1836/go-coverage/internal/envfile/envfile.go:56.57,57.12 1 1
github.com/mrz1836/go-coverage/internal/envfile/envfile.go:59.3,59.40 1 12
github.com/mrz1836/go-coverage/internal/envfile/envfile.go:59.40,61.4 1 0
github.com/mrz1836/go-coverage/internal/envfile/envfile.go:64.2,64.12 1 6
github.com/mrz1836/go-coverage/internal/envfile/envfile.go:69.53,71.16 2 20
github.com/mrz1836/go-coverage/internal/envfile/envfile.go:71.16,73.3 1 1
github.com/mrz1836/go-coverage/internal/envfile/envfile.go:75.2,77.33 2 19
github.com/mrz1836/go-coverage/internal/envfile/envfile.go:77.33,78.15 1 24
github.com/mrz1836/go-coverage/internal/envfile/envfile.go:78.15,79.48 1 19
github.com/mrz1836/go-coverage/internal/envfile/envfile.go:79.48,81.5 1 0
github.com/mrz1836/go-coverage/internal/envfile/envfile.go:82.9,83.47 1 5
github.com/mrz1836/go-coverage/internal/envfile/envfile.go:83.47,84.49 1 4
github.com/mrz1836/go-coverage/internal/envfile/envfile.go:84.49,86.6 1 0
github.com/mrz1836/go-coverage/internal/envfile/envfile.go:91.2,91.12 1 19
github.com/mrz1836/go-coverage/internal/envfile/envfile.go:95.46,99.29 3 27
github.com/mrz1836/go-coverage/internal/envfile/envfile.go:99.29,103.49 2 80
github.com/mrz1836/go-coverage/internal/envfile/envfile.go:103.49,104.12 1 27
github.com/mrz1836/go-coverage/internal/envfile/envfile.go:108.3,109.18 2 53
github.com/mrz1836/go-coverage/internal/envfile/envfile.go:109.18,110.12 1 1
github.com/mrz1836/go-coverage/internal/envfile/envfile.go:113.3,114.16 2 52
github.com/mrz1836/go-coverage/internal/envfile/envfile.go:114.16,115.12 1 1
github.com/mrz1836/go-coverage/internal/envfile/envfile.go:119.3,125.22 5 51
github.com/mrz1836/go-coverage/internal/envfile/envfile.go:128.2,128.15 1 27
github.com/mrz1836/go-coverage/internal/envfile/envfile.go:132.40,135.21 2 61
github.com/mrz1836/go-coverage/internal/envfile/envfile.go:135.21,137.3 1 1
github.com/mrz1836/go-coverage/internal/envfile/envfile.go:140.2,140.70 1 60
github.com/mrz1836/go-coverage/internal/envfile/envfile.go:140.70,142.3 1 4
github.com/mrz1836/go-coverage/internal/envfile/envfile.go:145.2,145.72 1 56
github.com/mrz1836/go-coverage/internal/envfile/envfile.go:145.72,147.3 1 2
github.com/mrz1836/go-coverage/internal/envfile/envfile.go:150.2,150.49 1 54
github.com/mrz1836/go-coverage/internal/envfile/envfile.go:150.49,152.3 1 2
github.com/mrz1836/go-coverage/internal/envfile/envfile.go:153.2,153.50 1 54
github.com/mrz1836/go-coverage/internal/envfile/envfile.go:153.50,155.3 1 2
github.com/mrz1836/go-coverage/internal/envfile/envfile.go:157.2,157.14 1 54
github.com/mrz1836/go-coverage/internal/github/client.go:128.32,143.2 1 6
github.com/mrz1836/go-coverage/internal/github/client.go:146.44,155.2 1 10
github.com/mrz1836/go-coverage/internal/github/client.go:158.112,161.55 2 6
github.com/mrz1836/go-coverage/internal/github/client.go:161.55,163.3 1 1
github.com/mrz1836/go-coverage/internal/github/client.go:165.2,165.21 1 5
github.com/mrz1836/go-coverage/internal/github/client.go:165.21,168.3 1 1
github.com/mrz1836/go-coverage/internal/github/client.go:171.2,171.52 1 4
github.com/mrz1836/go-coverage/internal/github/client.go:175.106,179.16 3 6
github.com/mrz1836/go-coverage/internal/github/client.go:179.16,181.3 1 0
github.com/mrz1836/go-coverage/internal/github/client.go:183.2,184.16 2 6
github.com/mrz1836/go-coverage/internal/github/client.go:184.16,186.3 1 0
github.com/mrz1836/go-coverage/internal/github/client.go:188.2,193.16 5 6
github.com/mrz1836/go-coverage/internal/github/client.go:193.16,195.3 1 0
github.com/mrz1836/go-coverage/internal/github/client.go:196.2,196.15 1 6
github.com/mrz1836/go-coverage/internal/github/client.go:196.15,196.40 1 6
github.com/mrz1836/go-coverage/internal/github/client.go:198.2,198.53 1 6
github.com/mrz1836/go-coverage/internal/github/client.go:198.53,201.3 2 3
github.com/mrz1836/go-coverage/internal/github/client.go:203.2,203.12 1 3
github.com/mrz1836/go-coverage/internal/github/client.go:207.104,211.16 3 4
github.com/mrz1836/go-coverage/internal/github/client.go:211.16,213.3 1 0
github.com/mrz1836/go-coverage/internal/github/client.go:215.2,219.16 4 4
github.com/mrz1836/go-coverage/internal/github/client.go:219.16,221.3 1 0
github.com/mrz1836/go-coverage/internal/github/client.go:222.2,222.15 1 4
github.com/mrz1836/go-coverage/internal/github/client.go:222.15,222.40 1 4
github.com/mrz1836/go-coverage/internal/github/client.go:224.2,224.53 1 4
github.com/mrz1836/go-coverage/internal/github/client.go:224.53,227.3 2 2
github.com/mrz1836/go-coverage/internal/github/client.go:229.2,230.72 2 2
github.com/mrz1836/go-coverage/internal/github/client.go:230.72,232.3 1 0
github.com/mrz1836/go-coverage/internal/github/client.go:234.2,234.26 1 2
github.com/mrz1836/go-coverage/internal/github/client.go:239.105,243.16 3 7
github.com/mrz1836/go-coverage/internal/github/client.go:243.16,245.3 1 0
github.com/mrz1836/go-coverage/internal/github/client.go:247.2,251.16 4 7
github.com/mrz1836/go-coverage/internal/github/client.go:251.16,253.3 1 1
github.com/mrz1836/go-coverage/internal/github/client.go:254.2,254.15 1 6
github.com/mrz1836/go-coverage/internal/github/client.go:254.15,254.40 1 6
github.com/mrz1836/go-coverage/internal/github/client.go:256.2,256.53 1 6
github.com/mrz1836/go-coverage/internal/github/client.go:256.53,259.3 2 0
github.com/mrz1836/go-coverage/internal/github/client.go:261.2,262.69 2 6
github.com/mrz1836/go-coverage/internal/github/client.go:262.69,264.3 1 0
github.com/mrz1836/go-coverage/internal/github/client.go:267.2,267.35 1 6
github.com/mrz1836/go-coverage/internal/github/client.go:267.35,268.43 1 3
github.com/mrz1836/go-coverage/internal/github/client.go:268.43,270.4 1 2
github.com/mrz1836/go-coverage/internal/github/client.go:273.2,273.32 1 4
github.com/mrz1836/go-coverage/internal/github/client.go:276.112,281.16 4 5
github.com/mrz1836/go-coverage/internal/github/client.go:281.16,283.3 1 0
github.com/mrz1836/go-coverage/internal/github/client.go:285.2,286.16 2 5
github.com/mrz1836/go-coverage/internal/github/client.go:286.16,288.3 1 0
github.com/mrz1836/go-coverage/internal/github/client.go:290.2,295.16 5 5
github.com/mrz1836/go-coverage/internal/github/client.go:295.16,297.3 1 0
github.com/mrz1836/go-coverage/internal/github/client.go:298.2,298.15 1 5
github.com/mrz1836/go-coverage/internal/github/client.go:298.15,298.40 1 5
github.com/mrz1836/go-coverage/internal/github/client.go:300.2,300.53 1 5
github.com/mrz1836/go-coverage/internal/github/client.go:300.53,303.3 2 3
github.com/mrz1836/go-coverage/internal/github/client.go:305.2,306.68 2 2
github.com/mrz1836/go-coverage/internal/github/client.go:306.68,308.3 1 0
github.com/mrz1836/go-coverage/internal/github/client.go:310.2,310.22 1 2
github.com/mrz1836/go-coverage/internal/github/client.go:313.119,318.16 4 1
github.com/mrz1836/go-coverage/internal/github/client.go:318.16,320.3 1 0
github.com/mrz1836/go-coverage/internal/github/client.go:322.2,323.16 2 1
github.com/mrz1836/go-coverage/internal/github/client.go:323.16,325.3 1 0
github.com/mrz1836/go-coverage/internal/github/client.go:327.2,332.16 5 1
github.com/mrz1836/go-coverage/internal/github/client.go:332.16,334.3 1 0
github.com/mrz1836/go-coverage/internal/github/client.go:335.2,335.15 1 1
github.com/mrz1836/go-coverage/internal/github/client.go:335.15,335.40 1 1
github.com/mrz1836/go-coverage/internal/github/client.go:337.2,337.53 1 1
github.com/mrz1836/go-coverage/internal/github/client.go:337.53,340.3 2 0
github.com/mrz1836/go-coverage/internal/github/client.go:342.2,343.68 2 1
github.com/mrz1836/go-coverage/internal/github/client.go:343.68,345.3 1 0
github.com/mrz1836/go-coverage/internal/github/client.go:347.2,347.22 1 1
github.com/mrz1836/go-coverage/internal/github/client.go:350.47,358.33 2 8
github.com/mrz1836/go-coverage/internal/github/client.go:358.33,359.29 1 19
github.com/mrz1836/go-coverage/internal/github/client.go:359.29,361.4 1 5
github.com/mrz1836/go-coverage/internal/github/client.go:364.2,364.14 1 3
github.com/mrz1836/go-coverage/internal/github/client.go:367.38,371.2 1 27
github.com/mrz1836/go-coverage/internal/github/client.go:373.36,374.43 1 17
github.com/mrz1836/go-coverage/internal/github/client.go:374.43,375.35 1 183
github.com/mrz1836/go-coverage/internal/github/client.go:375.35,377.4 1 6
github.com/mrz1836/go-coverage/internal/github/client.go:379.2,379.11 1 11
github.com/mrz1836/go-coverage/internal/github/client.go:397.117,399.15 2 13
github.com/mrz1836/go-coverage/internal/github/client.go:399.15,401.3 1 9
github.com/mrz1836/go-coverage/internal/github/client.go:403.2,404.16 2 13
github.com/mrz1836/go-coverage/internal/github/client.go:404.16,406.3 1 0
github.com/mrz1836/go-coverage/internal/github/client.go:408.2,413.16 5 13
github.com/mrz1836/go-coverage/internal/github/client.go:413.16,415.3 1 2
github.com/mrz1836/go-coverage/internal/github/client.go:416.2,416.15 1 11
github.com/mrz1836/go-coverage/internal/github/client.go:416.15,416.40 1 11
github.com/mrz1836/go-coverage/internal/github/client.go:418.2,418.53 1 11
github.com/mrz1836/go-coverage/internal/github/client.go:418.53,421.3 2 4
github.com/mrz1836/go-coverage/internal/github/client.go:423.2,424.69 2 7
github.com/mrz1836/go-coverage/internal/github/client.go:424.69,426.3 1 2
github.com/mrz1836/go-coverage/internal/github/client.go:428.2,428.23 1 5
github.com/mrz1836/go-coverage/internal/github/client.go:432.141,435.16 2 10
github.com/mrz1836/go-coverage/internal/github/client.go:435.16,437.3 1 8
github.com/mrz1836/go-coverage/internal/github/client.go:439.2,440.15 2 2
github.com/mrz1836/go-coverage/internal/github/client.go:440.15,442.3 1 2
github.com/mrz1836/go-coverage/internal/github/client.go:444.2,445.16 2 2
github.com/mrz1836/go-coverage/internal/github/client.go:445.16,447.3 1 0
github.com/mrz1836/go-coverage/internal/github/client.go:449.2,454.16 5 2
github.com/mrz1836/go-coverage/internal/github/client.go:454.16,456.3 1 0
github.com/mrz1836/go-coverage/internal/github/client.go:457.2,457.15 1 2
github.com/mrz1836/go-coverage/internal/github/client.go:457.15,457.40 1 2
github.com/mrz1836/go-coverage/internal/github/client.go:459.2,459.53 1 2
github.com/mrz1836/go-coverage/internal/github/client.go:459.53,462.3 2 1
github.com/mrz1836/go-coverage/internal/github/client.go:464.2,465.69 2 1
github.com/mrz1836/go-coverage/internal/github/client.go:465.69,467.3 1 0
github.com/mrz1836/go-coverage/internal/github/client.go:469.2,469.23 1 1
github.com/mrz1836/go-coverage/internal/github/client.go:473.109,477.16 3 12
github.com/mrz1836/go-coverage/internal/github/client.go:477.16,479.3 1 0
github.com/mrz1836/go-coverage/internal/github/client.go:481.2,486.16 5 12
github.com/mrz1836/go-coverage/internal/github/client.go:486.16,488.3 1 2
github.com/mrz1836/go-coverage/internal/github/client.go:489.2,489.15 1 10
github.com/mrz1836/go-coverage/internal/github/client.go:489.15,489.40 1 10
github.com/mrz1836/go-coverage/internal/github/client.go:491.2,491.53 1 10
github.com/mrz1836/go-coverage/internal/github/client.go:491.53,494.3 2 5
github.com/mrz1836/go-coverage/internal/github/client.go:496.2,497.72 2 5
github.com/mrz1836/go-coverage/internal/github/client.go:497.72,499.3 1 2
github.com/mrz1836/go-coverage/internal/github/client.go:501.2,501.26 1 3
github.com/mrz1836/go-coverage/internal/github/client.go:505.108,509.16 3 14
[...]
github.com/mrz1836/go-coverage/cmd/go-coverage/cmd/setup_pages.go:189.4,189.23 1 0
github.com/mrz1836/go-coverage/cmd/go-coverage/cmd/setup_pages.go:189.23,191.82 2 0
github.com/mrz1836/go-coverage/cmd/go-coverage/cmd/setup_pages.go:191.82,194.6 2 0
github.com/mrz1836/go-coverage/cmd/go-coverage/cmd/setup_pages.go:194.11,196.6 1 0
github.com/mrz1836/go-coverage/cmd/go-coverage/cmd/setup_pages.go:197.5,197.21 1 0
github.com/mrz1836/go-coverage/cmd/go-coverage/cmd/setup_pages.go:201.4,202.14 2 0
github.com/mrz1836/go-coverage/cmd/go-coverage/cmd/setup_pages.go:202.14,205.5 2 0
github.com/mrz1836/go-coverage/cmd/go-coverage/cmd/setup_pages.go:205.10,206.64 1 0
github.com/mrz1836/go-coverage/cmd/go-coverage/cmd/setup_pages.go:206.64,208.6 1 0
github.com/mrz1836/go-coverage/cmd/go-coverage/cmd/setup_pages.go:208.11,210.6 1 0
github.com/mrz1836/go-coverage/cmd/go-coverage/cmd/setup_pages.go:212.4,217.14 3 0
github.com/mrz1836/go-coverage/cmd/go-coverage/cmd/setup_pages.go:222.2,227.12 5 87
github.com/mrz1836/go-coverage/cmd/go-coverage/cmd/setup_pages.go:231.86,233.47 1 4
github.com/mrz1836/go-coverage/cmd/go-coverage/cmd/setup_pages.go:233.47,237.3 3 0
github.com/mrz1836/go-coverage/cmd/go-coverage/cmd/setup_pages.go:239.2,239.13 1 4
github.com/mrz1836/go-coverage/cmd/go-coverage/cmd/setup_pages.go:239.13,241.3 1 3
github.com/mrz1836/go-coverage/cmd/go-coverage/cmd/setup_pages.go:244.2,245.38 2 4
github.com/mrz1836/go-coverage/cmd/go-coverage/cmd/setup_pages.go:245.38,249.3 3 4
github.com/mrz1836/go-coverage/cmd/go-coverage/cmd/setup_pages.go:251.2,251.13 1 0
github.com/mrz1836/go-coverage/cmd/go-coverage/cmd/setup_pages.go:251.13,253.3 1 0
github.com/mrz1836/go-coverage/cmd/go-coverage/cmd/setup_pages.go:255.2,255.12 1 0
github.com/mrz1836/go-coverage/cmd/go-coverage/cmd/setup_pages.go:259.98,263.16 3 1
github.com/mrz1836/go-coverage/cmd/go-coverage/cmd/setup_pages.go:263.16,265.3 1 0
github.com/mrz1836/go-coverage/cmd/go-coverage/cmd/setup_pages.go:267.2,268.13 2 1
github.com/mrz1836/go-coverage/cmd/go-coverage/cmd/setup_pages.go:268.13,271.3 1 0
github.com/mrz1836/go-coverage/cmd/go-coverage/cmd/setup_pages.go:274.2,275.16 2 1
github.com/mrz1836/go-coverage/cmd/go-coverage/cmd/setup_pages.go:275.16,277.3 1 0
github.com/mrz1836/go-coverage/cmd/go-coverage/cmd/setup_pages.go:279.2,279.18 1 1
github.com/mrz1836/go-coverage/cmd/go-coverage/cmd/setup_pages.go:283.48,286.40 1 15
github.com/mrz1836/go-coverage/cmd/go-coverage/cmd/setup_pages.go:286.40,288.3 1 8
github.com/mrz1836/go-coverage/cmd/go-coverage/cmd/setup_pages.go:291.2,294.142 2 7
github.com/mrz1836/go-coverage/cmd/go-coverage/cmd/setup_pages.go:294.142,297.66 2 3
github.com/mrz1836/go-coverage/cmd/go-coverage/cmd/setup_pages.go:297.66,299.4 1 0
github.com/mrz1836/go-coverage/cmd/go-coverage/cmd/setup_pages.go:300.3,300.28 1 3
github.com/mrz1836/go-coverage/cmd/go-coverage/cmd/setup_pages.go:304.2,304.134 1 4
github.com/mrz1836/go-coverage/cmd/go-coverage/cmd/setup_pages.go:304.134,307.66 2 2
github.com/mrz1836/go-coverage/cmd/go-coverage/cmd/setup_pages.go:307.66,309.4 1 0
github.com/mrz1836/go-coverage/cmd/go-coverage/cmd/setup_pages.go:310.3,310.28 1 2
github.com/mrz1836/go-coverage/cmd/go-coverage/cmd/setup_pages.go:313.2,313.11 1 2
github.com/mrz1836/go-coverage/cmd/go-coverage/cmd/setup_pages.go:317.48,319.2 1 53
github.com/mrz1836/go-coverage/cmd/go-coverage/cmd/setup_pages.go:322.102,323.13 1 4
github.com/mrz1836/go-coverage/cmd/go-coverage/cmd/setup_pages.go:323.13,325.3 1 0
github.com/mrz1836/go-coverage/cmd/go-coverage/cmd/setup_pages.go:328.2,328.50 1 4
github.com/mrz1836/go-coverage/cmd/go-coverage/cmd/setup_pages.go:328.50,332.3 3 4
github.com/mrz1836/go-coverage/cmd/go-coverage/cmd/setup_pages.go:335.2,338.38 4 0
github.com/mrz1836/go-coverage/cmd/go-coverage/cmd/setup_pages.go:338.38,345.3 6 0
github.com/mrz1836/go-coverage/cmd/go-coverage/cmd/setup_pages.go:347.2,347.12 1 0
github.com/mrz1836/go-coverage/cmd/go-coverage/cmd/setup_pages.go:351.110,352.13 1 4
github.com/mrz1836/go-coverage/cmd/go-coverage/cmd/setup_pages.go:352.13,354.3 1 1
github.com/mrz1836/go-coverage/cmd/go-coverage/cmd/setup_pages.go:357.2,357.36 1 4
github.com/mrz1836/go-coverage/cmd/go-coverage/cmd/setup_pages.go:357.36,359.3 1 3
github.com/mrz1836/go-coverage/cmd/go-coverage/cmd/setup_pages.go:361.2,361.12 1 1
github.com/mrz1836/go-coverage/cmd/go-coverage/cmd/setup_pages.go:361.12,364.3 2 1
github.com/mrz1836/go-coverage/cmd/go-coverage/cmd/setup_pages.go:367.2,373.37 2 0
github.com/mrz1836/go-coverage/cmd/go-coverage/cmd/setup_pages.go:373.37,375.3 1 0
github.com/mrz1836/go-coverage/cmd/go-coverage/cmd/setup_pages.go:377.2,377.12 1 0
github.com/mrz1836/go-coverage/cmd/go-coverage/cmd/setup_pages.go:383.115,384.13 1 5
github.com/mrz1836/go-coverage/cmd/go-coverage/cmd/setup_pages.go:384.13,386.3 1 2
github.com/mrz1836/go-coverage/cmd/go-coverage/cmd/setup_pages.go:389.2,393.39 4 5
github.com/mrz1836/go-coverage/cmd/go-coverage/cmd/setup_pages.go:393.39,395.14 1 0
github.com/mrz1836/go-coverage/cmd/go-coverage/cmd/setup_pages.go:395.14,397.4 1 0
github.com/mrz1836/go-coverage/cmd/go-coverage/cmd/setup_pages.go:398.3,398.13 1 0
github.com/mrz1836/go-coverage/cmd/go-coverage/cmd/setup_pages.go:402.2,402.13 1 5
github.com/mrz1836/go-coverage/cmd/go-coverage/cmd/setup_pages.go:402.13,404.3 1 2
github.com/mrz1836/go-coverage/cmd/go-coverage/cmd/setup_pages.go:406.2,406.12 1 5
github.com/mrz1836/go-coverage/cmd/go-coverage/cmd/setup_pages.go:406.12,409.3 2 5
github.com/mrz1836/go-coverage/cmd/go-coverage/cmd/setup_pages.go:412.2,413.16 2 0
github.com/mrz1836/go-coverage/cmd/go-coverage/cmd/setup_pages.go:413.16,415.3 1 0
github.com/mrz1836/go-coverage/cmd/go-coverage/cmd/setup_pages.go:416.2,417.15 2 0
github.com/mrz1836/go-coverage/cmd/go-coverage/cmd/setup_pages.go:417.15,420.3 1 0
github.com/mrz1836/go-coverage/cmd/go-coverage/cmd/setup_pages.go:423.2,423.13 1 0
github.com/mrz1836/go-coverage/cmd/go-coverage/cmd/setup_pages.go:423.13,425.3 1 0
github.com/mrz1836/go-coverage/cmd/go-coverage/cmd/setup_pages.go:427.2,431.39 4 0
github.com/mrz1836/go-coverage/cmd/go-coverage/cmd/setup_pages.go:431.39,433.3 1 0
github.com/mrz1836/go-coverage/cmd/go-coverage/cmd/setup_pages.go:436.2,437.21 2 0
github.com/mrz1836/go-coverage/cmd/go-coverage/cmd/setup_pages.go:437.21,439.3 1 0
github.com/mrz1836/go-coverage/cmd/go-coverage/cmd/setup_pages.go:441.2,441.90 1 0
github.com/mrz1836/go-coverage/cmd/go-coverage/cmd/setup_pages.go:441.90,443.3 1 0
github.com/mrz1836/go-coverage/cmd/go-coverage/cmd/setup_pages.go:446.2,448.46 2 0
github.com/mrz1836/go-coverage/cmd/go-coverage/cmd/setup_pages.go:448.46,450.3 1 0
github.com/mrz1836/go-coverage/cmd/go-coverage/cmd/setup_pages.go:453.2,511.39 6 0
github.com/mrz1836/go-coverage/cmd/go-coverage/cmd/setup_pages.go:511.39,513.3 1 0
github.com/mrz1836/go-coverage/cmd/go-coverage/cmd/setup_pages.go:516.2,518.42 2 0
github.com/mrz1836/go-coverage/cmd/go-coverage/cmd/setup_pages.go:518.42,520.3 1 0
github.com/mrz1836/go-coverage/cmd/go-coverage/cmd/setup_pages.go:523.2,525.40 2 0
github.com/mrz1836/go-coverage/cmd/go-coverage/cmd/setup_pages.go:525.40,527.3 1 0
github.com/mrz1836/go-coverage/cmd/go-coverage/cmd/setup_pages.go:530.2,530.13 1 0
github.com/mrz1836/go-coverage/cmd/go-coverage/cmd/setup_pages.go:530.13,532.3 1 0
github.com/mrz1836/go-coverage/cmd/go-coverage/cmd/setup_pages.go:535.2,538.38 2 0
github.com/mrz1836/go-coverage/cmd/go-coverage/cmd/setup_pages.go:538.38,542.39 2 0
github.com/mrz1836/go-coverage/cmd/go-coverage/cmd/setup_pages.go:542.39,544.4 1 0
github.com/mrz1836/go-coverage/cmd/go-coverage/cmd/setup_pages.go:548.2,550.13 2 0
github.com/mrz1836/go-coverage/cmd/go-coverage/cmd/setup_pages.go:550.13,552.3 1 0
github.com/mrz1836/go-coverage/cmd/go-coverage/cmd/setup_pages.go:554.2,554.12 1 0
github.com/mrz1836/go-coverage/cmd/go-coverage/cmd/setup_pages.go:558.112,571.34 2 2
github.com/mrz1836/go-coverage/cmd/go-coverage/cmd/setup_pages.go:571.34,572.14 1 18
github.com/mrz1836/go-coverage/cmd/go-coverage/cmd/setup_pages.go:572.14,574.4 1 9
github.com/mrz1836/go-coverage/cmd/go-coverage/cmd/setup_pages.go:576.3,576.13 1 18
github.com/mrz1836/go-coverage/cmd/go-coverage/cmd/setup_pages.go:576.13,578.12 2 18
github.com/mrz1836/go-coverage/cmd/go-coverage/cmd/setup_pages.go:581.3,588.38 2 0
github.com/mrz1836/go-coverage/cmd/go-coverage/cmd/setup_pages.go:588.38,589.15 1 0
github.com/mrz1836/go-coverage/cmd/go-coverage/cmd/setup_pages.go:589.15,591.5 1 0
github.com/mrz1836/go-coverage/cmd/go-coverage/cmd/setup_pages.go:593.4,593.12 1 0
github.com/mrz1836/go-coverage/cmd/go-coverage/cmd/setup_pages.go:596.3,596.14 1 0
github.com/mrz1836/go-coverage/cmd/go-coverage/cmd/setup_pages.go:596.14,598.4 1 0
github.com/mrz1836/go-coverage/cmd/go-coverage/cmd/setup_pages.go:601.2,601.12 1 2
github.com/mrz1836/go-coverage/cmd/go-coverage/cmd/setup_pages.go:605.114,606.13 1 3
github.com/mrz1836/go-coverage/cmd/go-coverage/cmd/setup_pages.go:606.13,608.3 1 1
github.com/mrz1836/go-coverage/cmd/go-coverage/cmd/setup_pages.go:610.2,610.12 1 3
github.com/mrz1836/go-coverage/cmd/go-coverage/cmd/setup_pages.go:610.12,613.3 2 3
github.com/mrz1836/go-coverage/cmd/go-coverage/cmd/setup_pages.go:616.2,623.37 2 0
github.com/mrz1836/go-coverage/cmd/go-coverage/cmd/setup_pages.go:623.37,625.3 1 0
github.com/mrz1836/go-coverage/cmd/go-coverage/cmd/setup_pages.go:627.2,627.12 1 0
github.com/mrz1836/go-coverage/cmd/go-coverage/cmd/setup_pages.go:631.110,634.43 2 2
github.com/mrz1836/go-coverage/cmd/go-coverage/cmd/setup_pages.go:634.43,635.14 1 6
github.com/mrz1836/go-coverage/cmd/go-coverage/cmd/setup_pages.go:635.14,637.4 1 3
github.com/mrz1836/go-coverage/cmd/go-coverage/cmd/setup_pages.go:639.3,639.13 1 6
github.com/mrz1836/go-coverage/cmd/go-coverage/cmd/setup_pages.go:639.13,641.12 2 6
github.com/mrz1836/go-coverage/cmd/go-coverage/cmd/setup_pages.go:645.3,650.41 2 0
github.com/mrz1836/go-coverage/cmd/go-coverage/cmd/setup_pages.go:650.41,651.15 1 0
github.com/mrz1836/go-coverage/cmd/go-coverage/cmd/setup_pages.go:651.15,653.5 1 0
github.com/mrz1836/go-coverage/cmd/go-coverage/cmd/setup_pages.go:654.4,654.12 1 0
github.com/mrz1836/go-coverage/cmd/go-coverage/cmd/setup_pages.go:658.3,668.45 2 0
github.com/mrz1836/go-coverage/cmd/go-coverage/cmd/setup_pages.go:668.45,669.15 1 0
github.com/mrz1836/go-coverage/cmd/go-coverage/cmd/setup_pages.go:669.15,671.5 1 0
github.com/mrz1836/go-coverage/cmd/go-coverage/cmd/setup_pages.go:672.4,672.12 1 0
github.com/mrz1836/go-coverage/cmd/go-coverage/cmd/setup_pages.go:675.3,675.14 1 0
github.com/mrz1836/go-coverage/cmd/go-coverage/cmd/setup_pages.go:675.14,677.4 1 0
github.com/mrz1836/go-coverage/cmd/go-coverage/cmd/setup_pages.go:680.2,680.12 1 2
github.com/mrz1836/go-coverage/cmd/go-coverage/cmd/setup_pages.go:684.92,687.13 2 5
github.com/mrz1836/go-coverage/cmd/go-coverage/cmd/setup_pages.go:687.13,689.3 1 2
github.com/mrz1836/go-coverage/cmd/go-coverage/cmd/setup_pages.go:693.2,693.36 1 5
github.com/mrz1836/go-coverage/cmd/go-coverage/cmd/setup_pages.go:693.36,695.3 1 3
github.com/mrz1836/go-coverage/cmd/go-coverage/cmd/setup_pages.go:696.2,699.45 4 2
github.com/mrz1836/go-coverage/cmd/go-coverage/cmd/setup_pages.go:699.45,702.3 2 2
github.com/mrz1836/go-coverage/cmd/go-coverage/cmd/setup_pages.go:702.8,703.14 1 0
github.com/mrz1836/go-coverage/cmd/go-coverage/cmd/setup_pages.go:703.14,705.4 1 0
github.com/mrz1836/go-coverage/cmd/go-coverage/cmd/setup_pages.go:709.2,711.16 3 2
github.com/mrz1836/go-coverage/cmd/go-coverage/cmd/setup_pages.go:711.16,713.101 1 2
github.com/mrz1836/go-coverage/cmd/go-coverage/cmd/setup_pages.go:713.101,716.4 2 0
github.com/mrz1836/go-coverage/cmd/go-coverage/cmd/setup_pages.go:716.9,716.108 1 2
github.com/mrz1836/go-coverage/cmd/go-coverage/cmd/setup_pages.go:716.108,718.4 1 0
github.com/mrz1836/go-coverage/cmd/go-coverage/cmd/setup_pages.go:718.9,720.37 1 2
github.com/mrz1836/go-coverage/cmd/go-coverage/cmd/setup_pages.go:720.37,722.5 1 1
github.com/mrz1836/go-coverage/cmd/go-coverage/cmd/setup_pages.go:723.4,723.69 1 2
github.com/mrz1836/go-coverage/cmd/go-coverage/cmd/setup_pages.go:725.8,727.75 2 0
github.com/mrz1836/go-coverage/cmd/go-coverage/cmd/setup_pages.go:727.75,729.4 1 0
github.com/mrz1836/go-coverage/cmd/go-coverage/cmd/setup_pages.go:731.3,731.14 1 0
github.com/mrz1836/go-coverage/cmd/go-coverage/cmd/setup_pages.go:731.14,733.4 1 0
github.com/mrz1836/go-coverage/cmd/go-coverage/cmd/setup_pages.go:736.3,739.25 3 0
github.com/mrz1836/go-coverage/cmd/go-coverage/cmd/setup_pages.go:739.25,741.55 1 0
github.com/mrz1836/go-coverage/cmd/go-coverage/cmd/setup_pages.go:741.55,744.5 2 0
github.com/mrz1836/go-coverage/cmd/go-coverage/cmd/setup_pages.go:744.10,745.43 1 0
github.com/mrz1836/go-coverage/cmd/go-coverage/cmd/setup_pages.go:745.43,747.6 1 0
github.com/mrz1836/go-coverage/cmd/go-coverage/cmd/setup_pages.go:748.5,748.78 1 0
github.com/mrz1836/go-coverage/cmd/go-coverage/cmd/setup_pages.go:750.9,752.94 2 0
github.com/mrz1836/go-coverage/cmd/go-coverage/cmd/setup_pages.go:752.94,754.5 1 0
github.com/mrz1836/go-coverage/cmd/go-coverage/cmd/setup_pages.go:756.4,756.15 1 0
github.com/mrz1836/go-coverage/cmd/go-coverage/cmd/setup_pages.go:756.15,758.60 2 0
github.com/mrz1836/go-coverage/cmd/go-coverage/cmd/setup_pages.go:758.60,760.6 1 0
github.com/mrz1836/go-coverage/cmd/go-coverage/cmd/setup_pages.go:763.4,763.49 1 0
github.com/mrz1836/go-coverage/cmd/go-coverage/cmd/setup_pages.go:763.49,766.5 2 0
github.com/mrz1836/go-coverage/cmd/go-coverage/cmd/setup_pages.go:772.2,772.36 1 0
github.com/mrz1836/go-coverage/cmd/go-coverage/cmd/setup_pages.go:772.36,774.3 1 0
github.com/mrz1836/go-coverage/cmd/go-coverage/cmd/setup_pages.go:775.2,777.16 3 0
github.com/mrz1836/go-coverage/cmd/go-coverage/cmd/setup_pages.go:777.16,778.51 1 0
github.com/mrz1836/go-coverage/cmd/go-coverage/cmd/setup_pages.go:778.51,781.4 2 0
github.com/mrz1836/go-coverage/cmd/go-coverage/cmd/setup_pages.go:782.8,783.14 1 0
github.com/mrz1836/go-coverage/cmd/go-coverage/cmd/setup_pages.go:783.14,785.4 1 0
github.com/mrz1836/go-coverage/cmd/go-coverage/cmd/setup_pages.go:788.2,788.17 1 0
github.com/mrz1836/go-coverage/cmd/go-coverage/cmd/setup_pages.go:788.17,790.3 1 0
github.com/mrz1836/go-coverage/cmd/go-coverage/cmd/setup_pages.go:792.2,792.12 1 0
github.com/mrz1836/go-coverage/cmd/go-coverage/cmd/setup_pages.go:796.66,797.12 1 3
github.com/mrz1836/go-coverage/cmd/go-coverage/cmd/setup_pages.go:797.12,801.3 3 1
github.com/mrz1836/go-coverage/cmd/go-coverage/cmd/setup_pages.go:803.2,822.25 17 2
github.com/mrz1836/go-coverage/cmd/go-coverage/cmd/setup_pages.go:822.25,824.3 1 2
github.com/mrz1836/go-coverage/cmd/go-coverage/cmd/setup_pages.go:825.2,837.66 11 2
github.com/mrz1836/go-coverage/cmd/go-coverage/cmd/upgrade.go:31.51,49.52 1 82
github.com/mrz1836/go-coverage/cmd/go-coverage/cmd/upgrade.go:49.52,54.18 4 1
github.com/mrz1836/go-coverage/cmd/go-coverage/cmd/upgrade.go:54.18,56.5 1 0
github.com/mrz1836/go-coverage/cmd/go-coverage/cmd/upgrade.go:58.4,59.18 2 1
github.com/mrz1836/go-coverage/cmd/go-coverage/cmd/upgrade.go:59.18,61.5 1 0
github.com/mrz1836/go-coverage/cmd/go-coverage/cmd/upgrade.go:63.4,63.46 1 1
github.com/mrz1836/go-coverage/cmd/go-coverage/cmd/upgrade.go:68.2,72.12 4 82
github.com/mrz1836/go-coverage/cmd/go-coverage/cmd/upgrade.go:75.89,79.104 2 12
github.com/mrz1836/go-coverage/cmd/go-coverage/cmd/upgrade.go:79.104,80.41 1 7
github.com/mrz1836/go-coverage/cmd/go-coverage/cmd/upgrade.go:80.41,84.4 3 4
github.com/mrz1836/go-coverage/cmd/go-coverage/cmd/upgrade.go:87.2,92.16 4 8
github.com/mrz1836/go-coverage/cmd/go-coverage/cmd/upgrade.go:92.16,94.3 1 0
github.com/mrz1836/go-coverage/cmd/go-coverage/cmd/upgrade.go:96.2,102.31 4 8
github.com/mrz1836/go-coverage/cmd/go-coverage/cmd/upgrade.go:102.31,105.3 2 0
github.com/mrz1836/go-coverage/cmd/go-coverage/cmd/upgrade.go:107.2,107.22 1 8
github.com/mrz1836/go-coverage/cmd/go-coverage/cmd/upgrade.go:107.22,108.14 1 3
github.com/mrz1836/go-coverage/cmd/go-coverage/cmd/upgrade.go:108.14,111.4 2 3
github.com/mrz1836/go-coverage/cmd/go-coverage/cmd/upgrade.go:111.9,113.4 1 0
github.com/mrz1836/go-coverage/cmd/go-coverage/cmd/upgrade.go:114.3,114.13 1 3
github.com/mrz1836/go-coverage/cmd/go-coverage/cmd/upgrade.go:118.2,118.13 1 5
github.com/mrz1836/go-coverage/cmd/go-coverage/cmd/upgrade.go:118.13,120.3 1 5
github.com/mrz1836/go-coverage/cmd/go-coverage/cmd/upgrade.go:120.8,120.25 1 0
github.com/mrz1836/go-coverage/cmd/go-coverage/cmd/upgrade.go:120.25,122.3 1 0
github.com/mrz1836/go-coverage/cmd/go-coverage/cmd/upgrade.go:125.2,133.38 6 5
github.com/mrz1836/go-coverage/cmd/go-coverage/cmd/upgrade.go:133.38,135.3 1 0
github.com/mrz1836/go-coverage/cmd/go-coverage/cmd/upgrade.go:137.2,141.35 3 5
github.com/mrz1836/go-coverage/cmd/go-coverage/cmd/upgrade.go:141.35,144.30 3 0
github.com/mrz1836/go-coverage/cmd/go-coverage/cmd/upgrade.go:144.30,145.37 1 0
github.com/mrz1836/go-coverage/cmd/go-coverage/cmd/upgrade.go:145.37,147.5 1 0
github.com/mrz1836/go-coverage/cmd/go-coverage/cmd/upgrade.go:151.2,151.12 1 5
github.com/mrz1836/go-coverage/cmd/go-coverage/cmd/upgrade.go:154.37,155.27 1 42
github.com/mrz1836/go-coverage/cmd/go-coverage/cmd/upgrade.go:155.27,157.3 1 4
github.com/mrz1836/go-coverage/cmd/go-coverage/cmd/upgrade.go:158.2,158.32 1 38
github.com/mrz1836/go-coverage/cmd/go-coverage/cmd/upgrade.go:158.32,160.3 1 37
github.com/mrz1836/go-coverage/cmd/go-coverage/cmd/upgrade.go:161.2,161.10 1 1
github.com/mrz1836/go-coverage/cmd/go-coverage/cmd/upgrade.go:165.44,169.16 3 1
github.com/mrz1836/go-coverage/cmd/go-coverage/cmd/upgrade.go:169.16,171.3 1 0
github.com/mrz1836/go-coverage/cmd/go-coverage/cmd/upgrade.go:175.2,178.29 3 1
github.com/mrz1836/go-coverage/cmd/go-coverage/cmd/upgrade.go:178.29,179.44 1 2
github.com/mrz1836/go-coverage/cmd/go-coverage/cmd/upgrade.go:179.44,184.4 3 1
github.com/mrz1836/go-coverage/cmd/go-coverage/cmd/upgrade.go:187.2,187.67 1 0
github.com/mrz1836/go-coverage/cmd/go-coverage/cmd/upgrade.go:191.31,193.34 2 1
github.com/mrz1836/go-coverage/cmd/go-coverage/cmd/upgrade.go:193.34,195.3 1 0
github.com/mrz1836/go-coverage/cmd/go-coverage/cmd/upgrade.go:196.2,196.12 1 1
github.com/mrz1836/go-coverage/cmd/go-coverage/cmd/upgrade.go:200.34,203.16 3 1
github.com/mrz1836/go-coverage/cmd/go-coverage/cmd/upgrade.go:203.16,205.3 1 0
github.com/mrz1836/go-coverage/cmd/go-coverage/cmd/upgrade.go:207.2,208.18 2 1
github.com/mrz1836/go-coverage/cmd/go-coverage/cmd/upgrade.go:208.18,211.17 2 0
github.com/mrz1836/go-coverage/cmd/go-coverage/cmd/upgrade.go:211.17,213.4 1 0
github.com/mrz1836/go-coverage/cmd/go-coverage/cmd/upgrade.go:214.3,214.38 1 0
github.com/mrz1836/go-coverage/cmd/go-coverage/cmd/upgrade.go:217.2,217.43 1 1
github.com/mrz1836/go-coverage/cmd/go-coverage/cmd/upgrade.go:221.22,224.2 2 1
github.com/mrz1836/go-coverage/cmd/go-coverage/cmd/upgrade.go:227.42,228.31 1 1
github.com/mrz1836/go-coverage/cmd/go-coverage/cmd/upgrade.go:228.31,230.3 1 0
github.com/mrz1836/go-coverage/cmd/go-coverage/cmd/upgrade.go:231.2,231.37 1 1
github.com/mrz1836/go-coverage/cmd/go-coverage/cmd/upgrade.go:235.46,240.43 2 20
github.com/mrz1836/go-coverage/cmd/go-coverage/cmd/upgrade.go:240.43,242.3 1 10
github.com/mrz1836/go-coverage/cmd/go-coverage/cmd/upgrade.go:245.2,245.28 1 10
github.com/mrz1836/go-coverage/cmd/go-coverage/cmd/upgrade.go:245.28,246.75 1 121
github.com/mrz1836/go-coverage/cmd/go-coverage/cmd/upgrade.go:246.75,248.4 1 3
github.com/mrz1836/go-coverage/cmd/go-coverage/cmd/upgrade.go:251.2,251.13 1 7
github.com/mrz1836/go-coverage/cmd/go-coverage/cmd/upgrade.go:255.48,256.22 1 25
github.com/mrz1836/go-coverage/cmd/go-coverage/cmd/upgrade.go:256.22,258.3 1 4
github.com/mrz1836/go-coverage/cmd/go-coverage/cmd/upgrade.go:260.2,260.40 1 21
github.com/mrz1836/go-coverage/cmd/go-coverage/cmd/upgrade.go:260.40,262.3 1 6
github.com/mrz1836/go-coverage/cmd/go-coverage/cmd/upgrade.go:263.2,263.14 1 15
