mode: atomic
github.com/mrz1836/go-coverage/internal/analysis/comparison.go:225.70,226.19 1 20
github.com/mrz1836/go-coverage/internal/analysis/comparison.go:226.19,239.3 1 15
github.com/mrz1836/go-coverage/internal/analysis/comparison.go:241.2,243.3 1 20
github.com/mrz1836/go-coverage/internal/analysis/comparison.go:247.134,257.33 3 1
github.com/mrz1836/go-coverage/internal/analysis/comparison.go:257.33,259.3 1 1
github.com/mrz1836/go-coverage/internal/analysis/comparison.go:262.2,265.34 2 1
github.com/mrz1836/go-coverage/internal/analysis/comparison.go:265.34,267.3 1 1
github.com/mrz1836/go-coverage/internal/analysis/comparison.go:270.2,278.20 4 1
github.com/mrz1836/go-coverage/internal/analysis/comparison.go:282.99,288.28 5 5
github.com/mrz1836/go-coverage/internal/analysis/comparison.go:288.28,290.3 1 3
github.com/mrz1836/go-coverage/internal/analysis/comparison.go:290.8,290.36 1 2
github.com/mrz1836/go-coverage/internal/analysis/comparison.go:290.36,292.3 1 1
github.com/mrz1836/go-coverage/internal/analysis/comparison.go:294.2,304.3 3 5
github.com/mrz1836/go-coverage/internal/analysis/comparison.go:308.96,320.34 7 3
github.com/mrz1836/go-coverage/internal/analysis/comparison.go:320.34,322.3 1 7
github.com/mrz1836/go-coverage/internal/analysis/comparison.go:323.2,323.32 1 3
github.com/mrz1836/go-coverage/internal/analysis/comparison.go:323.32,325.3 1 8
github.com/mrz1836/go-coverage/internal/analysis/comparison.go:327.2,327.33 1 3
github.com/mrz1836/go-coverage/internal/analysis/comparison.go:327.33,328.57 1 9
github.com/mrz1836/go-coverage/internal/analysis/comparison.go:328.57,329.12 1 1
github.com/mrz1836/go-coverage/internal/analysis/comparison.go:332.3,341.23 4 8
github.com/mrz1836/go-coverage/internal/analysis/comparison.go:341.23,348.4 6 2
github.com/mrz1836/go-coverage/internal/analysis/comparison.go:348.9,348.30 1 6
github.com/mrz1836/go-coverage/internal/analysis/comparison.go:348.30,355.4 6 1
github.com/mrz1836/go-coverage/internal/analysis/comparison.go:355.9,365.37 8 5
github.com/mrz1836/go-coverage/internal/analysis/comparison.go:365.37,367.5 1 3
github.com/mrz1836/go-coverage/internal/analysis/comparison.go:367.10,367.45 1 2
github.com/mrz1836/go-coverage/internal/analysis/comparison.go:367.45,369.5 1 0
github.com/mrz1836/go-coverage/internal/analysis/comparison.go:369.10,371.5 1 2
github.com/mrz1836/go-coverage/internal/analysis/comparison.go:374.3,380.36 4 8
github.com/mrz1836/go-coverage/internal/analysis/comparison.go:384.2,384.61 1 3
github.com/mrz1836/go-coverage/internal/analysis/comparison.go:384.61,385.41 1 8
github.com/mrz1836/go-coverage/internal/analysis/comparison.go:385.41,386.23 1 4
github.com/mrz1836/go-coverage/internal/analysis/comparison.go:386.23,388.5 1 2
github.com/mrz1836/go-coverage/internal/analysis/comparison.go:389.4,389.12 1 2
github.com/mrz1836/go-coverage/internal/analysis/comparison.go:391.3,391.81 1 4
github.com/mrz1836/go-coverage/internal/analysis/comparison.go:395.2,395.47 1 3
github.com/mrz1836/go-coverage/internal/analysis/comparison.go:395.47,397.3 1 0
github.com/mrz1836/go-coverage/internal/analysis/comparison.go:399.2,399.16 1 3
github.com/mrz1836/go-coverage/internal/analysis/comparison.go:403.102,415.40 7 2
github.com/mrz1836/go-coverage/internal/analysis/comparison.go:415.40,417.3 1 4
github.com/mrz1836/go-coverage/internal/analysis/comparison.go:418.2,418.38 1 2
github.com/mrz1836/go-coverage/internal/analysis/comparison.go:418.38,420.3 1 4
github.com/mrz1836/go-coverage/internal/analysis/comparison.go:422.2,422.39 1 2
github.com/mrz1836/go-coverage/internal/analysis/comparison.go:422.39,426.35 3 5
github.com/mrz1836/go-coverage/internal/analysis/comparison.go:426.35,427.12 1 2
github.com/mrz1836/go-coverage/internal/analysis/comparison.go:430.3,433.29 3 3
github.com/mrz1836/go-coverage/internal/analysis/comparison.go:433.29,435.4 1 2
github.com/mrz1836/go-coverage/internal/analysis/comparison.go:435.9,435.37 1 1
github.com/mrz1836/go-coverage/internal/analysis/comparison.go:435.37,437.4 1 1
github.com/mrz1836/go-coverage/internal/analysis/comparison.go:439.3,451.36 3 3
github.com/mrz1836/go-coverage/internal/analysis/comparison.go:455.2,455.64 1 2
github.com/mrz1836/go-coverage/internal/analysis/comparison.go:455.64,456.41 1 1
github.com/mrz1836/go-coverage/internal/analysis/comparison.go:456.41,457.23 1 0
github.com/mrz1836/go-coverage/internal/analysis/comparison.go:457.23,459.5 1 0
github.com/mrz1836/go-coverage/internal/analysis/comparison.go:460.4,460.12 1 0
github.com/mrz1836/go-coverage/internal/analysis/comparison.go:462.3,462.81 1 1
github.com/mrz1836/go-coverage/internal/analysis/comparison.go:465.2,465.16 1 2
github.com/mrz1836/go-coverage/internal/analysis/comparison.go:469.84,478.28 4 2
github.com/mrz1836/go-coverage/internal/analysis/comparison.go:478.28,481.3 2 2
github.com/mrz1836/go-coverage/internal/analysis/comparison.go:481.8,481.36 1 0
github.com/mrz1836/go-coverage/internal/analysis/comparison.go:481.36,484.3 2 0
github.com/mrz1836/go-coverage/internal/analysis/comparison.go:486.2,509.3 4 2
github.com/mrz1836/go-coverage/internal/analysis/comparison.go:513.166,543.2 8 2
github.com/mrz1836/go-coverage/internal/analysis/comparison.go:546.95,552.53 3 2
github.com/mrz1836/go-coverage/internal/analysis/comparison.go:552.53,566.3 1 1
github.com/mrz1836/go-coverage/internal/analysis/comparison.go:569.2,570.48 2 2
github.com/mrz1836/go-coverage/internal/analysis/comparison.go:570.48,571.38 1 6
github.com/mrz1836/go-coverage/internal/analysis/comparison.go:571.38,573.4 1 2
github.com/mrz1836/go-coverage/internal/analysis/comparison.go:576.2,576.23 1 2
github.com/mrz1836/go-coverage/internal/analysis/comparison.go:576.23,590.3 1 1
github.com/mrz1836/go-coverage/internal/analysis/comparison.go:593.2,593.95 1 2
github.com/mrz1836/go-coverage/internal/analysis/comparison.go:593.95,607.3 1 1
github.com/mrz1836/go-coverage/internal/analysis/comparison.go:609.2,609.24 1 2
github.com/mrz1836/go-coverage/internal/analysis/comparison.go:613.88,621.40 6 2
github.com/mrz1836/go-coverage/internal/analysis/comparison.go:621.40,622.41 1 2
github.com/mrz1836/go-coverage/internal/analysis/comparison.go:623.26,624.30 1 2
github.com/mrz1836/go-coverage/internal/analysis/comparison.go:625.26,626.30 1 0
github.com/mrz1836/go-coverage/internal/analysis/comparison.go:631.2,631.40 1 2
github.com/mrz1836/go-coverage/internal/analysis/comparison.go:631.40,634.3 1 2
github.com/mrz1836/go-coverage/internal/analysis/comparison.go:636.2,637.48 2 2
github.com/mrz1836/go-coverage/internal/analysis/comparison.go:637.48,638.31 1 6
github.com/mrz1836/go-coverage/internal/analysis/comparison.go:638.31,640.4 1 4
github.com/mrz1836/go-coverage/internal/analysis/comparison.go:643.2,643.32 1 2
github.com/mrz1836/go-coverage/internal/analysis/comparison.go:643.32,645.3 1 2
github.com/mrz1836/go-coverage/internal/analysis/comparison.go:648.2,649.53 2 2
github.com/mrz1836/go-coverage/internal/analysis/comparison.go:649.53,651.3 1 0
github.com/mrz1836/go-coverage/internal/analysis/comparison.go:653.2,653.95 1 2
github.com/mrz1836/go-coverage/internal/analysis/comparison.go:653.95,655.3 1 0
github.com/mrz1836/go-coverage/internal/analysis/comparison.go:658.2,658.53 1 2
github.com/mrz1836/go-coverage/internal/analysis/comparison.go:658.53,660.3 1 0
github.com/mrz1836/go-coverage/internal/analysis/comparison.go:662.2,662.95 1 2
github.com/mrz1836/go-coverage/internal/analysis/comparison.go:662.95,664.3 1 2
github.com/mrz1836/go-coverage/internal/analysis/comparison.go:667.2,667.45 1 2
github.com/mrz1836/go-coverage/internal/analysis/comparison.go:667.45,668.35 1 2
github.com/mrz1836/go-coverage/internal/analysis/comparison.go:668.35,670.4 1 1
github.com/mrz1836/go-coverage/internal/analysis/comparison.go:673.2,679.3 1 2
github.com/mrz1836/go-coverage/internal/analysis/comparison.go:683.112,685.16 2 3
github.com/mrz1836/go-coverage/internal/analysis/comparison.go:685.16,687.3 1 1
github.com/mrz1836/go-coverage/internal/analysis/comparison.go:688.2,688.15 1 2
github.com/mrz1836/go-coverage/internal/analysis/comparison.go:688.15,688.35 1 2
github.com/mrz1836/go-coverage/internal/analysis/comparison.go:690.2,691.16 2 2
github.com/mrz1836/go-coverage/internal/analysis/comparison.go:691.16,693.3 1 0
github.com/mrz1836/go-coverage/internal/analysis/comparison.go:695.2,696.56 2 2
github.com/mrz1836/go-coverage/internal/analysis/comparison.go:696.56,698.3 1 1
github.com/mrz1836/go-coverage/internal/analysis/comparison.go:700.2,700.23 1 1
github.com/mrz1836/go-coverage/internal/analysis/comparison.go:704.117,706.16 2 1
github.com/mrz1836/go-coverage/internal/analysis/comparison.go:706.16,708.3 1 0
github.com/mrz1836/go-coverage/internal/analysis/comparison.go:711.2,712.48 2 1
github.com/mrz1836/go-coverage/internal/analysis/comparison.go:712.48,714.3 1 0
github.com/mrz1836/go-coverage/internal/analysis/comparison.go:716.2,716.60 1 1
github.com/mrz1836/go-coverage/internal/analysis/comparison.go:716.60,718.3 1 0
github.com/mrz1836/go-coverage/internal/analysis/comparison.go:720.2,720.12 1 1
github.com/mrz1836/go-coverage/internal/analysis/comparison.go:725.70,726.19 1 17
github.com/mrz1836/go-coverage/internal/analysis/comparison.go:726.19,728.3 1 10
github.com/mrz1836/go-coverage/internal/analysis/comparison.go:728.8,728.26 1 7
github.com/mrz1836/go-coverage/internal/analysis/comparison.go:728.26,730.3 1 1
github.com/mrz1836/go-coverage/internal/analysis/comparison.go:730.8,730.26 1 6
github.com/mrz1836/go-coverage/internal/analysis/comparison.go:730.26,732.3 1 2
github.com/mrz1836/go-coverage/internal/analysis/comparison.go:733.2,733.21 1 4
github.com/mrz1836/go-coverage/internal/analysis/comparison.go:736.76,737.71 1 12
github.com/mrz1836/go-coverage/internal/analysis/comparison.go:737.71,739.3 1 1
github.com/mrz1836/go-coverage/internal/analysis/comparison.go:739.8,739.79 1 11
github.com/mrz1836/go-coverage/internal/analysis/comparison.go:739.79,741.3 1 5
github.com/mrz1836/go-coverage/internal/analysis/comparison.go:742.2,742.20 1 6
github.com/mrz1836/go-coverage/internal/analysis/comparison.go:745.76,746.20 1 9
github.com/mrz1836/go-coverage/internal/analysis/comparison.go:746.20,748.3 1 1
github.com/mrz1836/go-coverage/internal/analysis/comparison.go:748.8,748.27 1 8
github.com/mrz1836/go-coverage/internal/analysis/comparison.go:748.27,750.3 1 1
github.com/mrz1836/go-coverage/internal/analysis/comparison.go:750.8,750.27 1 7
github.com/mrz1836/go-coverage/internal/analysis/comparison.go:750.27,752.3 1 3
github.com/mrz1836/go-coverage/internal/analysis/comparison.go:752.8,752.27 1 4
github.com/mrz1836/go-coverage/internal/analysis/comparison.go:752.27,754.3 1 1
github.com/mrz1836/go-coverage/internal/analysis/comparison.go:754.8,754.27 1 3
github.com/mrz1836/go-coverage/internal/analysis/comparison.go:754.27,756.3 1 1
github.com/mrz1836/go-coverage/internal/analysis/comparison.go:756.8,756.27 1 2
github.com/mrz1836/go-coverage/internal/analysis/comparison.go:756.27,758.3 1 1
github.com/mrz1836/go-coverage/internal/analysis/comparison.go:759.2,759.12 1 1
github.com/mrz1836/go-coverage/internal/analysis/comparison.go:762.86,763.67 1 7
github.com/mrz1836/go-coverage/internal/analysis/comparison.go:763.67,765.3 1 3
github.com/mrz1836/go-coverage/internal/analysis/comparison.go:765.8,765.50 1 4
github.com/mrz1836/go-coverage/internal/analysis/comparison.go:765.50,767.3 1 1
github.com/mrz1836/go-coverage/internal/analysis/comparison.go:767.8,767.48 1 3
github.com/mrz1836/go-coverage/internal/analysis/comparison.go:767.48,769.3 1 1
github.com/mrz1836/go-coverage/internal/analysis/comparison.go:769.8,769.75 1 2
github.com/mrz1836/go-coverage/internal/analysis/comparison.go:769.75,771.3 1 1
github.com/mrz1836/go-coverage/internal/analysis/comparison.go:772.2,772.12 1 1
github.com/mrz1836/go-coverage/internal/analysis/comparison.go:775.82,779.2 1 2
github.com/mrz1836/go-coverage/internal/analysis/comparison.go:781.137,784.19 2 6
github.com/mrz1836/go-coverage/internal/analysis/comparison.go:784.19,786.3 1 1
github.com/mrz1836/go-coverage/internal/analysis/comparison.go:786.8,786.26 1 5
github.com/mrz1836/go-coverage/internal/analysis/comparison.go:786.26,788.3 1 1
github.com/mrz1836/go-coverage/internal/analysis/comparison.go:788.8,788.26 1 4
github.com/mrz1836/go-coverage/internal/analysis/comparison.go:788.26,790.3 1 1
github.com/mrz1836/go-coverage/internal/analysis/comparison.go:792.2,792.67 1 6
github.com/mrz1836/go-coverage/internal/analysis/comparison.go:792.67,794.3 1 2
github.com/mrz1836/go-coverage/internal/analysis/comparison.go:796.2,797.41 2 6
github.com/mrz1836/go-coverage/internal/analysis/comparison.go:797.41,798.38 1 16
github.com/mrz1836/go-coverage/internal/analysis/comparison.go:798.38,800.4 1 9
github.com/mrz1836/go-coverage/internal/analysis/comparison.go:803.2,803.23 1 6
github.com/mrz1836/go-coverage/internal/analysis/comparison.go:803.23,805.3 1 1
github.com/mrz1836/go-coverage/internal/analysis/comparison.go:805.8,805.30 1 5
github.com/mrz1836/go-coverage/internal/analysis/comparison.go:805.30,807.3 1 0
github.com/mrz1836/go-coverage/internal/analysis/comparison.go:809.2,809.20 1 6
github.com/mrz1836/go-coverage/internal/analysis/comparison.go:809.20,811.3 1 1
github.com/mrz1836/go-coverage/internal/analysis/comparison.go:811.8,811.27 1 5
github.com/mrz1836/go-coverage/internal/analysis/comparison.go:811.27,813.3 1 1
github.com/mrz1836/go-coverage/internal/analysis/comparison.go:813.8,813.27 1 4
github.com/mrz1836/go-coverage/internal/analysis/comparison.go:813.27,815.3 1 1
github.com/mrz1836/go-coverage/internal/analysis/comparison.go:816.2,816.20 1 3
github.com/mrz1836/go-coverage/internal/analysis/comparison.go:819.107,823.67 2 6
github.com/mrz1836/go-coverage/internal/analysis/comparison.go:823.67,825.3 1 4
github.com/mrz1836/go-coverage/internal/analysis/comparison.go:825.8,825.74 1 2
github.com/mrz1836/go-coverage/internal/analysis/comparison.go:825.74,827.3 1 2
github.com/mrz1836/go-coverage/internal/analysis/comparison.go:830.2,830.17 1 6
github.com/mrz1836/go-coverage/internal/analysis/comparison.go:830.17,832.3 1 1
github.com/mrz1836/go-coverage/internal/analysis/comparison.go:832.8,832.22 1 5
github.com/mrz1836/go-coverage/internal/analysis/comparison.go:832.22,834.3 1 1
github.com/mrz1836/go-coverage/internal/analysis/comparison.go:836.2,836.14 1 6
github.com/mrz1836/go-coverage/internal/analysis/comparison.go:839.163,844.53 3 2
github.com/mrz1836/go-coverage/internal/analysis/comparison.go:844.53,846.3 1 0
github.com/mrz1836/go-coverage/internal/analysis/comparison.go:848.2,848.43 1 2
github.com/mrz1836/go-coverage/internal/analysis/comparison.go:848.43,850.3 1 2
github.com/mrz1836/go-coverage/internal/analysis/comparison.go:852.2,853.41 2 2
github.com/mrz1836/go-coverage/internal/analysis/comparison.go:853.41,854.36 1 6
github.com/mrz1836/go-coverage/internal/analysis/comparison.go:854.36,856.4 1 4
github.com/mrz1836/go-coverage/internal/analysis/comparison.go:859.2,859.36 1 2
github.com/mrz1836/go-coverage/internal/analysis/comparison.go:859.36,861.3 1 2
github.com/mrz1836/go-coverage/internal/analysis/comparison.go:864.2,864.53 1 2
github.com/mrz1836/go-coverage/internal/analysis/comparison.go:864.53,866.3 1 0
github.com/mrz1836/go-coverage/internal/analysis/comparison.go:868.2,868.67 1 2
github.com/mrz1836/go-coverage/internal/analysis/comparison.go:868.67,870.3 1 0
github.com/mrz1836/go-coverage/internal/analysis/comparison.go:872.2,873.41 2 2
github.com/mrz1836/go-coverage/internal/analysis/comparison.go:873.41,874.35 1 6
github.com/mrz1836/go-coverage/internal/analysis/comparison.go:874.35,876.4 1 1
github.com/mrz1836/go-coverage/internal/analysis/comparison.go:879.2,879.19 1 2
github.com/mrz1836/go-coverage/internal/analysis/comparison.go:879.19,881.3 1 1
github.com/mrz1836/go-coverage/internal/analysis/comparison.go:883.2,883.30 1 2
github.com/mrz1836/go-coverage/internal/analysis/comparison.go:886.61,890.2 1 8
github.com/mrz1836/go-coverage/internal/analytics/assets/assets.go:21.43,24.54 2 254
github.com/mrz1836/go-coverage/internal/analytics/assets/assets.go:24.54,26.3 1 2
github.com/mrz1836/go-coverage/internal/analytics/assets/assets.go:29.2,29.79 1 252
github.com/mrz1836/go-coverage/internal/analytics/assets/assets.go:29.79,30.17 1 3024
github.com/mrz1836/go-coverage/internal/analytics/assets/assets.go:30.17,32.4 1 0
github.com/mrz1836/go-coverage/internal/analytics/assets/assets.go:35.3,35.18 1 3024
github.com/mrz1836/go-coverage/internal/analytics/assets/assets.go:35.18,37.4 1 252
github.com/mrz1836/go-coverage/internal/analytics/assets/assets.go:40.3,43.16 2 2772
github.com/mrz1836/go-coverage/internal/analytics/assets/assets.go:43.16,45.4 1 756
github.com/mrz1836/go-coverage/internal/analytics/assets/assets.go:48.3,49.17 2 2016
github.com/mrz1836/go-coverage/internal/analytics/assets/assets.go:49.17,51.4 1 0
github.com/mrz1836/go-coverage/internal/analytics/assets/assets.go:54.3,54.70 1 2016
github.com/mrz1836/go-coverage/internal/analytics/assets/assets.go:54.70,56.4 1 0
github.com/mrz1836/go-coverage/internal/analytics/assets/assets.go:59.3,59.63 1 2016
github.com/mrz1836/go-coverage/internal/analytics/assets/assets.go:59.63,61.4 1 0
github.com/mrz1836/go-coverage/internal/analytics/assets/assets.go:63.3,63.13 1 2016
github.com/mrz1836/go-coverage/internal/analytics/assets/assets.go:68.44,70.16 2 275
github.com/mrz1836/go-coverage/internal/analytics/assets/assets.go:70.16,72.3 1 2
github.com/mrz1836/go-coverage/internal/analytics/assets/assets.go:73.2,73.18 1 273
github.com/mrz1836/go-coverage/internal/analytics/assets/assets.go:77.36,80.2 2 265
github.com/mrz1836/go-coverage/internal/analytics/assets/assets.go:83.37,85.79 2 253
github.com/mrz1836/go-coverage/internal/analytics/assets/assets.go:85.79,86.17 1 3036
github.com/mrz1836/go-coverage/internal/analytics/assets/assets.go:86.17,88.4 1 0
github.com/mrz1836/go-coverage/internal/analytics/assets/assets.go:89.3,89.32 1 3036
github.com/mrz1836/go-coverage/internal/analytics/assets/assets.go:89.32,91.4 1 2024
github.com/mrz1836/go-coverage/internal/analytics/assets/assets.go:92.3,92.13 1 3036
github.com/mrz1836/go-coverage/internal/analytics/assets/assets.go:94.2,94.16 1 253
github.com/mrz1836/go-coverage/internal/analytics/assets/assets.go:94.16,96.3 1 0
github.com/mrz1836/go-coverage/internal/analytics/assets/assets.go:97.2,97.20 1 253
github.com/mrz1836/go-coverage/cmd/go-coverage/main.go:20.31,24.59 2 2
github.com/mrz1836/go-coverage/cmd/go-coverage/main.go:24.59,26.3 1 0
github.com/mrz1836/go-coverage/cmd/go-coverage/main.go:28.2,32.3 1 2
github.com/mrz1836/go-coverage/cmd/go-coverage/main.go:35.13,37.2 1 2
github.com/mrz1836/go-coverage/cmd/go-coverage/main.go:41.16,56.43 4 2
github.com/mrz1836/go-coverage/cmd/go-coverage/main.go:56.43,59.3 2 1
github.com/mrz1836/go-coverage/cmd/go-coverage/main.go:60.2,60.10 1 1
github.com/mrz1836/go-coverage/cmd/go-coverage/version.go:35.36,36.24 1 35
github.com/mrz1836/go-coverage/cmd/go-coverage/version.go:36.24,42.3 1 3
github.com/mrz1836/go-coverage/cmd/go-coverage/version.go:43.2,43.24 1 35
github.com/mrz1836/go-coverage/cmd/go-coverage/version.go:47.26,51.59 2 11
github.com/mrz1836/go-coverage/cmd/go-coverage/version.go:51.59,53.3 1 9
github.com/mrz1836/go-coverage/cmd/go-coverage/version.go:56.2,56.48 1 2
github.com/mrz1836/go-coverage/cmd/go-coverage/version.go:56.48,58.74 1 2
github.com/mrz1836/go-coverage/cmd/go-coverage/version.go:58.74,64.4 3 0
github.com/mrz1836/go-coverage/cmd/go-coverage/version.go:67.3,67.46 1 2
github.com/mrz1836/go-coverage/cmd/go-coverage/version.go:67.46,68.60 1 24
github.com/mrz1836/go-coverage/cmd/go-coverage/version.go:68.60,70.31 1 0
github.com/mrz1836/go-coverage/cmd/go-coverage/version.go:70.31,72.6 1 0
github.com/mrz1836/go-coverage/cmd/go-coverage/version.go:73.5,73.25 1 0
github.com/mrz1836/go-coverage/cmd/go-coverage/version.go:79.2,79.14 1 2
github.com/mrz1836/go-coverage/cmd/go-coverage/version.go:83.25,87.82 2 11
github.com/mrz1836/go-coverage/cmd/go-coverage/version.go:87.82,89.3 1 1
github.com/mrz1836/go-coverage/cmd/go-coverage/version.go:92.2,92.48 1 10
github.com/mrz1836/go-coverage/cmd/go-coverage/version.go:92.48,93.46 1 10
github.com/mrz1836/go-coverage/cmd/go-coverage/version.go:93.46,94.60 1 120
github.com/mrz1836/go-coverage/cmd/go-coverage/version.go:94.60,96.5 1 0
github.com/mrz1836/go-coverage/cmd/go-coverage/version.go:100.2,100.15 1 10
github.com/mrz1836/go-coverage/cmd/go-coverage/version.go:104.28,108.94 2 11
github.com/mrz1836/go-coverage/cmd/go-coverage/version.go:108.94,110.3 1 1
github.com/mrz1836/go-coverage/cmd/go-coverage/version.go:113.2,113.48 1 10
github.com/mrz1836/go-coverage/cmd/go-coverage/version.go:113.48,114.46 1 10
github.com/mrz1836/go-coverage/cmd/go-coverage/version.go:114.46,115.56 1 120
github.com/mrz1836/go-coverage/cmd/go-coverage/version.go:115.56,117.5 1 0
github.com/mrz1836/go-coverage/cmd/go-coverage/version.go:121.2,121.18 1 10
github.com/mrz1836/go-coverage/cmd/go-coverage/version.go:125.24,126.43 1 6
github.com/mrz1836/go-coverage/cmd/go-coverage/version.go:126.43,127.41 1 6
github.com/mrz1836/go-coverage/cmd/go-coverage/version.go:127.41,128.37 1 72
github.com/mrz1836/go-coverage/cmd/go-coverage/version.go:128.37,130.5 1 0
github.com/mrz1836/go-coverage/cmd/go-coverage/version.go:133.2,133.14 1 6
github.com/mrz1836/go-coverage/cmd/go-coverage/version.go:137.38,139.2 1 35
github.com/mrz1836/go-coverage/internal/analytics/dashboard/generator.go:25.43,27.24 2 52
github.com/mrz1836/go-coverage/internal/analytics/dashboard/generator.go:27.24,29.3 1 50
github.com/mrz1836/go-coverage/internal/analytics/dashboard/generator.go:31.2,32.34 2 52
github.com/mrz1836/go-coverage/internal/analytics/dashboard/generator.go:32.34,33.46 1 98
github.com/mrz1836/go-coverage/internal/analytics/dashboard/generator.go:33.46,35.4 1 22
github.com/mrz1836/go-coverage/internal/analytics/dashboard/generator.go:38.2,38.14 1 30
github.com/mrz1836/go-coverage/internal/analytics/dashboard/generator.go:71.55,73.30 2 27
github.com/mrz1836/go-coverage/internal/analytics/dashboard/generator.go:73.30,75.3 1 1
github.com/mrz1836/go-coverage/internal/analytics/dashboard/generator.go:77.2,81.3 1 27
github.com/mrz1836/go-coverage/internal/analytics/dashboard/generator.go:85.77,87.63 1 6
github.com/mrz1836/go-coverage/internal/analytics/dashboard/generator.go:87.63,89.3 1 1
github.com/mrz1836/go-coverage/internal/analytics/dashboard/generator.go:92.2,93.16 2 5
github.com/mrz1836/go-coverage/internal/analytics/dashboard/generator.go:93.16,95.3 1 0
github.com/mrz1836/go-coverage/internal/analytics/dashboard/generator.go:98.2,99.82 2 5
github.com/mrz1836/go-coverage/internal/analytics/dashboard/generator.go:99.82,101.3 1 1
github.com/mrz1836/go-coverage/internal/analytics/dashboard/generator.go:104.2,104.54 1 4
github.com/mrz1836/go-coverage/internal/analytics/dashboard/generator.go:104.54,106.3 1 0
github.com/mrz1836/go-coverage/internal/analytics/dashboard/generator.go:109.2,109.42 1 4
github.com/mrz1836/go-coverage/internal/analytics/dashboard/generator.go:109.42,111.3 1 0
github.com/mrz1836/go-coverage/internal/analytics/dashboard/generator.go:113.2,113.12 1 4
github.com/mrz1836/go-coverage/internal/analytics/dashboard/generator.go:117.100,126.16 4 6
github.com/mrz1836/go-coverage/internal/analytics/dashboard/generator.go:126.16,128.3 1 0
github.com/mrz1836/go-coverage/internal/analytics/dashboard/generator.go:130.2,130.18 1 6
github.com/mrz1836/go-coverage/internal/analytics/dashboard/generator.go:134.64,137.16 3 49
github.com/mrz1836/go-coverage/internal/analytics/dashboard/generator.go:137.16,139.3 1 1
github.com/mrz1836/go-coverage/internal/analytics/dashboard/generator.go:141.2,142.38 2 48
github.com/mrz1836/go-coverage/internal/analytics/dashboard/generator.go:146.59,149.76 2 59
github.com/mrz1836/go-coverage/internal/analytics/dashboard/generator.go:149.76,161.3 4 3
github.com/mrz1836/go-coverage/internal/analytics/dashboard/generator.go:164.2,165.16 2 56
github.com/mrz1836/go-coverage/internal/analytics/dashboard/generator.go:165.16,167.3 1 1
github.com/mrz1836/go-coverage/internal/analytics/dashboard/generator.go:170.2,174.20 4 55
github.com/mrz1836/go-coverage/internal/analytics/dashboard/generator.go:174.20,176.3 1 4
github.com/mrz1836/go-coverage/internal/analytics/dashboard/generator.go:178.2,187.3 3 51
github.com/mrz1836/go-coverage/internal/analytics/dashboard/generator.go:191.50,195.16 3 24
github.com/mrz1836/go-coverage/internal/analytics/dashboard/generator.go:195.16,198.3 1 24
github.com/mrz1836/go-coverage/internal/analytics/dashboard/generator.go:199.2,199.42 1 0
github.com/mrz1836/go-coverage/internal/analytics/dashboard/generator.go:203.97,217.41 8 22
github.com/mrz1836/go-coverage/internal/analytics/dashboard/generator.go:217.41,220.39 3 4
github.com/mrz1836/go-coverage/internal/analytics/dashboard/generator.go:220.39,222.4 1 2
github.com/mrz1836/go-coverage/internal/analytics/dashboard/generator.go:222.9,224.4 1 2
github.com/mrz1836/go-coverage/internal/analytics/dashboard/generator.go:228.2,236.21 5 22
github.com/mrz1836/go-coverage/internal/analytics/dashboard/generator.go:236.21,239.24 3 22
github.com/mrz1836/go-coverage/internal/analytics/dashboard/generator.go:239.24,241.4 1 15
github.com/mrz1836/go-coverage/internal/analytics/dashboard/generator.go:245.2,246.74 2 22
github.com/mrz1836/go-coverage/internal/analytics/dashboard/generator.go:246.74,248.3 1 18
github.com/mrz1836/go-coverage/internal/analytics/dashboard/generator.go:251.2,252.49 2 22
github.com/mrz1836/go-coverage/internal/analytics/dashboard/generator.go:252.49,254.3 1 8
github.com/mrz1836/go-coverage/internal/analytics/dashboard/generator.go:254.8,254.82 1 14
github.com/mrz1836/go-coverage/internal/analytics/dashboard/generator.go:254.82,257.3 1 0
github.com/mrz1836/go-coverage/internal/analytics/dashboard/generator.go:260.2,262.27 3 22
github.com/mrz1836/go-coverage/internal/analytics/dashboard/generator.go:262.27,264.3 1 22
github.com/mrz1836/go-coverage/internal/analytics/dashboard/generator.go:265.2,265.46 1 22
github.com/mrz1836/go-coverage/internal/analytics/dashboard/generator.go:265.46,267.3 1 16
github.com/mrz1836/go-coverage/internal/analytics/dashboard/generator.go:267.8,267.79 1 6
github.com/mrz1836/go-coverage/internal/analytics/dashboard/generator.go:267.79,270.3 1 0
github.com/mrz1836/go-coverage/internal/analytics/dashboard/generator.go:273.2,274.74 2 22
github.com/mrz1836/go-coverage/internal/analytics/dashboard/generator.go:274.74,276.3 1 6
github.com/mrz1836/go-coverage/internal/analytics/dashboard/generator.go:279.2,280.25 2 22
github.com/mrz1836/go-coverage/internal/analytics/dashboard/generator.go:280.25,282.52 1 6
github.com/mrz1836/go-coverage/internal/analytics/dashboard/generator.go:282.52,284.4 1 6
github.com/mrz1836/go-coverage/internal/analytics/dashboard/generator.go:284.9,284.34 1 0
github.com/mrz1836/go-coverage/internal/analytics/dashboard/generator.go:284.34,286.4 1 0
github.com/mrz1836/go-coverage/internal/analytics/dashboard/generator.go:286.9,288.4 1 0
github.com/mrz1836/go-coverage/internal/analytics/dashboard/generator.go:289.8,291.52 1 16
github.com/mrz1836/go-coverage/internal/analytics/dashboard/generator.go:291.52,293.4 1 16
github.com/mrz1836/go-coverage/internal/analytics/dashboard/generator.go:293.9,293.34 1 0
github.com/mrz1836/go-coverage/internal/analytics/dashboard/generator.go:293.34,295.4 1 0
github.com/mrz1836/go-coverage/internal/analytics/dashboard/generator.go:300.2,307.16 4 22
github.com/mrz1836/go-coverage/internal/analytics/dashboard/generator.go:307.16,309.3 1 0
github.com/mrz1836/go-coverage/internal/analytics/dashboard/generator.go:311.2,360.3 1 22
github.com/mrz1836/go-coverage/internal/analytics/dashboard/generator.go:364.56,365.18 1 25
github.com/mrz1836/go-coverage/internal/analytics/dashboard/generator.go:365.18,367.3 1 5
github.com/mrz1836/go-coverage/internal/analytics/dashboard/generator.go:368.2,368.12 1 20
github.com/mrz1836/go-coverage/internal/analytics/dashboard/generator.go:372.97,380.21 4 25
github.com/mrz1836/go-coverage/internal/analytics/dashboard/generator.go:380.21,383.3 2 25
github.com/mrz1836/go-coverage/internal/analytics/dashboard/generator.go:386.2,387.72 2 25
github.com/mrz1836/go-coverage/internal/analytics/dashboard/generator.go:387.72,390.3 1 18
github.com/mrz1836/go-coverage/internal/analytics/dashboard/generator.go:394.2,404.17 2 25
github.com/mrz1836/go-coverage/internal/analytics/dashboard/generator.go:408.59,411.2 2 33
github.com/mrz1836/go-coverage/internal/analytics/dashboard/generator.go:414.85,416.31 2 25
github.com/mrz1836/go-coverage/internal/analytics/dashboard/generator.go:416.31,419.34 2 5
github.com/mrz1836/go-coverage/internal/analytics/dashboard/generator.go:419.34,425.4 1 2
github.com/mrz1836/go-coverage/internal/analytics/dashboard/generator.go:427.3,436.5 1 5
github.com/mrz1836/go-coverage/internal/analytics/dashboard/generator.go:438.2,438.15 1 25
github.com/mrz1836/go-coverage/internal/analytics/dashboard/generator.go:442.74,443.23 1 26
github.com/mrz1836/go-coverage/internal/analytics/dashboard/generator.go:443.23,445.3 1 20
github.com/mrz1836/go-coverage/internal/analytics/dashboard/generator.go:447.2,448.16 2 6
github.com/mrz1836/go-coverage/internal/analytics/dashboard/generator.go:448.16,450.3 1 0
github.com/mrz1836/go-coverage/internal/analytics/dashboard/generator.go:451.2,451.21 1 6
github.com/mrz1836/go-coverage/internal/analytics/dashboard/generator.go:455.90,456.24 1 8
github.com/mrz1836/go-coverage/internal/analytics/dashboard/generator.go:456.24,458.3 1 1
github.com/mrz1836/go-coverage/internal/analytics/dashboard/generator.go:460.2,461.50 2 7
github.com/mrz1836/go-coverage/internal/analytics/dashboard/generator.go:461.50,463.3 1 6
github.com/mrz1836/go-coverage/internal/analytics/dashboard/generator.go:463.8,465.3 1 1
github.com/mrz1836/go-coverage/internal/analytics/dashboard/generator.go:467.2,470.28 2 7
github.com/mrz1836/go-coverage/internal/analytics/dashboard/generator.go:470.28,472.3 1 2
github.com/mrz1836/go-coverage/internal/analytics/dashboard/generator.go:473.2,473.26 1 5
github.com/mrz1836/go-coverage/internal/analytics/dashboard/generator.go:473.26,475.3 1 3
github.com/mrz1836/go-coverage/internal/analytics/dashboard/generator.go:476.2,476.82 1 2
github.com/mrz1836/go-coverage/internal/analytics/dashboard/generator.go:480.83,483.52 2 7
github.com/mrz1836/go-coverage/internal/analytics/dashboard/generator.go:483.52,485.3 1 1
github.com/mrz1836/go-coverage/internal/analytics/dashboard/generator.go:488.2,489.16 2 6
github.com/mrz1836/go-coverage/internal/analytics/dashboard/generator.go:489.16,491.3 1 0
github.com/mrz1836/go-coverage/internal/analytics/dashboard/generator.go:494.2,495.78 2 6
github.com/mrz1836/go-coverage/internal/analytics/dashboard/generator.go:495.78,497.3 1 0
github.com/mrz1836/go-coverage/internal/analytics/dashboard/generator.go:500.2,508.16 3 6
github.com/mrz1836/go-coverage/internal/analytics/dashboard/generator.go:508.16,510.3 1 0
github.com/mrz1836/go-coverage/internal/analytics/dashboard/generator.go:512.2,513.82 2 6
github.com/mrz1836/go-coverage/internal/analytics/dashboard/generator.go:513.82,515.3 1 0
github.com/mrz1836/go-coverage/internal/analytics/dashboard/generator.go:521.2,521.12 1 6
github.com/mrz1836/go-coverage/internal/analytics/dashboard/generator.go:525.57,528.2 1 5
github.com/mrz1836/go-coverage/internal/analytics/dashboard/generator.go:536.48,540.2 1 31
github.com/mrz1836/go-coverage/internal/analytics/dashboard/generator.go:543.92,546.37 1 10
github.com/mrz1836/go-coverage/internal/analytics/dashboard/generator.go:546.37,548.4 1 0
github.com/mrz1836/go-coverage/internal/analytics/dashboard/generator.go:554.2,557.49 3 10
github.com/mrz1836/go-coverage/internal/analytics/dashboard/generator.go:557.49,559.3 1 1
github.com/mrz1836/go-coverage/internal/analytics/dashboard/generator.go:561.2,561.26 1 9
github.com/mrz1836/go-coverage/internal/analytics/dashboard/template.go:8.36,299.2 1 10
github.com/mrz1836/go-coverage/internal/analytics/report/generator.go:90.46,95.2 1 18
github.com/mrz1836/go-coverage/internal/analytics/report/generator.go:98.88,100.63 1 11
github.com/mrz1836/go-coverage/internal/analytics/report/generator.go:100.63,102.3 1 1
github.com/mrz1836/go-coverage/internal/analytics/report/generator.go:105.2,109.16 3 10
github.com/mrz1836/go-coverage/internal/analytics/report/generator.go:109.16,111.3 1 0
github.com/mrz1836/go-coverage/internal/analytics/report/generator.go:114.2,115.62 2 10
github.com/mrz1836/go-coverage/internal/analytics/report/generator.go:115.62,117.3 1 1
github.com/mrz1836/go-coverage/internal/analytics/report/generator.go:120.2,120.64 1 9
github.com/mrz1836/go-coverage/internal/analytics/report/generator.go:120.64,122.3 1 0
github.com/mrz1836/go-coverage/internal/analytics/report/generator.go:124.2,124.12 1 9
github.com/mrz1836/go-coverage/internal/analytics/report/generator.go:128.95,133.21 3 15
github.com/mrz1836/go-coverage/internal/analytics/report/generator.go:133.21,138.39 3 13
github.com/mrz1836/go-coverage/internal/analytics/report/generator.go:138.39,140.4 1 24
github.com/mrz1836/go-coverage/internal/analytics/report/generator.go:141.3,144.37 2 13
github.com/mrz1836/go-coverage/internal/analytics/report/generator.go:144.37,150.36 4 24
github.com/mrz1836/go-coverage/internal/analytics/report/generator.go:150.36,152.5 1 25
github.com/mrz1836/go-coverage/internal/analytics/report/generator.go:153.4,156.39 2 24
github.com/mrz1836/go-coverage/internal/analytics/report/generator.go:156.39,161.42 4 25
github.com/mrz1836/go-coverage/internal/analytics/report/generator.go:161.42,164.24 3 62
github.com/mrz1836/go-coverage/internal/analytics/report/generator.go:164.24,166.7 1 38
github.com/mrz1836/go-coverage/internal/analytics/report/generator.go:169.5,173.120 3 25
github.com/mrz1836/go-coverage/internal/analytics/report/generator.go:173.120,178.6 1 19
github.com/mrz1836/go-coverage/internal/analytics/report/generator.go:180.5,188.17 2 25
github.com/mrz1836/go-coverage/internal/analytics/report/generator.go:191.4,197.6 1 24
github.com/mrz1836/go-coverage/internal/analytics/report/generator.go:202.2,203.21 2 15
github.com/mrz1836/go-coverage/internal/analytics/report/generator.go:203.21,212.3 1 13
github.com/mrz1836/go-coverage/internal/analytics/report/generator.go:212.8,221.3 1 2
github.com/mrz1836/go-coverage/internal/analytics/report/generator.go:224.2,225.116 2 15
github.com/mrz1836/go-coverage/internal/analytics/report/generator.go:225.116,228.3 1 12
github.com/mrz1836/go-coverage/internal/analytics/report/generator.go:231.2,232.115 2 15
github.com/mrz1836/go-coverage/internal/analytics/report/generator.go:232.115,235.3 1 0
github.com/mrz1836/go-coverage/internal/analytics/report/generator.go:238.2,239.21 2 15
github.com/mrz1836/go-coverage/internal/analytics/report/generator.go:239.21,240.30 1 15
github.com/mrz1836/go-coverage/internal/analytics/report/generator.go:240.30,242.71 1 0
github.com/mrz1836/go-coverage/internal/analytics/report/generator.go:242.71,244.5 1 0
github.com/mrz1836/go-coverage/internal/analytics/report/generator.go:244.10,244.44 1 0
github.com/mrz1836/go-coverage/internal/analytics/report/generator.go:244.44,246.5 1 0
github.com/mrz1836/go-coverage/internal/analytics/report/generator.go:246.10,248.5 1 0
github.com/mrz1836/go-coverage/internal/analytics/report/generator.go:249.9,251.71 1 15
github.com/mrz1836/go-coverage/internal/analytics/report/generator.go:251.71,253.5 1 13
github.com/mrz1836/go-coverage/internal/analytics/report/generator.go:253.10,253.44 1 2
github.com/mrz1836/go-coverage/internal/analytics/report/generator.go:253.44,255.5 1 0
github.com/mrz1836/go-coverage/internal/analytics/report/generator.go:260.2,261.21 2 15
github.com/mrz1836/go-coverage/internal/analytics/report/generator.go:261.21,267.3 5 15
github.com/mrz1836/go-coverage/internal/analytics/report/generator.go:270.2,271.51 2 15
github.com/mrz1836/go-coverage/internal/analytics/report/generator.go:271.51,274.3 1 13
github.com/mrz1836/go-coverage/internal/analytics/report/generator.go:277.2,278.16 2 15
github.com/mrz1836/go-coverage/internal/analytics/report/generator.go:278.16,280.3 1 0
github.com/mrz1836/go-coverage/internal/analytics/report/generator.go:283.2,284.57 2 15
github.com/mrz1836/go-coverage/internal/analytics/report/generator.go:284.57,286.3 1 7
github.com/mrz1836/go-coverage/internal/analytics/report/generator.go:286.8,288.3 1 8
github.com/mrz1836/go-coverage/internal/analytics/report/generator.go:290.2,310.3 1 15
github.com/mrz1836/go-coverage/internal/analytics/report/generator.go:314.50,318.16 3 15
github.com/mrz1836/go-coverage/internal/analytics/report/generator.go:318.16,321.3 1 15
github.com/mrz1836/go-coverage/internal/analytics/report/generator.go:324.2,325.12 2 0
github.com/mrz1836/go-coverage/internal/analytics/report/renderer.go:18.30,22.2 1 35
github.com/mrz1836/go-coverage/internal/analytics/report/renderer.go:25.78,28.42 1 41
github.com/mrz1836/go-coverage/internal/analytics/report/renderer.go:28.42,30.4 1 0
github.com/mrz1836/go-coverage/internal/analytics/report/renderer.go:32.32,34.4 1 78
github.com/mrz1836/go-coverage/internal/analytics/report/renderer.go:35.49,36.24 1 25
github.com/mrz1836/go-coverage/internal/analytics/report/renderer.go:36.24,38.5 1 0
github.com/mrz1836/go-coverage/internal/analytics/report/renderer.go:39.4,39.21 1 25
github.com/mrz1836/go-coverage/internal/analytics/report/renderer.go:41.33,43.4 1 864
github.com/mrz1836/go-coverage/internal/analytics/report/renderer.go:44.37,46.4 1 0
github.com/mrz1836/go-coverage/internal/analytics/report/renderer.go:47.36,49.4 1 0
github.com/mrz1836/go-coverage/internal/analytics/report/renderer.go:53.2,54.16 2 41
github.com/mrz1836/go-coverage/internal/analytics/report/renderer.go:54.16,56.3 1 0
github.com/mrz1836/go-coverage/internal/analytics/report/renderer.go:59.2,60.48 2 41
github.com/mrz1836/go-coverage/internal/analytics/report/renderer.go:60.48,62.3 1 2
github.com/mrz1836/go-coverage/internal/analytics/report/renderer.go:64.2,64.25 1 39
github.com/mrz1836/go-coverage/internal/analytics/report/renderer.go:68.30,70.19 2 88
github.com/mrz1836/go-coverage/internal/analytics/report/renderer.go:70.19,72.3 1 64
github.com/mrz1836/go-coverage/internal/analytics/report/renderer.go:74.2,75.25 2 24
github.com/mrz1836/go-coverage/internal/analytics/report/renderer.go:75.25,76.35 1 113
github.com/mrz1836/go-coverage/internal/analytics/report/renderer.go:76.35,78.4 1 27
github.com/mrz1836/go-coverage/internal/analytics/report/renderer.go:79.3,79.23 1 113
github.com/mrz1836/go-coverage/internal/analytics/report/renderer.go:81.2,81.24 1 24
github.com/mrz1836/go-coverage/internal/analytics/report/template.go:8.33,230.2 1 172
github.com/mrz1836/go-coverage/internal/config/config.go:34.43,36.24 2 2
github.com/mrz1836/go-coverage/internal/config/config.go:36.24,38.3 1 2
github.com/mrz1836/go-coverage/internal/config/config.go:40.2,41.34 2 2
github.com/mrz1836/go-coverage/internal/config/config.go:41.34,42.46 1 2
github.com/mrz1836/go-coverage/internal/config/config.go:42.46,44.4 1 2
github.com/mrz1836/go-coverage/internal/config/config.go:47.2,47.14 1 0
github.com/mrz1836/go-coverage/internal/config/config.go:199.26,201.72 1 44
github.com/mrz1836/go-coverage/internal/config/config.go:201.72,203.26 2 43
github.com/mrz1836/go-coverage/internal/config/config.go:203.26,205.4 1 6
github.com/mrz1836/go-coverage/internal/config/config.go:206.3,206.12 1 37
github.com/mrz1836/go-coverage/internal/config/config.go:209.2,210.16 2 1
github.com/mrz1836/go-coverage/internal/config/config.go:210.16,212.3 1 0
github.com/mrz1836/go-coverage/internal/config/config.go:214.2,214.6 1 1
github.com/mrz1836/go-coverage/internal/config/config.go:214.6,216.29 2 3
github.com/mrz1836/go-coverage/internal/config/config.go:216.29,218.4 1 1
github.com/mrz1836/go-coverage/internal/config/config.go:220.3,221.20 2 2
github.com/mrz1836/go-coverage/internal/config/config.go:221.20,222.9 1 0
github.com/mrz1836/go-coverage/internal/config/config.go:224.3,224.15 1 2
github.com/mrz1836/go-coverage/internal/config/config.go:227.2,227.11 1 0
github.com/mrz1836/go-coverage/internal/config/config.go:231.39,233.33 2 46
github.com/mrz1836/go-coverage/internal/config/config.go:233.33,235.3 1 38
github.com/mrz1836/go-coverage/internal/config/config.go:237.2,238.16 2 8
github.com/mrz1836/go-coverage/internal/config/config.go:238.16,240.3 1 0
github.com/mrz1836/go-coverage/internal/config/config.go:242.2,242.25 1 8
github.com/mrz1836/go-coverage/internal/config/config.go:248.40,251.72 2 36
github.com/mrz1836/go-coverage/internal/config/config.go:251.72,253.3 1 36
github.com/mrz1836/go-coverage/internal/config/config.go:253.8,256.17 3 0
github.com/mrz1836/go-coverage/internal/config/config.go:256.17,258.4 1 0
github.com/mrz1836/go-coverage/internal/config/config.go:261.2,262.6 2 36
github.com/mrz1836/go-coverage/internal/config/config.go:262.6,264.55 2 72
github.com/mrz1836/go-coverage/internal/config/config.go:264.55,266.4 1 2
github.com/mrz1836/go-coverage/internal/config/config.go:268.3,269.20 2 70
github.com/mrz1836/go-coverage/internal/config/config.go:269.20,270.9 1 34
github.com/mrz1836/go-coverage/internal/config/config.go:272.3,272.15 1 36
github.com/mrz1836/go-coverage/internal/config/config.go:275.2,275.31 1 34
github.com/mrz1836/go-coverage/internal/config/config.go:279.48,281.47 2 2
github.com/mrz1836/go-coverage/internal/config/config.go:281.47,283.3 1 1
github.com/mrz1836/go-coverage/internal/config/config.go:284.2,284.11 1 1
github.com/mrz1836/go-coverage/internal/config/config.go:288.18,290.2 1 9
github.com/mrz1836/go-coverage/internal/config/config.go:296.30,298.42 1 41
github.com/mrz1836/go-coverage/internal/config/config.go:298.42,299.57 1 5
github.com/mrz1836/go-coverage/internal/config/config.go:299.57,301.4 1 0
github.com/mrz1836/go-coverage/internal/config/config.go:302.8,305.17 2 36
github.com/mrz1836/go-coverage/internal/config/config.go:305.17,306.57 1 2
github.com/mrz1836/go-coverage/internal/config/config.go:306.57,308.5 1 0
github.com/mrz1836/go-coverage/internal/config/config.go:309.4,309.67 1 2
github.com/mrz1836/go-coverage/internal/config/config.go:309.67,310.72 1 1
github.com/mrz1836/go-coverage/internal/config/config.go:310.72,312.6 1 0
github.com/mrz1836/go-coverage/internal/config/config.go:318.2,384.20 2 41
github.com/mrz1836/go-coverage/internal/config/config.go:388.35,390.60 1 25
github.com/mrz1836/go-coverage/internal/config/config.go:390.60,392.3 1 4
github.com/mrz1836/go-coverage/internal/config/config.go:396.2,396.32 1 21
github.com/mrz1836/go-coverage/internal/config/config.go:396.32,398.3 1 2
github.com/mrz1836/go-coverage/internal/config/config.go:401.2,401.54 1 19
github.com/mrz1836/go-coverage/internal/config/config.go:401.54,402.27 1 6
github.com/mrz1836/go-coverage/internal/config/config.go:402.27,404.4 1 4
github.com/mrz1836/go-coverage/internal/config/config.go:405.3,405.27 1 2
github.com/mrz1836/go-coverage/internal/config/config.go:405.27,407.4 1 1
github.com/mrz1836/go-coverage/internal/config/config.go:408.3,408.32 1 1
github.com/mrz1836/go-coverage/internal/config/config.go:408.32,410.4 1 1
github.com/mrz1836/go-coverage/internal/config/config.go:414.2,415.43 2 13
github.com/mrz1836/go-coverage/internal/config/config.go:415.43,417.3 1 1
github.com/mrz1836/go-coverage/internal/config/config.go:420.2,421.44 2 12
github.com/mrz1836/go-coverage/internal/config/config.go:421.44,423.3 1 1
github.com/mrz1836/go-coverage/internal/config/config.go:426.2,426.23 1 11
github.com/mrz1836/go-coverage/internal/config/config.go:426.23,427.35 1 2
github.com/mrz1836/go-coverage/internal/config/config.go:427.35,429.4 1 1
github.com/mrz1836/go-coverage/internal/config/config.go:430.3,430.32 1 1
github.com/mrz1836/go-coverage/internal/config/config.go:430.32,432.4 1 1
github.com/mrz1836/go-coverage/internal/config/config.go:435.2,435.12 1 9
github.com/mrz1836/go-coverage/internal/config/config.go:439.41,441.2 1 13
github.com/mrz1836/go-coverage/internal/config/config.go:444.46,446.2 1 8
github.com/mrz1836/go-coverage/internal/config/config.go:449.39,450.55 1 4
github.com/mrz1836/go-coverage/internal/config/config.go:450.55,452.3 1 2
github.com/mrz1836/go-coverage/internal/config/config.go:455.2,458.30 2 2
github.com/mrz1836/go-coverage/internal/config/config.go:458.30,460.3 1 1
github.com/mrz1836/go-coverage/internal/config/config.go:463.2,464.26 2 1
github.com/mrz1836/go-coverage/internal/config/config.go:464.26,467.3 1 1
github.com/mrz1836/go-coverage/internal/config/config.go:470.2,470.66 1 0
github.com/mrz1836/go-coverage/internal/config/config.go:474.40,475.55 1 4
github.com/mrz1836/go-coverage/internal/config/config.go:475.55,477.3 1 2
github.com/mrz1836/go-coverage/internal/config/config.go:480.2,483.30 2 2
github.com/mrz1836/go-coverage/internal/config/config.go:483.30,485.3 1 1
github.com/mrz1836/go-coverage/internal/config/config.go:488.2,489.26 2 1
github.com/mrz1836/go-coverage/internal/config/config.go:489.26,492.3 1 1
github.com/mrz1836/go-coverage/internal/config/config.go:495.2,495.75 1 0
github.com/mrz1836/go-coverage/internal/config/config.go:499.44,502.58 1 6
github.com/mrz1836/go-coverage/internal/config/config.go:502.58,504.3 1 1
github.com/mrz1836/go-coverage/internal/config/config.go:505.2,505.58 1 5
github.com/mrz1836/go-coverage/internal/config/config.go:505.58,507.3 1 3
github.com/mrz1836/go-coverage/internal/config/config.go:508.2,508.47 1 2
github.com/mrz1836/go-coverage/internal/config/config.go:508.47,510.44 1 1
github.com/mrz1836/go-coverage/internal/config/config.go:510.44,512.4 1 1
github.com/mrz1836/go-coverage/internal/config/config.go:516.2,516.50 1 1
github.com/mrz1836/go-coverage/internal/config/config.go:516.50,518.3 1 1
github.com/mrz1836/go-coverage/internal/config/config.go:522.2,522.17 1 0
github.com/mrz1836/go-coverage/internal/config/config.go:526.44,528.2 1 4
github.com/mrz1836/go-coverage/internal/config/config.go:531.54,534.16 2 11
github.com/mrz1836/go-coverage/internal/config/config.go:534.16,536.3 1 0
github.com/mrz1836/go-coverage/internal/config/config.go:539.2,539.70 1 11
github.com/mrz1836/go-coverage/internal/config/config.go:539.70,541.3 1 6
github.com/mrz1836/go-coverage/internal/config/config.go:544.2,544.56 1 5
github.com/mrz1836/go-coverage/internal/config/config.go:544.56,546.3 1 2
github.com/mrz1836/go-coverage/internal/config/config.go:549.2,551.118 2 3
github.com/mrz1836/go-coverage/internal/config/config.go:551.118,554.3 1 1
github.com/mrz1836/go-coverage/internal/config/config.go:554.8,555.155 1 2
github.com/mrz1836/go-coverage/internal/config/config.go:555.155,558.3 1 0
github.com/mrz1836/go-coverage/internal/config/config.go:560.2,560.20 1 3
github.com/mrz1836/go-coverage/internal/config/config.go:560.20,561.57 1 1
github.com/mrz1836/go-coverage/internal/config/config.go:561.57,563.69 1 1
github.com/mrz1836/go-coverage/internal/config/config.go:563.69,565.5 1 0
github.com/mrz1836/go-coverage/internal/config/config.go:567.4,567.23 1 1
github.com/mrz1836/go-coverage/internal/config/config.go:572.2,572.24 1 2
github.com/mrz1836/go-coverage/internal/config/config.go:576.46,580.105 2 5
github.com/mrz1836/go-coverage/internal/config/config.go:580.105,582.21 2 2
github.com/mrz1836/go-coverage/internal/config/config.go:582.21,584.4 1 2
github.com/mrz1836/go-coverage/internal/config/config.go:587.2,587.11 1 3
github.com/mrz1836/go-coverage/internal/config/config.go:591.62,595.33 2 8
github.com/mrz1836/go-coverage/internal/config/config.go:595.33,597.3 1 2
github.com/mrz1836/go-coverage/internal/config/config.go:600.2,601.16 2 6
github.com/mrz1836/go-coverage/internal/config/config.go:601.16,603.3 1 0
github.com/mrz1836/go-coverage/internal/config/config.go:606.2,608.16 3 6
github.com/mrz1836/go-coverage/internal/config/config.go:608.16,610.3 1 0
github.com/mrz1836/go-coverage/internal/config/config.go:612.2,612.21 1 6
github.com/mrz1836/go-coverage/internal/config/config.go:616.44,620.110 2 2
github.com/mrz1836/go-coverage/internal/config/config.go:620.110,623.39 2 2
github.com/mrz1836/go-coverage/internal/config/config.go:623.39,625.4 1 2
github.com/mrz1836/go-coverage/internal/config/config.go:629.2,629.101 1 0
github.com/mrz1836/go-coverage/internal/config/config.go:629.101,631.19 2 0
github.com/mrz1836/go-coverage/internal/config/config.go:631.19,633.4 1 0
github.com/mrz1836/go-coverage/internal/config/config.go:637.2,637.11 1 0
github.com/mrz1836/go-coverage/internal/config/config.go:642.52,643.42 1 740
github.com/mrz1836/go-coverage/internal/config/config.go:643.42,645.3 1 24
github.com/mrz1836/go-coverage/internal/config/config.go:646.2,646.21 1 716
github.com/mrz1836/go-coverage/internal/config/config.go:649.50,650.42 1 167
github.com/mrz1836/go-coverage/internal/config/config.go:650.42,651.53 1 8
github.com/mrz1836/go-coverage/internal/config/config.go:651.53,653.4 1 6
github.com/mrz1836/go-coverage/internal/config/config.go:655.2,655.21 1 161
github.com/mrz1836/go-coverage/internal/config/config.go:659.80,665.18 2 82
github.com/mrz1836/go-coverage/internal/config/config.go:665.18,667.3 1 0
github.com/mrz1836/go-coverage/internal/config/config.go:668.2,668.44 1 82
github.com/mrz1836/go-coverage/internal/config/config.go:668.44,670.3 1 0
github.com/mrz1836/go-coverage/internal/config/config.go:671.2,671.25 1 82
github.com/mrz1836/go-coverage/internal/config/config.go:671.25,674.3 2 0
github.com/mrz1836/go-coverage/internal/config/config.go:677.2,680.48 2 82
github.com/mrz1836/go-coverage/internal/config/config.go:680.48,682.101 1 2
github.com/mrz1836/go-coverage/internal/config/config.go:682.101,684.4 1 2
github.com/mrz1836/go-coverage/internal/config/config.go:688.2,688.22 1 82
github.com/mrz1836/go-coverage/internal/config/config.go:688.22,690.3 1 0
github.com/mrz1836/go-coverage/internal/config/config.go:690.8,690.29 1 82
github.com/mrz1836/go-coverage/internal/config/config.go:690.29,692.3 1 0
github.com/mrz1836/go-coverage/internal/config/config.go:696.2,696.15 1 82
github.com/mrz1836/go-coverage/internal/config/config.go:696.15,698.3 1 0
github.com/mrz1836/go-coverage/internal/config/config.go:700.2,700.22 1 82
github.com/mrz1836/go-coverage/internal/config/config.go:703.60,704.42 1 44
github.com/mrz1836/go-coverage/internal/config/config.go:704.42,705.63 1 25
github.com/mrz1836/go-coverage/internal/config/config.go:705.63,707.4 1 23
github.com/mrz1836/go-coverage/internal/config/config.go:709.2,709.21 1 21
github.com/mrz1836/go-coverage/internal/config/config.go:712.53,713.42 1 672
github.com/mrz1836/go-coverage/internal/config/config.go:713.42,714.33 1 27
github.com/mrz1836/go-coverage/internal/config/config.go:715.33,716.15 1 8
github.com/mrz1836/go-coverage/internal/config/config.go:717.34,718.16 1 18
github.com/mrz1836/go-coverage/internal/config/config.go:721.2,721.21 1 646
github.com/mrz1836/go-coverage/internal/config/config.go:724.75,725.42 1 126
github.com/mrz1836/go-coverage/internal/config/config.go:725.42,726.59 1 3
github.com/mrz1836/go-coverage/internal/config/config.go:726.59,728.4 1 2
github.com/mrz1836/go-coverage/internal/config/config.go:730.2,730.21 1 124
github.com/mrz1836/go-coverage/internal/config/config.go:733.68,734.42 1 85
github.com/mrz1836/go-coverage/internal/config/config.go:734.42,736.3 1 4
github.com/mrz1836/go-coverage/internal/config/config.go:737.2,737.21 1 81
github.com/mrz1836/go-coverage/internal/config/config.go:740.36,742.56 1 45
github.com/mrz1836/go-coverage/internal/config/config.go:742.56,744.22 2 18
github.com/mrz1836/go-coverage/internal/config/config.go:744.22,746.4 1 15
github.com/mrz1836/go-coverage/internal/config/config.go:748.2,748.11 1 30
github.com/mrz1836/go-coverage/internal/config/config.go:751.49,753.2 1 29
github.com/mrz1836/go-coverage/internal/envfile/envfile.go:22.34,24.2 1 5
github.com/mrz1836/go-coverage/internal/envfile/envfile.go:27.38,29.2 1 15
github.com/mrz1836/go-coverage/internal/envfile/envfile.go:34.52,36.16 2 9
github.com/mrz1836/go-coverage/internal/envfile/envfile.go:36.16,38.3 1 1
github.com/mrz1836/go-coverage/internal/envfile/envfile.go:39.2,39.19 1 8
github.com/mrz1836/go-coverage/internal/envfile/envfile.go:39.19,41.3 1 1
github.com/mrz1836/go-coverage/internal/envfile/envfile.go:43.2,45.16 3 7
github.com/mrz1836/go-coverage/internal/envfile/envfile.go:45.16,47.3 1 0
github.com/mrz1836/go-coverage/internal/envfile/envfile.go:49.2,49.23 1 7
github.com/mrz1836/go-coverage/internal/envfile/envfile.go:49.23,51.3 1 1
github.com/mrz1836/go-coverage/internal/envfile/envfile.go:53.2,55.31 2 6
github.com/mrz1836/go-coverage/internal/envfile/envfile.go:55.31,56.57 1 13
github.com/mrz1836/go-coverage/internal/envfile/envfile.go:56.57,57.12 1 1
github.com/mrz1836/go-coverage/internal/envfile/envfile.go:59.3,59.40 1 12
github.com/mrz1836/go-coverage/internal/envfile/envfile.go:59.40,61.4 1 0
github.com/mrz1836/go-coverage/internal/envfile/envfile.go:64.2,64.12 1 6
github.com/mrz1836/go-coverage/internal/envfile/envfile.go:69.53,71.16 2 20
github.com/mrz1836/go-coverage/internal/envfile/envfile.go:71.16,73.3 1 1
github.com/mrz1836/go-coverage/internal/envfile/envfile.go:75.2,77.33 2 19
github.com/mrz1836/go-coverage/internal/envfile/envfile.go:77.33,78.15 1 24
github.com/mrz1836/go-coverage/internal/envfile/envfile.go:78.15,79.48 1 19
github.com/mrz1836/go-coverage/internal/envfile/envfile.go:79.48,81.5 1 0
github.com/mrz1836/go-coverage/internal/envfile/envfile.go:82.9,83.47 1 5
github.com/mrz1836/go-coverage/internal/envfile/envfile.go:83.47,84.49 1 4
github.com/mrz1836/go-coverage/internal/envfile/envfile.go:84.49,86.6 1 0
github.com/mrz1836/go-coverage/internal/envfile/envfile.go:91.2,91.12 1 19
github.com/mrz1836/go-coverage/internal/envfile/envfile.go:95.46,99.29 3 27
github.com/mrz1836/go-coverage/internal/envfile/envfile.go:99.29,103.49 2 80
github.com/mrz1836/go-coverage/internal/envfile/envfile.go:103.49,104.12 1 27
github.com/mrz1836/go-coverage/internal/envfile/envfile.go:108.3,109.18 2 53
github.com/mrz1836/go-coverage/internal/envfile/envfile.go:109.18,110.12 1 1
github.com/mrz1836/go-coverage/internal/envfile/envfile.go:113.3,114.16 2 52
github.com/mrz1836/go-coverage/internal/envfile/envfile.go:114.16,115.12 1 1
github.com/mrz1836/go-coverage/internal/envfile/envfile.go:119.3,125.22 5 51
github.com/mrz1836/go-coverage/internal/envfile/envfile.go:128.2,128.15 1 27
github.com/mrz1836/go-coverage/internal/envfile/envfile.go:132.40,135.21 2 61
github.com/mrz1836/go-coverage/internal/envfile/envfile.go:135.21,137.3 1 1
github.com/mrz1836/go-coverage/internal/envfile/envfile.go:140.2,140.70 1 60
github.com/mrz1836/go-coverage/internal/envfile/envfile.go:140.70,142.3 1 4
github.com/mrz1836/go-coverage/internal/envfile/envfile.go:145.2,145.72 1 56
github.com/mrz1836/go-coverage/internal/envfile/envfile.go:145.72,147.3 1 2
github.com/mrz1836/go-coverage/internal/envfile/envfile.go:150.2,150.49 1 54
github.com/mrz1836/go-coverage/internal/envfile/envfile.go:150.49,152.3 1 2
github.com/mrz1836/go-coverage/internal/envfile/envfile.go:153.2,153.50 1 54
github.com/mrz1836/go-coverage/internal/envfile/envfile.go:153.50,155.3 1 2
github.com/mrz1836/go-coverage/internal/envfile/envfile.go:157.2,157.14 1 54
github.com/mrz1836/go-coverage/internal/badge/generator.go:80.23,98.2 1 162
github.com/mrz1836/go-coverage/internal/badge/generator.go:101.47,107.2 1 16
github.com/mrz1836/go-coverage/internal/badge/generator.go:110.36,111.25 1 272
github.com/mrz1836/go-coverage/internal/badge/generator.go:111.25,113.3 1 272
github.com/mrz1836/go-coverage/internal/badge/generator.go:115.2,115.38 1 0
github.com/mrz1836/go-coverage/internal/badge/generator.go:119.106,128.30 2 43
github.com/mrz1836/go-coverage/internal/badge/generator.go:128.30,130.3 1 27
github.com/mrz1836/go-coverage/internal/badge/generator.go:132.2,145.36 4 43
github.com/mrz1836/go-coverage/internal/badge/generator.go:149.123,154.9 4 25
github.com/mrz1836/go-coverage/internal/badge/generator.go:155.18,157.40 2 7
github.com/mrz1836/go-coverage/internal/badge/generator.go:158.19,160.34 2 7
github.com/mrz1836/go-coverage/internal/badge/generator.go:161.10,163.20 2 11
github.com/mrz1836/go-coverage/internal/badge/generator.go:166.2,171.30 2 25
github.com/mrz1836/go-coverage/internal/badge/generator.go:171.30,173.3 1 0
github.com/mrz1836/go-coverage/internal/badge/generator.go:175.2,185.36 2 25
github.com/mrz1836/go-coverage/internal/badge/generator.go:189.70,190.9 1 100
github.com/mrz1836/go-coverage/internal/badge/generator.go:191.56,192.19 1 28
github.com/mrz1836/go-coverage/internal/badge/generator.go:193.51,194.24 1 20
github.com/mrz1836/go-coverage/internal/badge/generator.go:195.57,196.19 1 10
github.com/mrz1836/go-coverage/internal/badge/generator.go:197.50,198.19 1 4
github.com/mrz1836/go-coverage/internal/badge/generator.go:199.10,200.19 1 38
github.com/mrz1836/go-coverage/internal/badge/generator.go:205.56,206.14 1 43
github.com/mrz1836/go-coverage/internal/badge/generator.go:207.19,208.19 1 9
github.com/mrz1836/go-coverage/internal/badge/generator.go:209.14,210.24 1 2
github.com/mrz1836/go-coverage/internal/badge/generator.go:211.20,212.19 1 2
github.com/mrz1836/go-coverage/internal/badge/generator.go:213.13,214.19 1 9
github.com/mrz1836/go-coverage/internal/badge/generator.go:215.14,216.19 1 2
github.com/mrz1836/go-coverage/internal/badge/generator.go:217.10,218.19 1 19
github.com/mrz1836/go-coverage/internal/badge/generator.go:223.81,224.31 1 101
github.com/mrz1836/go-coverage/internal/badge/generator.go:225.17,227.322 1 8
github.com/mrz1836/go-coverage/internal/badge/generator.go:228.10,230.12 1 61
github.com/mrz1836/go-coverage/internal/badge/generator.go:231.10,233.74 1 32
github.com/mrz1836/go-coverage/internal/badge/generator.go:233.74,235.4 1 9
github.com/mrz1836/go-coverage/internal/badge/generator.go:239.3,240.38 2 23
github.com/mrz1836/go-coverage/internal/badge/generator.go:240.38,244.18 2 8
github.com/mrz1836/go-coverage/internal/badge/generator.go:244.18,254.5 2 0
github.com/mrz1836/go-coverage/internal/badge/generator.go:257.4,261.84 3 8
github.com/mrz1836/go-coverage/internal/badge/generator.go:261.84,263.5 1 4
github.com/mrz1836/go-coverage/internal/badge/generator.go:263.10,265.5 1 4
github.com/mrz1836/go-coverage/internal/badge/generator.go:268.4,268.19 1 4
github.com/mrz1836/go-coverage/internal/badge/generator.go:268.19,270.82 2 1
github.com/mrz1836/go-coverage/internal/badge/generator.go:270.82,273.6 2 0
github.com/mrz1836/go-coverage/internal/badge/generator.go:273.11,275.6 1 1
github.com/mrz1836/go-coverage/internal/badge/generator.go:279.4,280.13 2 4
github.com/mrz1836/go-coverage/internal/badge/generator.go:283.3,284.12 2 15
github.com/mrz1836/go-coverage/internal/badge/generator.go:290.46,292.38 1 38
github.com/mrz1836/go-coverage/internal/badge/generator.go:292.38,294.3 1 0
github.com/mrz1836/go-coverage/internal/badge/generator.go:297.2,297.25 1 38
github.com/mrz1836/go-coverage/internal/badge/generator.go:297.25,298.63 1 201
github.com/mrz1836/go-coverage/internal/badge/generator.go:298.63,300.4 1 26
github.com/mrz1836/go-coverage/internal/badge/generator.go:304.2,305.89 2 12
github.com/mrz1836/go-coverage/internal/badge/generator.go:309.68,311.17 1 14
github.com/mrz1836/go-coverage/internal/badge/generator.go:311.17,313.3 1 2
github.com/mrz1836/go-coverage/internal/badge/generator.go:316.2,316.63 1 12
github.com/mrz1836/go-coverage/internal/badge/generator.go:316.63,318.51 1 3
github.com/mrz1836/go-coverage/internal/badge/generator.go:318.51,322.4 1 1
github.com/mrz1836/go-coverage/internal/badge/generator.go:323.3,323.17 1 2
github.com/mrz1836/go-coverage/internal/badge/generator.go:327.2,329.16 3 9
github.com/mrz1836/go-coverage/internal/badge/generator.go:329.16,331.3 1 0
github.com/mrz1836/go-coverage/internal/badge/generator.go:333.2,340.49 4 9
github.com/mrz1836/go-coverage/internal/badge/generator.go:344.68,349.45 2 13
github.com/mrz1836/go-coverage/internal/badge/generator.go:349.45,361.97 3 10
github.com/mrz1836/go-coverage/internal/badge/generator.go:361.97,364.19 2 0
github.com/mrz1836/go-coverage/internal/badge/generator.go:364.19,366.18 2 0
github.com/mrz1836/go-coverage/internal/badge/generator.go:366.18,370.6 3 0
github.com/mrz1836/go-coverage/internal/badge/generator.go:373.8,377.22 2 3
github.com/mrz1836/go-coverage/internal/badge/generator.go:377.22,380.4 1 3
github.com/mrz1836/go-coverage/internal/badge/generator.go:383.2,383.20 1 13
github.com/mrz1836/go-coverage/internal/badge/generator.go:387.59,392.45 2 5
github.com/mrz1836/go-coverage/internal/badge/generator.go:392.45,404.97 3 4
github.com/mrz1836/go-coverage/internal/badge/generator.go:404.97,407.19 2 1
github.com/mrz1836/go-coverage/internal/badge/generator.go:407.19,409.18 2 1
github.com/mrz1836/go-coverage/internal/badge/generator.go:409.18,413.6 3 1
github.com/mrz1836/go-coverage/internal/badge/generator.go:416.8,420.22 2 1
github.com/mrz1836/go-coverage/internal/badge/generator.go:420.22,423.4 1 1
github.com/mrz1836/go-coverage/internal/badge/generator.go:426.2,426.20 1 5
github.com/mrz1836/go-coverage/internal/badge/generator.go:430.118,433.17 2 9
github.com/mrz1836/go-coverage/internal/badge/generator.go:433.17,437.3 2 3
github.com/mrz1836/go-coverage/internal/badge/generator.go:437.8,439.3 1 6
github.com/mrz1836/go-coverage/internal/badge/generator.go:442.2,447.34 5 9
github.com/mrz1836/go-coverage/internal/badge/generator.go:447.34,449.95 1 14
github.com/mrz1836/go-coverage/internal/badge/generator.go:449.95,452.4 2 0
github.com/mrz1836/go-coverage/internal/badge/generator.go:455.3,456.26 2 14
github.com/mrz1836/go-coverage/internal/badge/generator.go:456.26,458.4 1 1
github.com/mrz1836/go-coverage/internal/badge/generator.go:458.9,462.4 1 13
github.com/mrz1836/go-coverage/internal/badge/generator.go:465.3,466.17 2 14
github.com/mrz1836/go-coverage/internal/badge/generator.go:466.17,468.12 2 0
github.com/mrz1836/go-coverage/internal/badge/generator.go:472.3,476.17 3 14
github.com/mrz1836/go-coverage/internal/badge/generator.go:476.17,479.96 2 0
github.com/mrz1836/go-coverage/internal/badge/generator.go:479.96,482.5 2 0
github.com/mrz1836/go-coverage/internal/badge/generator.go:484.4,484.30 1 0
github.com/mrz1836/go-coverage/internal/badge/generator.go:484.30,488.5 3 0
github.com/mrz1836/go-coverage/internal/badge/generator.go:489.4,489.12 1 0
github.com/mrz1836/go-coverage/internal/badge/generator.go:493.3,493.39 1 14
github.com/mrz1836/go-coverage/internal/badge/generator.go:493.39,497.30 3 10
github.com/mrz1836/go-coverage/internal/badge/generator.go:497.30,501.5 3 5
github.com/mrz1836/go-coverage/internal/badge/generator.go:502.4,502.12 1 10
github.com/mrz1836/go-coverage/internal/badge/generator.go:506.3,508.17 3 4
github.com/mrz1836/go-coverage/internal/badge/generator.go:508.17,511.30 2 0
github.com/mrz1836/go-coverage/internal/badge/generator.go:511.30,515.5 3 0
github.com/mrz1836/go-coverage/internal/badge/generator.go:516.4,516.12 1 0
github.com/mrz1836/go-coverage/internal/badge/generator.go:520.3,521.18 2 4
github.com/mrz1836/go-coverage/internal/badge/generator.go:521.18,524.4 1 2
github.com/mrz1836/go-coverage/internal/badge/generator.go:525.3,526.59 2 4
github.com/mrz1836/go-coverage/internal/badge/generator.go:530.2,530.35 1 5
github.com/mrz1836/go-coverage/internal/badge/generator.go:530.35,533.3 2 0
github.com/mrz1836/go-coverage/internal/badge/generator.go:535.2,537.34 3 5
github.com/mrz1836/go-coverage/internal/badge/generator.go:537.34,539.95 1 10
github.com/mrz1836/go-coverage/internal/badge/generator.go:539.95,542.4 2 0
github.com/mrz1836/go-coverage/internal/badge/generator.go:545.3,546.26 2 10
github.com/mrz1836/go-coverage/internal/badge/generator.go:546.26,548.4 1 0
github.com/mrz1836/go-coverage/internal/badge/generator.go:548.9,550.4 1 10
github.com/mrz1836/go-coverage/internal/badge/generator.go:551.3,552.17 2 10
github.com/mrz1836/go-coverage/internal/badge/generator.go:552.17,554.12 2 0
github.com/mrz1836/go-coverage/internal/badge/generator.go:557.3,560.17 3 10
github.com/mrz1836/go-coverage/internal/badge/generator.go:560.17,563.96 2 0
github.com/mrz1836/go-coverage/internal/badge/generator.go:563.96,566.5 2 0
github.com/mrz1836/go-coverage/internal/badge/generator.go:567.4,567.30 1 0
github.com/mrz1836/go-coverage/internal/badge/generator.go:567.30,571.5 3 0
github.com/mrz1836/go-coverage/internal/badge/generator.go:572.4,572.12 1 0
github.com/mrz1836/go-coverage/internal/badge/generator.go:575.3,575.39 1 10
github.com/mrz1836/go-coverage/internal/badge/generator.go:575.39,578.30 3 10
github.com/mrz1836/go-coverage/internal/badge/generator.go:578.30,582.5 3 5
github.com/mrz1836/go-coverage/internal/badge/generator.go:583.4,583.12 1 10
github.com/mrz1836/go-coverage/internal/badge/generator.go:586.3,588.17 3 0
github.com/mrz1836/go-coverage/internal/badge/generator.go:588.17,590.30 2 0
github.com/mrz1836/go-coverage/internal/badge/generator.go:590.30,594.5 3 0
github.com/mrz1836/go-coverage/internal/badge/generator.go:595.4,595.12 1 0
github.com/mrz1836/go-coverage/internal/badge/generator.go:599.3,600.18 2 0
github.com/mrz1836/go-coverage/internal/badge/generator.go:600.18,603.4 1 0
github.com/mrz1836/go-coverage/internal/badge/generator.go:604.3,605.59 2 0
github.com/mrz1836/go-coverage/internal/badge/generator.go:609.2,609.92 1 5
github.com/mrz1836/go-coverage/internal/badge/generator.go:613.79,614.9 1 71
github.com/mrz1836/go-coverage/internal/badge/generator.go:615.20,616.24 1 1
github.com/mrz1836/go-coverage/internal/badge/generator.go:617.10,617.10 0 70
github.com/mrz1836/go-coverage/internal/badge/generator.go:621.2,624.21 4 70
github.com/mrz1836/go-coverage/internal/badge/generator.go:624.21,626.3 1 6
github.com/mrz1836/go-coverage/internal/badge/generator.go:628.2,632.20 3 70
github.com/mrz1836/go-coverage/internal/badge/generator.go:633.21,634.101 1 3
github.com/mrz1836/go-coverage/internal/badge/generator.go:635.23,636.99 1 1
github.com/mrz1836/go-coverage/internal/badge/generator.go:637.10,638.87 1 66
github.com/mrz1836/go-coverage/internal/badge/generator.go:643.103,672.21 6 68
github.com/mrz1836/go-coverage/internal/badge/generator.go:672.21,676.3 2 5
github.com/mrz1836/go-coverage/internal/badge/generator.go:678.2,690.4 1 68
github.com/mrz1836/go-coverage/internal/badge/generator.go:694.117,712.21 5 4
github.com/mrz1836/go-coverage/internal/badge/generator.go:712.21,716.3 2 2
github.com/mrz1836/go-coverage/internal/badge/generator.go:718.2,726.4 1 4
github.com/mrz1836/go-coverage/internal/badge/generator.go:730.113,748.21 5 2
github.com/mrz1836/go-coverage/internal/badge/generator.go:748.21,752.3 2 0
github.com/mrz1836/go-coverage/internal/badge/generator.go:755.2,766.4 3 2
github.com/mrz1836/go-coverage/internal/badge/generator.go:770.57,773.2 1 160
github.com/mrz1836/go-coverage/internal/badge/generator.go:787.37,788.29 1 7
github.com/mrz1836/go-coverage/internal/badge/generator.go:788.29,790.3 1 7
github.com/mrz1836/go-coverage/internal/badge/generator.go:794.37,795.29 1 7
github.com/mrz1836/go-coverage/internal/badge/generator.go:795.29,797.3 1 7
github.com/mrz1836/go-coverage/internal/badge/generator.go:801.35,802.29 1 11
github.com/mrz1836/go-coverage/internal/badge/generator.go:802.29,804.3 1 11
github.com/mrz1836/go-coverage/internal/badge/generator.go:808.41,809.29 1 6
github.com/mrz1836/go-coverage/internal/badge/generator.go:809.29,811.3 1 6
github.com/mrz1836/go-coverage/cmd/go-coverage/cmd/commands.go:30.49,63.2 12 78
github.com/mrz1836/go-coverage/cmd/go-coverage/cmd/commands.go:66.36,68.2 1 2
github.com/mrz1836/go-coverage/cmd/go-coverage/cmd/commands.go:71.48,89.2 5 78
github.com/mrz1836/go-coverage/cmd/go-coverage/cmd/comment.go:33.51,46.52 1 89
github.com/mrz1836/go-coverage/cmd/go-coverage/cmd/comment.go:46.52,62.18 13 13
github.com/mrz1836/go-coverage/cmd/go-coverage/cmd/comment.go:62.18,64.5 1 0
github.com/mrz1836/go-coverage/cmd/go-coverage/cmd/comment.go:67.4,67.30 1 13
github.com/mrz1836/go-coverage/cmd/go-coverage/cmd/comment.go:67.30,69.5 1 2
github.com/mrz1836/go-coverage/cmd/go-coverage/cmd/comment.go:70.4,70.30 1 11
github.com/mrz1836/go-coverage/cmd/go-coverage/cmd/comment.go:70.30,72.5 1 1
github.com/mrz1836/go-coverage/cmd/go-coverage/cmd/comment.go:73.4,73.35 1 10
github.com/mrz1836/go-coverage/cmd/go-coverage/cmd/comment.go:73.35,75.5 1 1
github.com/mrz1836/go-coverage/cmd/go-coverage/cmd/comment.go:78.4,78.21 1 9
github.com/mrz1836/go-coverage/cmd/go-coverage/cmd/comment.go:78.21,80.5 1 2
github.com/mrz1836/go-coverage/cmd/go-coverage/cmd/comment.go:81.4,81.21 1 9
github.com/mrz1836/go-coverage/cmd/go-coverage/cmd/comment.go:81.21,83.5 1 2
github.com/mrz1836/go-coverage/cmd/go-coverage/cmd/comment.go:86.4,86.23 1 7
github.com/mrz1836/go-coverage/cmd/go-coverage/cmd/comment.go:86.23,88.5 1 1
github.com/mrz1836/go-coverage/cmd/go-coverage/cmd/comment.go:89.4,89.22 1 7
github.com/mrz1836/go-coverage/cmd/go-coverage/cmd/comment.go:89.22,91.5 1 6
github.com/mrz1836/go-coverage/cmd/go-coverage/cmd/comment.go:92.4,92.23 1 7
github.com/mrz1836/go-coverage/cmd/go-coverage/cmd/comment.go:92.23,94.5 1 6
github.com/mrz1836/go-coverage/cmd/go-coverage/cmd/comment.go:98.4,103.18 5 7
github.com/mrz1836/go-coverage/cmd/go-coverage/cmd/comment.go:103.18,105.5 1 2
github.com/mrz1836/go-coverage/cmd/go-coverage/cmd/comment.go:108.4,109.30 2 5
github.com/mrz1836/go-coverage/cmd/go-coverage/cmd/comment.go:109.30,111.19 2 0
github.com/mrz1836/go-coverage/cmd/go-coverage/cmd/comment.go:111.19,114.6 2 0
github.com/mrz1836/go-coverage/cmd/go-coverage/cmd/comment.go:118.4,119.27 2 5
github.com/mrz1836/go-coverage/cmd/go-coverage/cmd/comment.go:119.27,131.21 4 5
github.com/mrz1836/go-coverage/cmd/go-coverage/cmd/comment.go:131.21,133.6 1 5
github.com/mrz1836/go-coverage/cmd/go-coverage/cmd/comment.go:135.5,135.83 1 5
github.com/mrz1836/go-coverage/cmd/go-coverage/cmd/comment.go:135.83,136.58 1 0
github.com/mrz1836/go-coverage/cmd/go-coverage/cmd/comment.go:136.58,138.7 1 0
github.com/mrz1836/go-coverage/cmd/go-coverage/cmd/comment.go:138.12,138.65 1 0
github.com/mrz1836/go-coverage/cmd/go-coverage/cmd/comment.go:138.65,140.7 1 0
github.com/mrz1836/go-coverage/cmd/go-coverage/cmd/comment.go:145.4,156.22 4 5
github.com/mrz1836/go-coverage/cmd/go-coverage/cmd/comment.go:156.22,158.23 2 3
github.com/mrz1836/go-coverage/cmd/go-coverage/cmd/comment.go:158.23,160.6 1 3
github.com/mrz1836/go-coverage/cmd/go-coverage/cmd/comment.go:160.11,163.6 2 0
github.com/mrz1836/go-coverage/cmd/go-coverage/cmd/comment.go:167.4,182.16 2 5
github.com/mrz1836/go-coverage/cmd/go-coverage/cmd/comment.go:182.16,185.5 2 4
github.com/mrz1836/go-coverage/cmd/go-coverage/cmd/comment.go:187.4,191.45 3 5
github.com/mrz1836/go-coverage/cmd/go-coverage/cmd/comment.go:191.45,199.23 5 0
github.com/mrz1836/go-coverage/cmd/go-coverage/cmd/comment.go:199.23,201.6 1 0
github.com/mrz1836/go-coverage/cmd/go-coverage/cmd/comment.go:201.11,226.6 1 0
github.com/mrz1836/go-coverage/cmd/go-coverage/cmd/comment.go:230.4,230.25 1 5
github.com/mrz1836/go-coverage/cmd/go-coverage/cmd/comment.go:230.25,260.5 1 5
github.com/mrz1836/go-coverage/cmd/go-coverage/cmd/comment.go:263.4,279.24 4 5
github.com/mrz1836/go-coverage/cmd/go-coverage/cmd/comment.go:279.24,281.5 1 0
github.com/mrz1836/go-coverage/cmd/go-coverage/cmd/comment.go:283.4,283.14 1 5
github.com/mrz1836/go-coverage/cmd/go-coverage/cmd/comment.go:283.14,291.47 7 5
github.com/mrz1836/go-coverage/cmd/go-coverage/cmd/comment.go:291.47,294.6 2 0
github.com/mrz1836/go-coverage/cmd/go-coverage/cmd/comment.go:295.5,305.15 10 5
github.com/mrz1836/go-coverage/cmd/go-coverage/cmd/comment.go:309.4,313.18 4 0
github.com/mrz1836/go-coverage/cmd/go-coverage/cmd/comment.go:313.18,315.5 1 0
github.com/mrz1836/go-coverage/cmd/go-coverage/cmd/comment.go:317.4,320.46 4 0
github.com/mrz1836/go-coverage/cmd/go-coverage/cmd/comment.go:320.46,322.5 1 0
github.com/mrz1836/go-coverage/cmd/go-coverage/cmd/comment.go:323.4,326.50 2 0
github.com/mrz1836/go-coverage/cmd/go-coverage/cmd/comment.go:326.50,379.19 4 0
github.com/mrz1836/go-coverage/cmd/go-coverage/cmd/comment.go:379.19,381.6 1 0
github.com/mrz1836/go-coverage/cmd/go-coverage/cmd/comment.go:381.11,385.33 3 0
github.com/mrz1836/go-coverage/cmd/go-coverage/cmd/comment.go:385.33,387.7 1 0
github.com/mrz1836/go-coverage/cmd/go-coverage/cmd/comment.go:388.6,388.46 1 0
github.com/mrz1836/go-coverage/cmd/go-coverage/cmd/comment.go:388.46,390.7 1 0
github.com/mrz1836/go-coverage/cmd/go-coverage/cmd/comment.go:394.4,394.14 1 0
github.com/mrz1836/go-coverage/cmd/go-coverage/cmd/comment.go:399.2,411.12 12 89
github.com/mrz1836/go-coverage/cmd/go-coverage/cmd/comment.go:416.108,438.2 1 1
github.com/mrz1836/go-coverage/cmd/go-coverage/cmd/comment.go:440.70,447.2 1 3
github.com/mrz1836/go-coverage/cmd/go-coverage/cmd/comment.go:449.84,451.33 2 2
github.com/mrz1836/go-coverage/cmd/go-coverage/cmd/comment.go:451.33,461.3 1 2
github.com/mrz1836/go-coverage/cmd/go-coverage/cmd/comment.go:462.2,462.20 1 2
github.com/mrz1836/go-coverage/cmd/go-coverage/cmd/comment.go:465.78,467.33 2 2
github.com/mrz1836/go-coverage/cmd/go-coverage/cmd/comment.go:467.33,468.27 1 4
github.com/mrz1836/go-coverage/cmd/go-coverage/cmd/comment.go:468.27,470.4 1 2
github.com/mrz1836/go-coverage/cmd/go-coverage/cmd/comment.go:472.2,472.25 1 2
github.com/mrz1836/go-coverage/cmd/go-coverage/cmd/comment.go:475.173,530.2 1 6
github.com/mrz1836/go-coverage/cmd/go-coverage/cmd/comment.go:532.55,533.9 1 33
github.com/mrz1836/go-coverage/cmd/go-coverage/cmd/comment.go:534.24,535.14 1 2
github.com/mrz1836/go-coverage/cmd/go-coverage/cmd/comment.go:536.24,537.13 1 2
github.com/mrz1836/go-coverage/cmd/go-coverage/cmd/comment.go:538.24,539.14 1 5
github.com/mrz1836/go-coverage/cmd/go-coverage/cmd/comment.go:540.24,541.13 1 5
github.com/mrz1836/go-coverage/cmd/go-coverage/cmd/comment.go:542.24,543.13 1 2
github.com/mrz1836/go-coverage/cmd/go-coverage/cmd/comment.go:544.24,545.13 1 2
github.com/mrz1836/go-coverage/cmd/go-coverage/cmd/comment.go:546.10,547.13 1 15
github.com/mrz1836/go-coverage/cmd/go-coverage/cmd/comment.go:551.57,552.9 1 15
github.com/mrz1836/go-coverage/cmd/go-coverage/cmd/comment.go:553.24,554.21 1 2
github.com/mrz1836/go-coverage/cmd/go-coverage/cmd/comment.go:555.24,556.16 1 4
github.com/mrz1836/go-coverage/cmd/go-coverage/cmd/comment.go:557.24,558.19 1 2
github.com/mrz1836/go-coverage/cmd/go-coverage/cmd/comment.go:559.10,560.20 1 7
github.com/mrz1836/go-coverage/cmd/go-coverage/cmd/comment.go:564.52,565.9 1 15
github.com/mrz1836/go-coverage/cmd/go-coverage/cmd/comment.go:566.24,567.15 1 4
github.com/mrz1836/go-coverage/cmd/go-coverage/cmd/comment.go:568.24,569.18 1 2
github.com/mrz1836/go-coverage/cmd/go-coverage/cmd/comment.go:570.24,571.16 1 2
github.com/mrz1836/go-coverage/cmd/go-coverage/cmd/comment.go:572.10,573.20 1 7
github.com/mrz1836/go-coverage/cmd/go-coverage/cmd/comment.go:577.51,578.19 1 13
github.com/mrz1836/go-coverage/cmd/go-coverage/cmd/comment.go:579.24,580.13 1 3
github.com/mrz1836/go-coverage/cmd/go-coverage/cmd/comment.go:581.16,582.13 1 6
github.com/mrz1836/go-coverage/cmd/go-coverage/cmd/comment.go:583.26,584.13 1 2
github.com/mrz1836/go-coverage/cmd/go-coverage/cmd/comment.go:585.10,586.13 1 2
github.com/mrz1836/go-coverage/cmd/go-coverage/cmd/comment.go:590.56,591.22 1 15
github.com/mrz1836/go-coverage/cmd/go-coverage/cmd/comment.go:591.22,593.3 1 3
github.com/mrz1836/go-coverage/cmd/go-coverage/cmd/comment.go:593.8,593.30 1 12
github.com/mrz1836/go-coverage/cmd/go-coverage/cmd/comment.go:593.30,595.3 1 2
github.com/mrz1836/go-coverage/cmd/go-coverage/cmd/comment.go:596.2,596.18 1 10
github.com/mrz1836/go-coverage/cmd/go-coverage/cmd/comment.go:599.65,600.36 1 11
github.com/mrz1836/go-coverage/cmd/go-coverage/cmd/comment.go:601.24,602.23 1 4
github.com/mrz1836/go-coverage/cmd/go-coverage/cmd/comment.go:603.26,604.25 1 4
github.com/mrz1836/go-coverage/cmd/go-coverage/cmd/comment.go:605.10,606.27 1 3
github.com/mrz1836/go-coverage/cmd/go-coverage/cmd/comment.go:611.91,612.21 1 8
github.com/mrz1836/go-coverage/cmd/go-coverage/cmd/comment.go:612.21,614.3 1 6
github.com/mrz1836/go-coverage/cmd/go-coverage/cmd/comment.go:616.2,640.3 1 2
github.com/mrz1836/go-coverage/cmd/go-coverage/cmd/comment.go:644.67,646.29 2 15
github.com/mrz1836/go-coverage/cmd/go-coverage/cmd/comment.go:646.29,654.3 1 5
github.com/mrz1836/go-coverage/cmd/go-coverage/cmd/comment.go:655.2,655.15 1 15
github.com/mrz1836/go-coverage/cmd/go-coverage/cmd/complete.go:29.33,31.24 2 10
github.com/mrz1836/go-coverage/cmd/go-coverage/cmd/complete.go:31.24,33.3 1 6
github.com/mrz1836/go-coverage/cmd/go-coverage/cmd/complete.go:35.2,36.34 2 10
github.com/mrz1836/go-coverage/cmd/go-coverage/cmd/complete.go:36.34,38.3 1 22
github.com/mrz1836/go-coverage/cmd/go-coverage/cmd/complete.go:40.2,40.17 1 10
github.com/mrz1836/go-coverage/cmd/go-coverage/cmd/complete.go:44.36,45.62 1 7
github.com/mrz1836/go-coverage/cmd/go-coverage/cmd/complete.go:45.62,47.3 1 1
github.com/mrz1836/go-coverage/cmd/go-coverage/cmd/complete.go:50.2,51.27 2 6
github.com/mrz1836/go-coverage/cmd/go-coverage/cmd/complete.go:51.27,53.3 1 6
github.com/mrz1836/go-coverage/cmd/go-coverage/cmd/complete.go:55.2,55.17 1 0
github.com/mrz1836/go-coverage/cmd/go-coverage/cmd/complete.go:59.32,60.58 1 10
github.com/mrz1836/go-coverage/cmd/go-coverage/cmd/complete.go:60.58,62.3 1 7
github.com/mrz1836/go-coverage/cmd/go-coverage/cmd/complete.go:64.2,64.30 1 3
github.com/mrz1836/go-coverage/cmd/go-coverage/cmd/complete.go:74.52,80.52 1 78
github.com/mrz1836/go-coverage/cmd/go-coverage/cmd/complete.go:80.52,90.18 7 5
github.com/mrz1836/go-coverage/cmd/go-coverage/cmd/complete.go:90.18,92.5 1 0
github.com/mrz1836/go-coverage/cmd/go-coverage/cmd/complete.go:95.4,95.23 1 5
github.com/mrz1836/go-coverage/cmd/go-coverage/cmd/complete.go:95.23,97.5 1 0
github.com/mrz1836/go-coverage/cmd/go-coverage/cmd/complete.go:98.4,98.23 1 5
github.com/mrz1836/go-coverage/cmd/go-coverage/cmd/complete.go:98.23,100.5 1 0
github.com/mrz1836/go-coverage/cmd/go-coverage/cmd/complete.go:103.4,103.40 1 5
github.com/mrz1836/go-coverage/cmd/go-coverage/cmd/complete.go:103.40,105.5 1 0
github.com/mrz1836/go-coverage/cmd/go-coverage/cmd/complete.go:107.4,111.14 5 5
github.com/mrz1836/go-coverage/cmd/go-coverage/cmd/complete.go:111.14,113.5 1 3
github.com/mrz1836/go-coverage/cmd/go-coverage/cmd/complete.go:114.4,129.18 8 5
github.com/mrz1836/go-coverage/cmd/go-coverage/cmd/complete.go:129.18,131.5 1 1
github.com/mrz1836/go-coverage/cmd/go-coverage/cmd/complete.go:133.4,138.52 3 4
github.com/mrz1836/go-coverage/cmd/go-coverage/cmd/complete.go:138.52,140.5 1 0
github.com/mrz1836/go-coverage/cmd/go-coverage/cmd/complete.go:141.4,149.34 4 4
github.com/mrz1836/go-coverage/cmd/go-coverage/cmd/complete.go:149.34,152.5 1 1
github.com/mrz1836/go-coverage/cmd/go-coverage/cmd/complete.go:152.10,155.5 1 3
github.com/mrz1836/go-coverage/cmd/go-coverage/cmd/complete.go:157.4,157.41 1 4
github.com/mrz1836/go-coverage/cmd/go-coverage/cmd/complete.go:157.41,159.87 1 1
github.com/mrz1836/go-coverage/cmd/go-coverage/cmd/complete.go:159.87,161.6 1 0
github.com/mrz1836/go-coverage/cmd/go-coverage/cmd/complete.go:163.5,163.81 1 1
github.com/mrz1836/go-coverage/cmd/go-coverage/cmd/complete.go:163.81,165.6 1 0
github.com/mrz1836/go-coverage/cmd/go-coverage/cmd/complete.go:169.4,175.37 5 4
github.com/mrz1836/go-coverage/cmd/go-coverage/cmd/complete.go:175.37,177.5 1 0
github.com/mrz1836/go-coverage/cmd/go-coverage/cmd/complete.go:178.4,178.33 1 4
github.com/mrz1836/go-coverage/cmd/go-coverage/cmd/complete.go:178.33,180.5 1 0
github.com/mrz1836/go-coverage/cmd/go-coverage/cmd/complete.go:181.4,181.28 1 4
github.com/mrz1836/go-coverage/cmd/go-coverage/cmd/complete.go:181.28,183.5 1 4
[...]
github.com/mrz1836/go-coverage/internal/github/pr_comment.go:332.2,338.38 3 5
github.com/mrz1836/go-coverage/internal/github/pr_comment.go:338.38,341.29 3 8
github.com/mrz1836/go-coverage/internal/github/pr_comment.go:341.29,343.4 1 0
github.com/mrz1836/go-coverage/internal/github/pr_comment.go:344.3,353.17 2 8
github.com/mrz1836/go-coverage/internal/github/pr_comment.go:353.17,355.4 1 5
github.com/mrz1836/go-coverage/internal/github/pr_comment.go:358.2,363.30 2 5
github.com/mrz1836/go-coverage/internal/github/pr_comment.go:367.64,392.39 3 13
github.com/mrz1836/go-coverage/internal/github/pr_comment.go:392.39,393.40 1 97
github.com/mrz1836/go-coverage/internal/github/pr_comment.go:393.40,399.4 2 7
github.com/mrz1836/go-coverage/internal/github/pr_comment.go:402.2,403.14 2 6
github.com/mrz1836/go-coverage/internal/github/pr_comment.go:407.134,414.32 2 4
github.com/mrz1836/go-coverage/internal/github/pr_comment.go:414.32,417.3 2 2
github.com/mrz1836/go-coverage/internal/github/pr_comment.go:419.2,419.55 1 2
github.com/mrz1836/go-coverage/internal/github/pr_comment.go:419.55,426.3 3 0
github.com/mrz1836/go-coverage/internal/github/pr_comment.go:429.2,436.16 4 2
github.com/mrz1836/go-coverage/internal/github/pr_comment.go:436.16,446.36 4 2
github.com/mrz1836/go-coverage/internal/github/pr_comment.go:446.36,453.4 3 1
github.com/mrz1836/go-coverage/internal/github/pr_comment.go:454.8,459.3 1 0
github.com/mrz1836/go-coverage/internal/github/pr_comment.go:462.2,462.48 1 1
github.com/mrz1836/go-coverage/internal/github/pr_comment.go:462.48,465.3 2 0
github.com/mrz1836/go-coverage/internal/github/pr_comment.go:467.2,468.48 2 1
github.com/mrz1836/go-coverage/internal/github/pr_comment.go:472.94,478.65 1 6
github.com/mrz1836/go-coverage/internal/github/pr_comment.go:478.65,480.3 1 2
github.com/mrz1836/go-coverage/internal/github/pr_comment.go:482.2,482.57 1 4
github.com/mrz1836/go-coverage/internal/github/pr_comment.go:482.57,484.3 1 0
github.com/mrz1836/go-coverage/internal/github/pr_comment.go:486.2,486.52 1 4
github.com/mrz1836/go-coverage/internal/github/pr_comment.go:486.52,487.31 1 0
github.com/mrz1836/go-coverage/internal/github/pr_comment.go:487.31,489.4 1 0
github.com/mrz1836/go-coverage/internal/github/pr_comment.go:492.2,492.14 1 4
github.com/mrz1836/go-coverage/internal/github/pr_comment.go:496.138,502.51 4 3
github.com/mrz1836/go-coverage/internal/github/pr_comment.go:502.51,505.3 2 3
github.com/mrz1836/go-coverage/internal/github/pr_comment.go:505.8,505.40 1 0
github.com/mrz1836/go-coverage/internal/github/pr_comment.go:505.40,509.3 2 0
github.com/mrz1836/go-coverage/internal/github/pr_comment.go:509.8,513.3 2 0
github.com/mrz1836/go-coverage/internal/github/pr_comment.go:515.2,522.64 2 3
github.com/mrz1836/go-coverage/internal/github/pr_comment.go:526.81,529.22 3 4
github.com/mrz1836/go-coverage/internal/github/pr_comment.go:529.22,531.3 1 3
github.com/mrz1836/go-coverage/internal/github/pr_comment.go:533.2,534.70 2 1
github.com/mrz1836/go-coverage/internal/github/pr_comment.go:534.70,536.3 1 0
github.com/mrz1836/go-coverage/internal/github/pr_comment.go:538.2,538.18 1 1
github.com/mrz1836/go-coverage/internal/github/pr_comment.go:542.106,544.16 2 1
github.com/mrz1836/go-coverage/internal/github/pr_comment.go:544.16,546.3 1 0
github.com/mrz1836/go-coverage/internal/github/pr_comment.go:548.2,548.43 1 1
github.com/mrz1836/go-coverage/internal/github/pr_comment.go:548.43,552.17 3 1
github.com/mrz1836/go-coverage/internal/github/pr_comment.go:552.17,553.12 1 0
github.com/mrz1836/go-coverage/internal/github/pr_comment.go:556.3,557.17 2 1
github.com/mrz1836/go-coverage/internal/github/pr_comment.go:557.17,558.12 1 0
github.com/mrz1836/go-coverage/internal/github/pr_comment.go:560.3,560.24 1 1
github.com/mrz1836/go-coverage/internal/github/pr_comment.go:563.2,563.12 1 1
github.com/mrz1836/go-coverage/internal/github/pr_comment.go:567.125,569.16 2 1
github.com/mrz1836/go-coverage/internal/github/pr_comment.go:569.16,571.3 1 0
github.com/mrz1836/go-coverage/internal/github/pr_comment.go:573.2,580.31 2 1
github.com/mrz1836/go-coverage/internal/github/pr_comment.go:580.31,585.78 4 1
github.com/mrz1836/go-coverage/internal/github/pr_comment.go:585.78,588.4 2 0
github.com/mrz1836/go-coverage/internal/github/pr_comment.go:591.2,591.19 1 1
github.com/mrz1836/go-coverage/internal/github/pr_diff.go:74.94,78.16 3 3
github.com/mrz1836/go-coverage/internal/github/pr_diff.go:78.16,80.3 1 0
github.com/mrz1836/go-coverage/internal/github/pr_diff.go:82.2,83.16 2 3
github.com/mrz1836/go-coverage/internal/github/pr_diff.go:83.16,85.3 1 0
github.com/mrz1836/go-coverage/internal/github/pr_diff.go:86.2,86.15 1 3
github.com/mrz1836/go-coverage/internal/github/pr_diff.go:86.15,86.40 1 3
github.com/mrz1836/go-coverage/internal/github/pr_diff.go:88.2,88.44 1 3
github.com/mrz1836/go-coverage/internal/github/pr_diff.go:88.44,90.3 1 1
github.com/mrz1836/go-coverage/internal/github/pr_diff.go:92.2,93.66 2 2
github.com/mrz1836/go-coverage/internal/github/pr_diff.go:93.66,95.3 1 1
github.com/mrz1836/go-coverage/internal/github/pr_diff.go:97.2,97.35 1 1
github.com/mrz1836/go-coverage/internal/github/pr_diff.go:101.53,106.36 2 1
github.com/mrz1836/go-coverage/internal/github/pr_diff.go:106.36,115.19 5 6
github.com/mrz1836/go-coverage/internal/github/pr_diff.go:116.19,121.50 5 2
github.com/mrz1836/go-coverage/internal/github/pr_diff.go:123.21,126.42 3 1
github.com/mrz1836/go-coverage/internal/github/pr_diff.go:128.23,131.44 3 1
github.com/mrz1836/go-coverage/internal/github/pr_diff.go:133.30,135.41 2 1
github.com/mrz1836/go-coverage/internal/github/pr_diff.go:137.26,139.42 2 1
github.com/mrz1836/go-coverage/internal/github/pr_diff.go:141.22,143.38 2 0
github.com/mrz1836/go-coverage/internal/github/pr_diff.go:145.11,147.38 2 0
github.com/mrz1836/go-coverage/internal/github/pr_diff.go:151.2,151.17 1 1
github.com/mrz1836/go-coverage/internal/github/pr_diff.go:155.47,161.62 4 37
github.com/mrz1836/go-coverage/internal/github/pr_diff.go:161.62,163.42 1 10
github.com/mrz1836/go-coverage/internal/github/pr_diff.go:163.42,165.4 1 5
github.com/mrz1836/go-coverage/internal/github/pr_diff.go:166.3,166.20 1 5
github.com/mrz1836/go-coverage/internal/github/pr_diff.go:170.2,170.61 1 27
github.com/mrz1836/go-coverage/internal/github/pr_diff.go:170.61,172.3 1 4
github.com/mrz1836/go-coverage/internal/github/pr_diff.go:175.2,175.38 1 23
github.com/mrz1836/go-coverage/internal/github/pr_diff.go:175.38,177.3 1 12
github.com/mrz1836/go-coverage/internal/github/pr_diff.go:180.2,180.45 1 11
github.com/mrz1836/go-coverage/internal/github/pr_diff.go:180.45,182.3 1 7
github.com/mrz1836/go-coverage/internal/github/pr_diff.go:185.2,185.41 1 4
github.com/mrz1836/go-coverage/internal/github/pr_diff.go:185.41,187.3 1 0
github.com/mrz1836/go-coverage/internal/github/pr_diff.go:189.2,189.22 1 4
github.com/mrz1836/go-coverage/internal/github/pr_diff.go:193.51,196.38 2 40
github.com/mrz1836/go-coverage/internal/github/pr_diff.go:196.38,198.3 1 15
github.com/mrz1836/go-coverage/internal/github/pr_diff.go:201.2,207.44 2 25
github.com/mrz1836/go-coverage/internal/github/pr_diff.go:207.44,209.3 1 10
github.com/mrz1836/go-coverage/internal/github/pr_diff.go:212.2,213.39 2 15
github.com/mrz1836/go-coverage/internal/github/pr_diff.go:213.39,214.40 1 85
github.com/mrz1836/go-coverage/internal/github/pr_diff.go:214.40,216.4 1 1
github.com/mrz1836/go-coverage/internal/github/pr_diff.go:219.2,219.14 1 14
github.com/mrz1836/go-coverage/internal/github/pr_diff.go:223.58,226.35 2 25
github.com/mrz1836/go-coverage/internal/github/pr_diff.go:226.35,228.3 1 12
github.com/mrz1836/go-coverage/internal/github/pr_diff.go:231.2,232.33 2 13
github.com/mrz1836/go-coverage/internal/github/pr_diff.go:232.33,233.78 1 77
github.com/mrz1836/go-coverage/internal/github/pr_diff.go:233.78,235.4 1 1
github.com/mrz1836/go-coverage/internal/github/pr_diff.go:239.2,244.35 3 12
github.com/mrz1836/go-coverage/internal/github/pr_diff.go:244.35,245.49 1 80
github.com/mrz1836/go-coverage/internal/github/pr_diff.go:245.49,247.4 1 5
github.com/mrz1836/go-coverage/internal/github/pr_diff.go:250.2,250.14 1 7
github.com/mrz1836/go-coverage/internal/github/pr_diff.go:254.54,264.44 2 26
github.com/mrz1836/go-coverage/internal/github/pr_diff.go:264.44,265.42 1 114
github.com/mrz1836/go-coverage/internal/github/pr_diff.go:265.42,267.4 1 7
github.com/mrz1836/go-coverage/internal/github/pr_diff.go:271.2,272.39 2 19
github.com/mrz1836/go-coverage/internal/github/pr_diff.go:272.39,273.92 1 91
github.com/mrz1836/go-coverage/internal/github/pr_diff.go:273.92,275.4 1 6
github.com/mrz1836/go-coverage/internal/github/pr_diff.go:278.2,278.14 1 13
github.com/mrz1836/go-coverage/internal/github/pr_diff.go:282.49,283.23 1 7
github.com/mrz1836/go-coverage/internal/github/pr_diff.go:283.23,285.3 1 1
github.com/mrz1836/go-coverage/internal/github/pr_diff.go:287.2,289.24 2 6
github.com/mrz1836/go-coverage/internal/github/pr_diff.go:289.24,291.3 1 5
github.com/mrz1836/go-coverage/internal/github/pr_diff.go:293.2,293.26 1 6
github.com/mrz1836/go-coverage/internal/github/pr_diff.go:293.26,295.3 1 2
github.com/mrz1836/go-coverage/internal/github/pr_diff.go:297.2,297.28 1 6
github.com/mrz1836/go-coverage/internal/github/pr_diff.go:297.28,299.3 1 2
github.com/mrz1836/go-coverage/internal/github/pr_diff.go:301.2,301.30 1 6
github.com/mrz1836/go-coverage/internal/github/pr_diff.go:301.30,303.3 1 1
github.com/mrz1836/go-coverage/internal/github/pr_diff.go:305.2,305.31 1 6
github.com/mrz1836/go-coverage/internal/github/pr_diff.go:305.31,307.3 1 1
github.com/mrz1836/go-coverage/internal/github/pr_diff.go:309.2,309.27 1 6
github.com/mrz1836/go-coverage/internal/github/pr_diff.go:309.27,311.3 1 1
github.com/mrz1836/go-coverage/internal/github/pr_diff.go:313.2,313.21 1 6
github.com/mrz1836/go-coverage/internal/github/pr_diff.go:313.21,315.3 1 0
github.com/mrz1836/go-coverage/internal/github/pr_diff.go:317.2,317.21 1 6
github.com/mrz1836/go-coverage/internal/github/pr_diff.go:317.21,319.3 1 3
github.com/mrz1836/go-coverage/internal/github/pr_diff.go:321.2,321.21 1 3
github.com/mrz1836/go-coverage/internal/github/pr_diff.go:321.21,323.3 1 1
github.com/mrz1836/go-coverage/internal/github/pr_diff.go:326.2,328.41 3 2
github.com/mrz1836/go-coverage/internal/github/pr_diff.go:332.34,333.16 1 16
github.com/mrz1836/go-coverage/internal/github/pr_diff.go:333.16,335.3 1 9
github.com/mrz1836/go-coverage/internal/github/pr_diff.go:336.2,336.12 1 7
github.com/mrz1836/go-coverage/internal/github/status_check.go:213.91,214.19 1 5
github.com/mrz1836/go-coverage/internal/github/status_check.go:214.19,257.3 2 2
github.com/mrz1836/go-coverage/internal/github/status_check.go:259.2,262.3 1 5
github.com/mrz1836/go-coverage/internal/github/status_check.go:266.129,277.48 3 0
github.com/mrz1836/go-coverage/internal/github/status_check.go:277.48,282.21 4 0
github.com/mrz1836/go-coverage/internal/github/status_check.go:282.21,283.24 1 0
github.com/mrz1836/go-coverage/internal/github/status_check.go:284.28,285.28 1 0
github.com/mrz1836/go-coverage/internal/github/status_check.go:286.28,288.24 2 0
github.com/mrz1836/go-coverage/internal/github/status_check.go:288.24,290.6 1 0
github.com/mrz1836/go-coverage/internal/github/status_check.go:291.26,293.24 2 0
github.com/mrz1836/go-coverage/internal/github/status_check.go:293.24,295.6 1 0
github.com/mrz1836/go-coverage/internal/github/status_check.go:297.9,299.23 2 0
github.com/mrz1836/go-coverage/internal/github/status_check.go:299.23,301.5 1 0
github.com/mrz1836/go-coverage/internal/github/status_check.go:306.2,314.22 5 0
github.com/mrz1836/go-coverage/internal/github/status_check.go:318.120,327.64 5 6
github.com/mrz1836/go-coverage/internal/github/status_check.go:327.64,331.3 3 6
github.com/mrz1836/go-coverage/internal/github/status_check.go:334.2,334.33 1 6
github.com/mrz1836/go-coverage/internal/github/status_check.go:334.33,335.46 1 2
github.com/mrz1836/go-coverage/internal/github/status_check.go:335.46,339.4 3 3
github.com/mrz1836/go-coverage/internal/github/status_check.go:343.2,343.58 1 6
github.com/mrz1836/go-coverage/internal/github/status_check.go:343.58,346.3 2 2
github.com/mrz1836/go-coverage/internal/github/status_check.go:348.2,348.17 1 6
github.com/mrz1836/go-coverage/internal/github/status_check.go:352.68,353.34 1 4
github.com/mrz1836/go-coverage/internal/github/status_check.go:353.34,355.3 1 1
github.com/mrz1836/go-coverage/internal/github/status_check.go:358.2,358.31 1 3
github.com/mrz1836/go-coverage/internal/github/status_check.go:358.31,359.40 1 3
github.com/mrz1836/go-coverage/internal/github/status_check.go:359.40,361.4 1 2
github.com/mrz1836/go-coverage/internal/github/status_check.go:364.2,364.14 1 1
github.com/mrz1836/go-coverage/internal/github/status_check.go:368.115,373.57 3 9
github.com/mrz1836/go-coverage/internal/github/status_check.go:373.57,375.111 1 0
github.com/mrz1836/go-coverage/internal/github/status_check.go:375.111,376.37 1 0
github.com/mrz1836/go-coverage/internal/github/status_check.go:376.37,378.5 1 0
github.com/mrz1836/go-coverage/internal/github/status_check.go:384.2,384.37 1 9
github.com/mrz1836/go-coverage/internal/github/status_check.go:384.37,388.3 1 1
github.com/mrz1836/go-coverage/internal/github/status_check.go:390.2,396.18 5 9
github.com/mrz1836/go-coverage/internal/github/status_check.go:396.18,398.3 1 0
github.com/mrz1836/go-coverage/internal/github/status_check.go:400.2,400.27 1 9
github.com/mrz1836/go-coverage/internal/github/status_check.go:400.27,403.3 2 6
github.com/mrz1836/go-coverage/internal/github/status_check.go:403.8,404.30 1 3
github.com/mrz1836/go-coverage/internal/github/status_check.go:404.30,406.4 1 2
github.com/mrz1836/go-coverage/internal/github/status_check.go:406.9,408.4 1 1
github.com/mrz1836/go-coverage/internal/github/status_check.go:409.3,409.118 1 3
github.com/mrz1836/go-coverage/internal/github/status_check.go:413.2,413.34 1 9
github.com/mrz1836/go-coverage/internal/github/status_check.go:413.34,416.3 2 3
github.com/mrz1836/go-coverage/internal/github/status_check.go:418.2,419.32 2 9
github.com/mrz1836/go-coverage/internal/github/status_check.go:419.32,421.27 2 1
github.com/mrz1836/go-coverage/internal/github/status_check.go:421.27,423.4 1 0
github.com/mrz1836/go-coverage/internal/github/status_check.go:426.2,432.3 1 9
github.com/mrz1836/go-coverage/internal/github/status_check.go:436.112,437.9 1 6
github.com/mrz1836/go-coverage/internal/github/status_check.go:438.46,439.37 1 3
github.com/mrz1836/go-coverage/internal/github/status_check.go:440.48,441.39 1 3
github.com/mrz1836/go-coverage/internal/github/status_check.go:442.51,443.42 1 0
github.com/mrz1836/go-coverage/internal/github/status_check.go:444.10,445.52 1 0
github.com/mrz1836/go-coverage/internal/github/status_check.go:450.87,457.9 5 9
github.com/mrz1836/go-coverage/internal/github/status_check.go:458.20,460.72 2 2
github.com/mrz1836/go-coverage/internal/github/status_check.go:461.21,463.83 2 2
github.com/mrz1836/go-coverage/internal/github/status_check.go:464.10,466.70 2 5
github.com/mrz1836/go-coverage/internal/github/status_check.go:469.2,469.17 1 9
github.com/mrz1836/go-coverage/internal/github/status_check.go:469.17,471.3 1 3
github.com/mrz1836/go-coverage/internal/github/status_check.go:473.2,479.3 1 9
github.com/mrz1836/go-coverage/internal/github/status_check.go:483.89,492.15 6 9
github.com/mrz1836/go-coverage/internal/github/status_check.go:493.28,495.79 2 2
github.com/mrz1836/go-coverage/internal/github/status_check.go:496.11,498.81 2 1
github.com/mrz1836/go-coverage/internal/github/status_check.go:499.16,501.79 2 2
github.com/mrz1836/go-coverage/internal/github/status_check.go:502.10,504.67 2 4
github.com/mrz1836/go-coverage/internal/github/status_check.go:507.2,507.50 1 9
github.com/mrz1836/go-coverage/internal/github/status_check.go:507.50,509.3 1 2
github.com/mrz1836/go-coverage/internal/github/status_check.go:511.2,517.3 1 9
github.com/mrz1836/go-coverage/internal/github/status_check.go:521.92,529.16 6 5
github.com/mrz1836/go-coverage/internal/github/status_check.go:529.16,532.3 2 2
github.com/mrz1836/go-coverage/internal/github/status_check.go:532.8,532.24 1 3
github.com/mrz1836/go-coverage/internal/github/status_check.go:532.24,535.3 2 1
github.com/mrz1836/go-coverage/internal/github/status_check.go:535.8,538.3 2 2
github.com/mrz1836/go-coverage/internal/github/status_check.go:540.2,546.3 1 5
github.com/mrz1836/go-coverage/internal/github/status_check.go:550.111,556.12 4 3
github.com/mrz1836/go-coverage/internal/github/status_check.go:556.12,559.3 2 2
github.com/mrz1836/go-coverage/internal/github/status_check.go:559.8,560.20 1 1
github.com/mrz1836/go-coverage/internal/github/status_check.go:560.20,562.4 1 1
github.com/mrz1836/go-coverage/internal/github/status_check.go:562.9,564.4 1 0
github.com/mrz1836/go-coverage/internal/github/status_check.go:565.3,565.71 1 1
github.com/mrz1836/go-coverage/internal/github/status_check.go:568.2,574.3 1 3
github.com/mrz1836/go-coverage/internal/github/status_check.go:578.109,586.2 1 2
github.com/mrz1836/go-coverage/internal/github/status_check.go:589.102,590.19 1 9
github.com/mrz1836/go-coverage/internal/github/status_check.go:591.30,592.52 1 3
github.com/mrz1836/go-coverage/internal/github/status_check.go:592.52,594.4 1 3
github.com/mrz1836/go-coverage/internal/github/status_check.go:596.26,597.52 1 1
github.com/mrz1836/go-coverage/internal/github/status_check.go:597.52,599.4 1 1
github.com/mrz1836/go-coverage/internal/github/status_check.go:601.24,602.50 1 2
github.com/mrz1836/go-coverage/internal/github/status_check.go:602.50,604.4 1 2
github.com/mrz1836/go-coverage/internal/github/status_check.go:606.21,607.49 1 1
github.com/mrz1836/go-coverage/internal/github/status_check.go:607.49,609.4 1 1
github.com/mrz1836/go-coverage/internal/github/status_check.go:611.26,612.59 1 1
github.com/mrz1836/go-coverage/internal/github/status_check.go:612.59,614.4 1 1
github.com/mrz1836/go-coverage/internal/github/status_check.go:616.21,619.14 1 0
github.com/mrz1836/go-coverage/internal/github/status_check.go:622.2,622.13 1 1
github.com/mrz1836/go-coverage/internal/github/status_check.go:626.151,636.76 3 0
github.com/mrz1836/go-coverage/internal/github/status_check.go:636.76,637.18 1 0
github.com/mrz1836/go-coverage/internal/github/status_check.go:637.18,642.4 2 0
github.com/mrz1836/go-coverage/internal/github/status_check.go:644.3,645.17 2 0
github.com/mrz1836/go-coverage/internal/github/status_check.go:645.17,646.9 1 0
github.com/mrz1836/go-coverage/internal/github/status_check.go:650.2,659.3 1 0
github.com/mrz1836/go-coverage/internal/github/status_check.go:663.109,664.54 1 6
github.com/mrz1836/go-coverage/internal/github/status_check.go:664.54,666.3 1 3
github.com/mrz1836/go-coverage/internal/github/status_check.go:669.2,669.38 1 3
github.com/mrz1836/go-coverage/internal/github/status_check.go:669.38,671.3 1 2
github.com/mrz1836/go-coverage/internal/github/status_check.go:674.2,674.91 1 1
github.com/mrz1836/go-coverage/internal/github/status_check.go:674.91,676.3 1 1
github.com/mrz1836/go-coverage/internal/github/status_check.go:678.2,678.14 1 0
github.com/mrz1836/go-coverage/internal/github/status_check.go:683.66,684.34 1 22
github.com/mrz1836/go-coverage/internal/github/status_check.go:684.34,686.3 1 20
github.com/mrz1836/go-coverage/internal/github/status_check.go:687.2,687.16 1 2
github.com/mrz1836/go-coverage/internal/github/status_check.go:690.71,698.18 4 16
github.com/mrz1836/go-coverage/internal/github/status_check.go:698.18,700.3 1 5
github.com/mrz1836/go-coverage/internal/github/status_check.go:702.2,702.20 1 11
github.com/mrz1836/go-coverage/internal/github/status_check.go:705.73,713.18 4 14
github.com/mrz1836/go-coverage/internal/github/status_check.go:713.18,715.3 1 4
github.com/mrz1836/go-coverage/internal/github/status_check.go:717.2,717.20 1 10
github.com/mrz1836/go-coverage/internal/github/status_check.go:721.119,737.2 2 1
