mode: atomic
github.com/mrz1836/go-coverage/internal/analysis/comparison.go:225.70,226.19 1 20
github.com/mrz1836/go-coverage/internal/analysis/comparison.go:226.19,239.3 1 15
github.com/mrz1836/go-coverage/internal/analysis/comparison.go:241.2,243.3 1 20
github.com/mrz1836/go-coverage/internal/analysis/comparison.go:247.134,257.33 3 1
github.com/mrz1836/go-coverage/internal/analysis/comparison.go:257.33,259.3 1 1
github.com/mrz1836/go-coverage/internal/analysis/comparison.go:262.2,265.34 2 1
github.com/mrz1836/go-coverage/internal/analysis/comparison.go:265.34,267.3 1 1
github.com/mrz1836/go-coverage/internal/analysis/comparison.go:270.2,278.20 4 1
github.com/mrz1836/go-coverage/internal/analysis/comparison.go:282.99,288.28 5 5
github.com/mrz1836/go-coverage/internal/analysis/comparison.go:288.28,290.3 1 3
github.com/mrz1836/go-coverage/internal/analysis/comparison.go:290.8,290.36 1 2
github.com/mrz1836/go-coverage/internal/analysis/comparison.go:290.36,292.3 1 1
github.com/mrz1836/go-coverage/internal/analysis/comparison.go:294.2,304.3 3 5
github.com/mrz1836/go-coverage/internal/analysis/comparison.go:308.96,320.34 7 3
github.com/mrz1836/go-coverage/internal/analysis/comparison.go:320.34,322.3 1 7
github.com/mrz1836/go-coverage/internal/analysis/comparison.go:323.2,323.32 1 3
github.com/mrz1836/go-coverage/internal/analysis/comparison.go:323.32,325.3 1 8
github.com/mrz1836/go-coverage/internal/analysis/comparison.go:327.2,327.33 1 3
github.com/mrz1836/go-coverage/internal/analysis/comparison.go:327.33,328.57 1 9
github.com/mrz1836/go-coverage/internal/analysis/comparison.go:328.57,329.12 1 1
github.com/mrz1836/go-coverage/internal/analysis/comparison.go:332.3,341.23 4 8
github.com/mrz1836/go-coverage/internal/analysis/comparison.go:341.23,348.4 6 2
github.com/mrz1836/go-coverage/internal/analysis/comparison.go:348.9,348.30 1 6
github.com/mrz1836/go-coverage/internal/analysis/comparison.go:348.30,355.4 6 1
github.com/mrz1836/go-coverage/internal/analysis/comparison.go:355.9,365.37 8 5
github.com/mrz1836/go-coverage/internal/analysis/comparison.go:365.37,367.5 1 3
github.com/mrz1836/go-coverage/internal/analysis/comparison.go:367.10,367.45 1 2
github.com/mrz1836/go-coverage/internal/analysis/comparison.go:367.45,369.5 1 0
github.com/mrz1836/go-coverage/internal/analysis/comparison.go:369.10,371.5 1 2
github.com/mrz1836/go-coverage/internal/analysis/comparison.go:374.3,380.36 4 8
github.com/mrz1836/go-coverage/internal/analysis/comparison.go:384.2,384.61 1 3
github.com/mrz1836/go-coverage/internal/analysis/comparison.go:384.61,385.41 1 8
github.com/mrz1836/go-coverage/internal/analysis/comparison.go:385.41,386.23 1 5
github.com/mrz1836/go-coverage/internal/analysis/comparison.go:386.23,388.5 1 3
github.com/mrz1836/go-coverage/internal/analysis/comparison.go:389.4,389.12 1 2
github.com/mrz1836/go-coverage/internal/analysis/comparison.go:391.3,391.81 1 3
github.com/mrz1836/go-coverage/internal/analysis/comparison.go:395.2,395.47 1 3
github.com/mrz1836/go-coverage/internal/analysis/comparison.go:395.47,397.3 1 0
github.com/mrz1836/go-coverage/internal/analysis/comparison.go:399.2,399.16 1 3
github.com/mrz1836/go-coverage/internal/analysis/comparison.go:403.102,415.40 7 2
github.com/mrz1836/go-coverage/internal/analysis/comparison.go:415.40,417.3 1 4
github.com/mrz1836/go-coverage/internal/analysis/comparison.go:418.2,418.38 1 2
github.com/mrz1836/go-coverage/internal/analysis/comparison.go:418.38,420.3 1 4
github.com/mrz1836/go-coverage/internal/analysis/comparison.go:422.2,422.39 1 2
github.com/mrz1836/go-coverage/internal/analysis/comparison.go:422.39,426.35 3 5
github.com/mrz1836/go-coverage/internal/analysis/comparison.go:426.35,427.12 1 2
github.com/mrz1836/go-coverage/internal/analysis/comparison.go:430.3,433.29 3 3
github.com/mrz1836/go-coverage/internal/analysis/comparison.go:433.29,435.4 1 2
github.com/mrz1836/go-coverage/internal/analysis/comparison.go:435.9,435.37 1 1
github.com/mrz1836/go-coverage/internal/analysis/comparison.go:435.37,437.4 1 1
github.com/mrz1836/go-coverage/internal/analysis/comparison.go:439.3,451.36 3 3
github.com/mrz1836/go-coverage/internal/analysis/comparison.go:455.2,455.64 1 2
github.com/mrz1836/go-coverage/internal/analysis/comparison.go:455.64,456.41 1 1
github.com/mrz1836/go-coverage/internal/analysis/comparison.go:456.41,457.23 1 0
github.com/mrz1836/go-coverage/internal/analysis/comparison.go:457.23,459.5 1 0
github.com/mrz1836/go-coverage/internal/analysis/comparison.go:460.4,460.12 1 0
github.com/mrz1836/go-coverage/internal/analysis/comparison.go:462.3,462.81 1 1
github.com/mrz1836/go-coverage/internal/analysis/comparison.go:465.2,465.16 1 2
github.com/mrz1836/go-coverage/internal/analysis/comparison.go:469.84,478.28 4 2
github.com/mrz1836/go-coverage/internal/analysis/comparison.go:478.28,481.3 2 2
github.com/mrz1836/go-coverage/internal/analysis/comparison.go:481.8,481.36 1 0
github.com/mrz1836/go-coverage/internal/analysis/comparison.go:481.36,484.3 2 0
github.com/mrz1836/go-coverage/internal/analysis/comparison.go:486.2,509.3 4 2
github.com/mrz1836/go-coverage/internal/analysis/comparison.go:513.166,543.2 8 2
github.com/mrz1836/go-coverage/internal/analysis/comparison.go:546.95,552.53 3 2
github.com/mrz1836/go-coverage/internal/analysis/comparison.go:552.53,566.3 1 1
github.com/mrz1836/go-coverage/internal/analysis/comparison.go:569.2,570.48 2 2
github.com/mrz1836/go-coverage/internal/analysis/comparison.go:570.48,571.38 1 6
github.com/mrz1836/go-coverage/internal/analysis/comparison.go:571.38,573.4 1 2
github.com/mrz1836/go-coverage/internal/analysis/comparison.go:576.2,576.23 1 2
github.com/mrz1836/go-coverage/internal/analysis/comparison.go:576.23,590.3 1 1
github.com/mrz1836/go-coverage/internal/analysis/comparison.go:593.2,593.95 1 2
github.com/mrz1836/go-coverage/internal/analysis/comparison.go:593.95,607.3 1 1
github.com/mrz1836/go-coverage/internal/analysis/comparison.go:609.2,609.24 1 2
github.com/mrz1836/go-coverage/internal/analysis/comparison.go:613.88,621.40 6 2
github.com/mrz1836/go-coverage/internal/analysis/comparison.go:621.40,622.41 1 2
github.com/mrz1836/go-coverage/internal/analysis/comparison.go:623.26,624.30 1 2
github.com/mrz1836/go-coverage/internal/analysis/comparison.go:625.26,626.30 1 0
github.com/mrz1836/go-coverage/internal/analysis/comparison.go:631.2,631.40 1 2
github.com/mrz1836/go-coverage/internal/analysis/comparison.go:631.40,634.3 1 2
github.com/mrz1836/go-coverage/internal/analysis/comparison.go:636.2,637.48 2 2
github.com/mrz1836/go-coverage/internal/analysis/comparison.go:637.48,638.31 1 6
github.com/mrz1836/go-coverage/internal/analysis/comparison.go:638.31,640.4 1 4
github.com/mrz1836/go-coverage/internal/analysis/comparison.go:643.2,643.32 1 2
github.com/mrz1836/go-coverage/internal/analysis/comparison.go:643.32,645.3 1 2
github.com/mrz1836/go-coverage/internal/analysis/comparison.go:648.2,649.53 2 2
github.com/mrz1836/go-coverage/internal/analysis/comparison.go:649.53,651.3 1 0
github.com/mrz1836/go-coverage/internal/analysis/comparison.go:653.2,653.95 1 2
github.com/mrz1836/go-coverage/internal/analysis/comparison.go:653.95,655.3 1 0
github.com/mrz1836/go-coverage/internal/analysis/comparison.go:658.2,658.53 1 2
github.com/mrz1836/go-coverage/internal/analysis/comparison.go:658.53,660.3 1 0
github.com/mrz1836/go-coverage/internal/analysis/comparison.go:662.2,662.95 1 2
github.com/mrz1836/go-coverage/internal/analysis/comparison.go:662.95,664.3 1 2
github.com/mrz1836/go-coverage/internal/analysis/comparison.go:667.2,667.45 1 2
github.com/mrz1836/go-coverage/internal/analysis/comparison.go:667.45,668.35 1 2
github.com/mrz1836/go-coverage/internal/analysis/comparison.go:668.35,670.4 1 1
github.com/mrz1836/go-coverage/internal/analysis/comparison.go:673.2,679.3 1 2
github.com/mrz1836/go-coverage/internal/analysis/comparison.go:683.112,685.16 2 3
github.com/mrz1836/go-coverage/internal/analysis/comparison.go:685.16,687.3 1 1
github.com/mrz1836/go-coverage/internal/analysis/comparison.go:688.2,688.15 1 2
github.com/mrz1836/go-coverage/internal/analysis/comparison.go:688.15,688.35 1 2
github.com/mrz1836/go-coverage/internal/analysis/comparison.go:690.2,691.16 2 2
github.com/mrz1836/go-coverage/internal/analysis/comparison.go:691.16,693.3 1 0
github.com/mrz1836/go-coverage/internal/analysis/comparison.go:695.2,696.56 2 2
github.com/mrz1836/go-coverage/internal/analysis/comparison.go:696.56,698.3 1 1
github.com/mrz1836/go-coverage/internal/analysis/comparison.go:700.2,700.23 1 1
github.com/mrz1836/go-coverage/internal/analysis/comparison.go:704.117,706.16 2 1
github.com/mrz1836/go-coverage/internal/analysis/comparison.go:706.16,708.3 1 0
github.com/mrz1836/go-coverage/internal/analysis/comparison.go:711.2,712.48 2 1
github.com/mrz1836/go-coverage/internal/analysis/comparison.go:712.48,714.3 1 0
github.com/mrz1836/go-coverage/internal/analysis/comparison.go:716.2,716.60 1 1
github.com/mrz1836/go-coverage/internal/analysis/comparison.go:716.60,718.3 1 0
github.com/mrz1836/go-coverage/internal/analysis/comparison.go:720.2,720.12 1 1
github.com/mrz1836/go-coverage/internal/analysis/comparison.go:725.70,726.19 1 17
github.com/mrz1836/go-coverage/internal/analysis/comparison.go:726.19,728.3 1 10
github.com/mrz1836/go-coverage/internal/analysis/comparison.go:728.8,728.26 1 7
github.com/mrz1836/go-coverage/internal/analysis/comparison.go:728.26,730.3 1 1
github.com/mrz1836/go-coverage/internal/analysis/comparison.go:730.8,730.26 1 6
github.com/mrz1836/go-coverage/internal/analysis/comparison.go:730.26,732.3 1 2
github.com/mrz1836/go-coverage/internal/analysis/comparison.go:733.2,733.21 1 4
github.com/mrz1836/go-coverage/internal/analysis/comparison.go:736.76,737.71 1 12
github.com/mrz1836/go-coverage/internal/analysis/comparison.go:737.71,739.3 1 1
github.com/mrz1836/go-coverage/internal/analysis/comparison.go:739.8,739.79 1 11
github.com/mrz1836/go-coverage/internal/analysis/comparison.go:739.79,741.3 1 5
github.com/mrz1836/go-coverage/internal/analysis/comparison.go:742.2,742.20 1 6
github.com/mrz1836/go-coverage/internal/analysis/comparison.go:745.76,746.20 1 9
github.com/mrz1836/go-coverage/internal/analysis/comparison.go:746.20,748.3 1 1
github.com/mrz1836/go-coverage/internal/analysis/comparison.go:748.8,748.27 1 8
github.com/mrz1836/go-coverage/internal/analysis/comparison.go:748.27,750.3 1 1
github.com/mrz1836/go-coverage/internal/analysis/comparison.go:750.8,750.27 1 7
github.com/mrz1836/go-coverage/internal/analysis/comparison.go:750.27,752.3 1 3
github.com/mrz1836/go-coverage/internal/analysis/comparison.go:752.8,752.27 1 4
github.com/mrz1836/go-coverage/internal/analysis/comparison.go:752.27,754.3 1 1
github.com/mrz1836/go-coverage/internal/analysis/comparison.go:754.8,754.27 1 3
github.com/mrz1836/go-coverage/internal/analysis/comparison.go:754.27,756.3 1 1
github.com/mrz1836/go-coverage/internal/analysis/comparison.go:756.8,756.27 1 2
github.com/mrz1836/go-coverage/internal/analysis/comparison.go:756.27,758.3 1 1
github.com/mrz1836/go-coverage/internal/analysis/comparison.go:759.2,759.12 1 1
github.com/mrz1836/go-coverage/internal/analysis/comparison.go:762.86,763.67 1 7
github.com/mrz1836/go-coverage/internal/analysis/comparison.go:763.67,765.3 1 3
github.com/mrz1836/go-coverage/internal/analysis/comparison.go:765.8,765.50 1 4
github.com/mrz1836/go-coverage/internal/analysis/comparison.go:765.50,767.3 1 1
github.com/mrz1836/go-coverage/internal/analysis/comparison.go:767.8,767.48 1 3
github.com/mrz1836/go-coverage/internal/analysis/comparison.go:767.48,769.3 1 1
github.com/mrz1836/go-coverage/internal/analysis/comparison.go:769.8,769.75 1 2
github.com/mrz1836/go-coverage/internal/analysis/comparison.go:769.75,771.3 1 1
github.com/mrz1836/go-coverage/internal/analysis/comparison.go:772.2,772.12 1 1
github.com/mrz1836/go-coverage/internal/analysis/comparison.go:775.82,779.2 1 2
github.com/mrz1836/go-coverage/internal/analysis/comparison.go:781.137,784.19 2 6
github.com/mrz1836/go-coverage/internal/analysis/comparison.go:784.19,786.3 1 1
github.com/mrz1836/go-coverage/internal/analysis/comparison.go:786.8,786.26 1 5
github.com/mrz1836/go-coverage/internal/analysis/comparison.go:786.26,788.3 1 1
github.com/mrz1836/go-coverage/internal/analysis/comparison.go:788.8,788.26 1 4
github.com/mrz1836/go-coverage/internal/analysis/comparison.go:788.26,790.3 1 1
github.com/mrz1836/go-coverage/internal/analysis/comparison.go:792.2,792.67 1 6
github.com/mrz1836/go-coverage/internal/analysis/comparison.go:792.67,794.3 1 2
github.com/mrz1836/go-coverage/internal/analysis/comparison.go:796.2,797.41 2 6
github.com/mrz1836/go-coverage/internal/analysis/comparison.go:797.41,798.38 1 16
github.com/mrz1836/go-coverage/internal/analysis/comparison.go:798.38,800.4 1 9
github.com/mrz1836/go-coverage/internal/analysis/comparison.go:803.2,803.23 1 6
github.com/mrz1836/go-coverage/internal/analysis/comparison.go:803.23,805.3 1 1
github.com/mrz1836/go-coverage/internal/analysis/comparison.go:805.8,805.30 1 5
github.com/mrz1836/go-coverage/internal/analysis/comparison.go:805.30,807.3 1 0
github.com/mrz1836/go-coverage/internal/analysis/comparison.go:809.2,809.20 1 6
github.com/mrz1836/go-coverage/internal/analysis/comparison.go:809.20,811.3 1 1
github.com/mrz1836/go-coverage/internal/analysis/comparison.go:811.8,811.27 1 5
github.com/mrz1836/go-coverage/internal/analysis/comparison.go:811.27,813.3 1 1
github.com/mrz1836/go-coverage/internal/analysis/comparison.go:813.8,813.27 1 4
github.com/mrz1836/go-coverage/internal/analysis/comparison.go:813.27,815.3 1 1
github.com/mrz1836/go-coverage/internal/analysis/comparison.go:816.2,816.20 1 3
github.com/mrz1836/go-coverage/internal/analysis/comparison.go:819.107,823.67 2 6
github.com/mrz1836/go-coverage/internal/analysis/comparison.go:823.67,825.3 1 4
github.com/mrz1836/go-coverage/internal/analysis/comparison.go:825.8,825.74 1 2
github.com/mrz1836/go-coverage/internal/analysis/comparison.go:825.74,827.3 1 2
github.com/mrz1836/go-coverage/internal/analysis/comparison.go:830.2,830.17 1 6
github.com/mrz1836/go-coverage/internal/analysis/comparison.go:830.17,832.3 1 1
github.com/mrz1836/go-coverage/internal/analysis/comparison.go:832.8,832.22 1 5
github.com/mrz1836/go-coverage/internal/analysis/comparison.go:832.22,834.3 1 1
github.com/mrz1836/go-coverage/internal/analysis/comparison.go:836.2,836.14 1 6
github.com/mrz1836/go-coverage/internal/analysis/comparison.go:839.163,844.53 3 2
github.com/mrz1836/go-coverage/internal/analysis/comparison.go:844.53,846.3 1 0
github.com/mrz1836/go-coverage/internal/analysis/comparison.go:848.2,848.43 1 2
github.com/mrz1836/go-coverage/internal/analysis/comparison.go:848.43,850.3 1 2
github.com/mrz1836/go-coverage/internal/analysis/comparison.go:852.2,853.41 2 2
github.com/mrz1836/go-coverage/internal/analysis/comparison.go:853.41,854.36 1 6
github.com/mrz1836/go-coverage/internal/analysis/comparison.go:854.36,856.4 1 4
github.com/mrz1836/go-coverage/internal/analysis/comparison.go:859.2,859.36 1 2
github.com/mrz1836/go-coverage/internal/analysis/comparison.go:859.36,861.3 1 2
github.com/mrz1836/go-coverage/internal/analysis/comparison.go:864.2,864.53 1 2
github.com/mrz1836/go-coverage/internal/analysis/comparison.go:864.53,866.3 1 0
github.com/mrz1836/go-coverage/internal/analysis/comparison.go:868.2,868.67 1 2
github.com/mrz1836/go-coverage/internal/analysis/comparison.go:868.67,870.3 1 0
github.com/mrz1836/go-coverage/internal/analysis/comparison.go:872.2,873.41 2 2
github.com/mrz1836/go-coverage/internal/analysis/comparison.go:873.41,874.35 1 6
github.com/mrz1836/go-coverage/internal/analysis/comparison.go:874.35,876.4 1 1
github.com/mrz1836/go-coverage/internal/analysis/comparison.go:879.2,879.19 1 2
github.com/mrz1836/go-coverage/internal/analysis/comparison.go:879.19,881.3 1 1
github.com/mrz1836/go-coverage/internal/analysis/comparison.go:883.2,883.30 1 2
github.com/mrz1836/go-coverage/internal/analysis/comparison.go:886.61,890.2 1 8
github.com/mrz1836/go-coverage/cmd/go-coverage/main.go:20.31,24.59 2 2
github.com/mrz1836/go-coverage/cmd/go-coverage/main.go:24.59,26.3 1 0
github.com/mrz1836/go-coverage/cmd/go-coverage/main.go:28.2,32.3 1 2
github.com/mrz1836/go-coverage/cmd/go-coverage/main.go:35.13,37.2 1 2
github.com/mrz1836/go-coverage/cmd/go-coverage/main.go:41.16,56.43 4 2
github.com/mrz1836/go-coverage/cmd/go-coverage/main.go:56.43,59.3 2 1
github.com/mrz1836/go-coverage/cmd/go-coverage/main.go:60.2,60.10 1 1
github.com/mrz1836/go-coverage/cmd/go-coverage/version.go:35.36,36.24 1 35
github.com/mrz1836/go-coverage/cmd/go-coverage/version.go:36.24,42.3 1 3
github.com/mrz1836/go-coverage/cmd/go-coverage/version.go:43.2,43.24 1 35
github.com/mrz1836/go-coverage/cmd/go-coverage/version.go:47.26,51.59 2 11
github.com/mrz1836/go-coverage/cmd/go-coverage/version.go:51.59,53.3 1 9
github.com/mrz1836/go-coverage/cmd/go-coverage/version.go:56.2,56.48 1 2
github.com/mrz1836/go-coverage/cmd/go-coverage/version.go:56.48,58.74 1 2
github.com/mrz1836/go-coverage/cmd/go-coverage/version.go:58.74,64.4 3 0
github.com/mrz1836/go-coverage/cmd/go-coverage/version.go:67.3,67.46 1 2
github.com/mrz1836/go-coverage/cmd/go-coverage/version.go:67.46,68.60 1 24
github.com/mrz1836/go-coverage/cmd/go-coverage/version.go:68.60,70.31 1 0
github.com/mrz1836/go-coverage/cmd/go-coverage/version.go:70.31,72.6 1 0
github.com/mrz1836/go-coverage/cmd/go-coverage/version.go:73.5,73.25 1 0
github.com/mrz1836/go-coverage/cmd/go-coverage/version.go:79.2,79.14 1 2
github.com/mrz1836/go-coverage/cmd/go-coverage/version.go:83.25,87.82 2 11
github.com/mrz1836/go-coverage/cmd/go-coverage/version.go:87.82,89.3 1 1
github.com/mrz1836/go-coverage/cmd/go-coverage/version.go:92.2,92.48 1 10
github.com/mrz1836/go-coverage/cmd/go-coverage/version.go:92.48,93.46 1 10
github.com/mrz1836/go-coverage/cmd/go-coverage/version.go:93.46,94.60 1 120
github.com/mrz1836/go-coverage/cmd/go-coverage/version.go:94.60,96.5 1 0
github.com/mrz1836/go-coverage/cmd/go-coverage/version.go:100.2,100.15 1 10
github.com/mrz1836/go-coverage/cmd/go-coverage/version.go:104.28,108.94 2 11
github.com/mrz1836/go-coverage/cmd/go-coverage/version.go:108.94,110.3 1 1
github.com/mrz1836/go-coverage/cmd/go-coverage/version.go:113.2,113.48 1 10
github.com/mrz1836/go-coverage/cmd/go-coverage/version.go:113.48,114.46 1 10
github.com/mrz1836/go-coverage/cmd/go-coverage/version.go:114.46,115.56 1 120
github.com/mrz1836/go-coverage/cmd/go-coverage/version.go:115.56,117.5 1 0
github.com/mrz1836/go-coverage/cmd/go-coverage/version.go:121.2,121.18 1 10
github.com/mrz1836/go-coverage/cmd/go-coverage/version.go:125.24,126.43 1 6
github.com/mrz1836/go-coverage/cmd/go-coverage/version.go:126.43,127.41 1 6
github.com/mrz1836/go-coverage/cmd/go-coverage/version.go:127.41,128.37 1 72
github.com/mrz1836/go-coverage/cmd/go-coverage/version.go:128.37,130.5 1 0
github.com/mrz1836/go-coverage/cmd/go-coverage/version.go:133.2,133.14 1 6
github.com/mrz1836/go-coverage/cmd/go-coverage/version.go:137.38,139.2 1 35
github.com/mrz1836/go-coverage/internal/analytics/assets/assets.go:21.43,24.54 2 254
github.com/mrz1836/go-coverage/internal/analytics/assets/assets.go:24.54,26.3 1 2
github.com/mrz1836/go-coverage/internal/analytics/assets/assets.go:29.2,29.79 1 252
github.com/mrz1836/go-coverage/internal/analytics/assets/assets.go:29.79,30.17 1 3024
github.com/mrz1836/go-coverage/internal/analytics/assets/assets.go:30.17,32.4 1 0
github.com/mrz1836/go-coverage/internal/analytics/assets/assets.go:35.3,35.18 1 3024
github.com/mrz1836/go-coverage/internal/analytics/assets/assets.go:35.18,37.4 1 252
github.com/mrz1836/go-coverage/internal/analytics/assets/assets.go:40.3,43.16 2 2772
github.com/mrz1836/go-coverage/internal/analytics/assets/assets.go:43.16,45.4 1 756
github.com/mrz1836/go-coverage/internal/analytics/assets/assets.go:48.3,49.17 2 2016
github.com/mrz1836/go-coverage/internal/analytics/assets/assets.go:49.17,51.4 1 0
github.com/mrz1836/go-coverage/internal/analytics/assets/assets.go:54.3,54.70 1 2016
github.com/mrz1836/go-coverage/internal/analytics/assets/assets.go:54.70,56.4 1 0
github.com/mrz1836/go-coverage/internal/analytics/assets/assets.go:59.3,59.63 1 2016
github.com/mrz1836/go-coverage/internal/analytics/assets/assets.go:59.63,61.4 1 0
github.com/mrz1836/go-coverage/internal/analytics/assets/assets.go:63.3,63.13 1 2016
github.com/mrz1836/go-coverage/internal/analytics/assets/assets.go:68.44,70.16 2 275
github.com/mrz1836/go-coverage/internal/analytics/assets/assets.go:70.16,72.3 1 2
github.com/mrz1836/go-coverage/internal/analytics/assets/assets.go:73.2,73.18 1 273
github.com/mrz1836/go-coverage/internal/analytics/assets/assets.go:77.36,80.2 2 265
github.com/mrz1836/go-coverage/internal/analytics/assets/assets.go:83.37,85.79 2 253
github.com/mrz1836/go-coverage/internal/analytics/assets/assets.go:85.79,86.17 1 3036
github.com/mrz1836/go-coverage/internal/analytics/assets/assets.go:86.17,88.4 1 0
github.com/mrz1836/go-coverage/internal/analytics/assets/assets.go:89.3,89.32 1 3036
github.com/mrz1836/go-coverage/internal/analytics/assets/assets.go:89.32,91.4 1 2024
github.com/mrz1836/go-coverage/internal/analytics/assets/assets.go:92.3,92.13 1 3036
github.com/mrz1836/go-coverage/internal/analytics/assets/assets.go:94.2,94.16 1 253
github.com/mrz1836/go-coverage/internal/analytics/assets/assets.go:94.16,96.3 1 0
github.com/mrz1836/go-coverage/internal/analytics/assets/assets.go:97.2,97.20 1 253
github.com/mrz1836/go-coverage/internal/analytics/dashboard/generator.go:24.43,26.24 2 52
github.com/mrz1836/go-coverage/internal/analytics/dashboard/generator.go:26.24,28.3 1 50
github.com/mrz1836/go-coverage/internal/analytics/dashboard/generator.go:30.2,31.34 2 52
github.com/mrz1836/go-coverage/internal/analytics/dashboard/generator.go:31.34,32.46 1 98
github.com/mrz1836/go-coverage/internal/analytics/dashboard/generator.go:32.46,34.4 1 22
github.com/mrz1836/go-coverage/internal/analytics/dashboard/generator.go:37.2,37.14 1 30
github.com/mrz1836/go-coverage/internal/analytics/dashboard/generator.go:70.55,72.30 2 27
github.com/mrz1836/go-coverage/internal/analytics/dashboard/generator.go:72.30,74.3 1 1
github.com/mrz1836/go-coverage/internal/analytics/dashboard/generator.go:76.2,80.3 1 27
github.com/mrz1836/go-coverage/internal/analytics/dashboard/generator.go:84.77,86.63 1 6
github.com/mrz1836/go-coverage/internal/analytics/dashboard/generator.go:86.63,88.3 1 1
github.com/mrz1836/go-coverage/internal/analytics/dashboard/generator.go:91.2,92.16 2 5
github.com/mrz1836/go-coverage/internal/analytics/dashboard/generator.go:92.16,94.3 1 0
github.com/mrz1836/go-coverage/internal/analytics/dashboard/generator.go:97.2,98.82 2 5
github.com/mrz1836/go-coverage/internal/analytics/dashboard/generator.go:98.82,100.3 1 1
github.com/mrz1836/go-coverage/internal/analytics/dashboard/generator.go:103.2,103.54 1 4
github.com/mrz1836/go-coverage/internal/analytics/dashboard/generator.go:103.54,105.3 1 0
github.com/mrz1836/go-coverage/internal/analytics/dashboard/generator.go:108.2,108.42 1 4
github.com/mrz1836/go-coverage/internal/analytics/dashboard/generator.go:108.42,110.3 1 0
github.com/mrz1836/go-coverage/internal/analytics/dashboard/generator.go:112.2,112.12 1 4
github.com/mrz1836/go-coverage/internal/analytics/dashboard/generator.go:116.100,125.16 4 6
github.com/mrz1836/go-coverage/internal/analytics/dashboard/generator.go:125.16,127.3 1 0
github.com/mrz1836/go-coverage/internal/analytics/dashboard/generator.go:129.2,129.18 1 6
github.com/mrz1836/go-coverage/internal/analytics/dashboard/generator.go:133.64,136.16 3 49
github.com/mrz1836/go-coverage/internal/analytics/dashboard/generator.go:136.16,138.3 1 1
github.com/mrz1836/go-coverage/internal/analytics/dashboard/generator.go:140.2,141.38 2 48
github.com/mrz1836/go-coverage/internal/analytics/dashboard/generator.go:145.59,148.76 2 59
github.com/mrz1836/go-coverage/internal/analytics/dashboard/generator.go:148.76,160.3 4 3
github.com/mrz1836/go-coverage/internal/analytics/dashboard/generator.go:163.2,164.16 2 56
github.com/mrz1836/go-coverage/internal/analytics/dashboard/generator.go:164.16,166.3 1 1
github.com/mrz1836/go-coverage/internal/analytics/dashboard/generator.go:169.2,173.20 4 55
github.com/mrz1836/go-coverage/internal/analytics/dashboard/generator.go:173.20,175.3 1 4
github.com/mrz1836/go-coverage/internal/analytics/dashboard/generator.go:177.2,186.3 3 51
github.com/mrz1836/go-coverage/internal/analytics/dashboard/generator.go:190.50,194.16 3 24
github.com/mrz1836/go-coverage/internal/analytics/dashboard/generator.go:194.16,197.3 1 24
github.com/mrz1836/go-coverage/internal/analytics/dashboard/generator.go:198.2,198.42 1 0
github.com/mrz1836/go-coverage/internal/analytics/dashboard/generator.go:202.97,216.41 8 22
github.com/mrz1836/go-coverage/internal/analytics/dashboard/generator.go:216.41,219.39 3 4
github.com/mrz1836/go-coverage/internal/analytics/dashboard/generator.go:219.39,221.4 1 2
github.com/mrz1836/go-coverage/internal/analytics/dashboard/generator.go:221.9,223.4 1 2
github.com/mrz1836/go-coverage/internal/analytics/dashboard/generator.go:227.2,235.21 5 22
github.com/mrz1836/go-coverage/internal/analytics/dashboard/generator.go:235.21,238.24 3 22
github.com/mrz1836/go-coverage/internal/analytics/dashboard/generator.go:238.24,240.4 1 15
github.com/mrz1836/go-coverage/internal/analytics/dashboard/generator.go:244.2,245.74 2 22
github.com/mrz1836/go-coverage/internal/analytics/dashboard/generator.go:245.74,247.3 1 18
github.com/mrz1836/go-coverage/internal/analytics/dashboard/generator.go:250.2,251.49 2 22
github.com/mrz1836/go-coverage/internal/analytics/dashboard/generator.go:251.49,253.3 1 8
github.com/mrz1836/go-coverage/internal/analytics/dashboard/generator.go:253.8,253.82 1 14
github.com/mrz1836/go-coverage/internal/analytics/dashboard/generator.go:253.82,256.3 1 0
github.com/mrz1836/go-coverage/internal/analytics/dashboard/generator.go:259.2,261.27 3 22
github.com/mrz1836/go-coverage/internal/analytics/dashboard/generator.go:261.27,263.3 1 22
github.com/mrz1836/go-coverage/internal/analytics/dashboard/generator.go:264.2,264.46 1 22
github.com/mrz1836/go-coverage/internal/analytics/dashboard/generator.go:264.46,266.3 1 16
github.com/mrz1836/go-coverage/internal/analytics/dashboard/generator.go:266.8,266.79 1 6
github.com/mrz1836/go-coverage/internal/analytics/dashboard/generator.go:266.79,269.3 1 0
github.com/mrz1836/go-coverage/internal/analytics/dashboard/generator.go:272.2,273.74 2 22
github.com/mrz1836/go-coverage/internal/analytics/dashboard/generator.go:273.74,275.3 1 6
github.com/mrz1836/go-coverage/internal/analytics/dashboard/generator.go:278.2,279.25 2 22
github.com/mrz1836/go-coverage/internal/analytics/dashboard/generator.go:279.25,281.52 1 6
github.com/mrz1836/go-coverage/internal/analytics/dashboard/generator.go:281.52,283.4 1 6
github.com/mrz1836/go-coverage/internal/analytics/dashboard/generator.go:283.9,283.34 1 0
github.com/mrz1836/go-coverage/internal/analytics/dashboard/generator.go:283.34,285.4 1 0
github.com/mrz1836/go-coverage/internal/analytics/dashboard/generator.go:285.9,287.4 1 0
github.com/mrz1836/go-coverage/internal/analytics/dashboard/generator.go:288.8,290.52 1 16
github.com/mrz1836/go-coverage/internal/analytics/dashboard/generator.go:290.52,292.4 1 16
github.com/mrz1836/go-coverage/internal/analytics/dashboard/generator.go:292.9,292.34 1 0
github.com/mrz1836/go-coverage/internal/analytics/dashboard/generator.go:292.34,294.4 1 0
github.com/mrz1836/go-coverage/internal/analytics/dashboard/generator.go:299.2,306.16 4 22
github.com/mrz1836/go-coverage/internal/analytics/dashboard/generator.go:306.16,308.3 1 0
github.com/mrz1836/go-coverage/internal/analytics/dashboard/generator.go:310.2,359.3 1 22
github.com/mrz1836/go-coverage/internal/analytics/dashboard/generator.go:363.56,364.18 1 25
github.com/mrz1836/go-coverage/internal/analytics/dashboard/generator.go:364.18,366.3 1 5
github.com/mrz1836/go-coverage/internal/analytics/dashboard/generator.go:367.2,367.12 1 20
github.com/mrz1836/go-coverage/internal/analytics/dashboard/generator.go:371.97,379.21 4 25
github.com/mrz1836/go-coverage/internal/analytics/dashboard/generator.go:379.21,382.3 2 25
github.com/mrz1836/go-coverage/internal/analytics/dashboard/generator.go:385.2,386.72 2 25
github.com/mrz1836/go-coverage/internal/analytics/dashboard/generator.go:386.72,389.3 1 18
github.com/mrz1836/go-coverage/internal/analytics/dashboard/generator.go:393.2,403.17 2 25
github.com/mrz1836/go-coverage/internal/analytics/dashboard/generator.go:407.59,410.2 2 33
github.com/mrz1836/go-coverage/internal/analytics/dashboard/generator.go:413.85,415.31 2 25
github.com/mrz1836/go-coverage/internal/analytics/dashboard/generator.go:415.31,418.34 2 5
github.com/mrz1836/go-coverage/internal/analytics/dashboard/generator.go:418.34,424.4 1 2
github.com/mrz1836/go-coverage/internal/analytics/dashboard/generator.go:426.3,435.5 1 5
github.com/mrz1836/go-coverage/internal/analytics/dashboard/generator.go:437.2,437.15 1 25
github.com/mrz1836/go-coverage/internal/analytics/dashboard/generator.go:441.74,442.23 1 26
github.com/mrz1836/go-coverage/internal/analytics/dashboard/generator.go:442.23,444.3 1 20
github.com/mrz1836/go-coverage/internal/analytics/dashboard/generator.go:446.2,447.16 2 6
github.com/mrz1836/go-coverage/internal/analytics/dashboard/generator.go:447.16,449.3 1 0
github.com/mrz1836/go-coverage/internal/analytics/dashboard/generator.go:450.2,450.21 1 6
github.com/mrz1836/go-coverage/internal/analytics/dashboard/generator.go:454.90,455.24 1 8
github.com/mrz1836/go-coverage/internal/analytics/dashboard/generator.go:455.24,457.3 1 1
github.com/mrz1836/go-coverage/internal/analytics/dashboard/generator.go:459.2,460.50 2 7
github.com/mrz1836/go-coverage/internal/analytics/dashboard/generator.go:460.50,462.3 1 6
github.com/mrz1836/go-coverage/internal/analytics/dashboard/generator.go:462.8,464.3 1 1
github.com/mrz1836/go-coverage/internal/analytics/dashboard/generator.go:466.2,469.28 2 7
github.com/mrz1836/go-coverage/internal/analytics/dashboard/generator.go:469.28,471.3 1 2
github.com/mrz1836/go-coverage/internal/analytics/dashboard/generator.go:472.2,472.26 1 5
github.com/mrz1836/go-coverage/internal/analytics/dashboard/generator.go:472.26,474.3 1 3
github.com/mrz1836/go-coverage/internal/analytics/dashboard/generator.go:475.2,475.82 1 2
github.com/mrz1836/go-coverage/internal/analytics/dashboard/generator.go:479.83,482.52 2 7
github.com/mrz1836/go-coverage/internal/analytics/dashboard/generator.go:482.52,484.3 1 1
github.com/mrz1836/go-coverage/internal/analytics/dashboard/generator.go:487.2,488.16 2 6
github.com/mrz1836/go-coverage/internal/analytics/dashboard/generator.go:488.16,490.3 1 0
github.com/mrz1836/go-coverage/internal/analytics/dashboard/generator.go:493.2,494.78 2 6
github.com/mrz1836/go-coverage/internal/analytics/dashboard/generator.go:494.78,496.3 1 0
github.com/mrz1836/go-coverage/internal/analytics/dashboard/generator.go:499.2,507.16 3 6
github.com/mrz1836/go-coverage/internal/analytics/dashboard/generator.go:507.16,509.3 1 0
github.com/mrz1836/go-coverage/internal/analytics/dashboard/generator.go:511.2,512.82 2 6
github.com/mrz1836/go-coverage/internal/analytics/dashboard/generator.go:512.82,514.3 1 0
github.com/mrz1836/go-coverage/internal/analytics/dashboard/generator.go:520.2,520.12 1 6
github.com/mrz1836/go-coverage/internal/analytics/dashboard/generator.go:524.57,527.2 1 5
github.com/mrz1836/go-coverage/internal/analytics/dashboard/generator.go:535.48,539.2 1 31
github.com/mrz1836/go-coverage/internal/analytics/dashboard/generator.go:542.92,545.37 1 10
github.com/mrz1836/go-coverage/internal/analytics/dashboard/generator.go:545.37,547.4 1 0
github.com/mrz1836/go-coverage/internal/analytics/dashboard/generator.go:553.2,556.49 3 10
github.com/mrz1836/go-coverage/internal/analytics/dashboard/generator.go:556.49,558.3 1 1
github.com/mrz1836/go-coverage/internal/analytics/dashboard/generator.go:560.2,560.26 1 9
github.com/mrz1836/go-coverage/internal/analytics/dashboard/template.go:8.36,299.2 1 10
github.com/mrz1836/go-coverage/internal/analytics/history/analyzer.go:300.62,301.19 1 41
github.com/mrz1836/go-coverage/internal/analytics/history/analyzer.go:301.19,317.3 1 2
github.com/mrz1836/go-coverage/internal/analytics/history/analyzer.go:319.2,322.3 1 41
github.com/mrz1836/go-coverage/internal/analytics/history/analyzer.go:326.127,333.16 2 1
github.com/mrz1836/go-coverage/internal/analytics/history/analyzer.go:333.16,335.3 1 0
github.com/mrz1836/go-coverage/internal/analytics/history/analyzer.go:338.2,338.30 1 0
github.com/mrz1836/go-coverage/internal/analytics/history/analyzer.go:338.30,341.3 2 0
github.com/mrz1836/go-coverage/internal/analytics/history/analyzer.go:343.2,344.42 2 0
github.com/mrz1836/go-coverage/internal/analytics/history/analyzer.go:344.42,352.3 2 0
github.com/mrz1836/go-coverage/internal/analytics/history/analyzer.go:355.2,355.60 1 0
github.com/mrz1836/go-coverage/internal/analytics/history/analyzer.go:355.60,357.3 1 0
github.com/mrz1836/go-coverage/internal/analytics/history/analyzer.go:359.2,359.12 1 0
github.com/mrz1836/go-coverage/internal/analytics/history/analyzer.go:363.73,368.60 3 25
github.com/mrz1836/go-coverage/internal/analytics/history/analyzer.go:368.60,370.3 1 109
github.com/mrz1836/go-coverage/internal/analytics/history/analyzer.go:374.81,375.44 1 10
github.com/mrz1836/go-coverage/internal/analytics/history/analyzer.go:375.44,378.3 1 2
github.com/mrz1836/go-coverage/internal/analytics/history/analyzer.go:381.2,388.22 3 8
github.com/mrz1836/go-coverage/internal/analytics/history/analyzer.go:388.22,390.3 1 8
github.com/mrz1836/go-coverage/internal/analytics/history/analyzer.go:393.2,405.16 7 8
github.com/mrz1836/go-coverage/internal/analytics/history/analyzer.go:405.16,407.3 1 0
github.com/mrz1836/go-coverage/internal/analytics/history/analyzer.go:408.2,420.20 6 8
github.com/mrz1836/go-coverage/internal/analytics/history/analyzer.go:424.43,425.23 1 8
github.com/mrz1836/go-coverage/internal/analytics/history/analyzer.go:425.23,427.3 1 0
github.com/mrz1836/go-coverage/internal/analytics/history/analyzer.go:430.2,430.32 1 8
github.com/mrz1836/go-coverage/internal/analytics/history/analyzer.go:430.32,432.3 1 8
github.com/mrz1836/go-coverage/internal/analytics/history/analyzer.go:435.2,435.21 1 8
github.com/mrz1836/go-coverage/internal/analytics/history/analyzer.go:439.43,440.22 1 11
github.com/mrz1836/go-coverage/internal/analytics/history/analyzer.go:440.22,442.3 1 0
github.com/mrz1836/go-coverage/internal/analytics/history/analyzer.go:445.2,446.32 2 11
github.com/mrz1836/go-coverage/internal/analytics/history/analyzer.go:446.32,448.3 1 69
github.com/mrz1836/go-coverage/internal/analytics/history/analyzer.go:449.2,452.32 3 11
github.com/mrz1836/go-coverage/internal/analytics/history/analyzer.go:452.32,455.3 2 69
github.com/mrz1836/go-coverage/internal/analytics/history/analyzer.go:456.2,460.25 3 11
github.com/mrz1836/go-coverage/internal/analytics/history/analyzer.go:460.25,463.3 2 69
github.com/mrz1836/go-coverage/internal/analytics/history/analyzer.go:467.43,468.23 1 11
github.com/mrz1836/go-coverage/internal/analytics/history/analyzer.go:468.23,470.3 1 0
github.com/mrz1836/go-coverage/internal/analytics/history/analyzer.go:473.2,477.36 3 11
github.com/mrz1836/go-coverage/internal/analytics/history/analyzer.go:477.36,478.27 1 55
github.com/mrz1836/go-coverage/internal/analytics/history/analyzer.go:478.27,481.4 1 0
github.com/mrz1836/go-coverage/internal/analytics/history/analyzer.go:481.9,483.4 1 55
github.com/mrz1836/go-coverage/internal/analytics/history/analyzer.go:488.57,489.23 1 10
github.com/mrz1836/go-coverage/internal/analytics/history/analyzer.go:489.23,491.3 1 1
github.com/mrz1836/go-coverage/internal/analytics/history/analyzer.go:493.2,495.22 3 9
github.com/mrz1836/go-coverage/internal/analytics/history/analyzer.go:495.22,497.3 1 9
github.com/mrz1836/go-coverage/internal/analytics/history/analyzer.go:499.2,501.19 3 9
github.com/mrz1836/go-coverage/internal/analytics/history/analyzer.go:501.19,503.3 1 9
github.com/mrz1836/go-coverage/internal/analytics/history/analyzer.go:505.2,518.3 4 9
github.com/mrz1836/go-coverage/internal/analytics/history/analyzer.go:522.84,527.32 3 26
github.com/mrz1836/go-coverage/internal/analytics/history/analyzer.go:527.32,528.36 1 151
github.com/mrz1836/go-coverage/internal/analytics/history/analyzer.go:528.36,530.4 1 151
github.com/mrz1836/go-coverage/internal/analytics/history/analyzer.go:533.2,533.25 1 26
github.com/mrz1836/go-coverage/internal/analytics/history/analyzer.go:533.25,535.3 1 1
github.com/mrz1836/go-coverage/internal/analytics/history/analyzer.go:538.2,545.39 5 25
github.com/mrz1836/go-coverage/internal/analytics/history/analyzer.go:545.39,549.27 3 125
github.com/mrz1836/go-coverage/internal/analytics/history/analyzer.go:549.27,551.4 1 25
github.com/mrz1836/go-coverage/internal/analytics/history/analyzer.go:552.3,552.27 1 125
github.com/mrz1836/go-coverage/internal/analytics/history/analyzer.go:552.27,554.4 1 0
github.com/mrz1836/go-coverage/internal/analytics/history/analyzer.go:557.2,558.22 2 25
github.com/mrz1836/go-coverage/internal/analytics/history/analyzer.go:558.22,560.34 2 25
github.com/mrz1836/go-coverage/internal/analytics/history/analyzer.go:560.34,562.4 1 125
github.com/mrz1836/go-coverage/internal/analytics/history/analyzer.go:563.3,563.46 1 25
github.com/mrz1836/go-coverage/internal/analytics/history/analyzer.go:566.2,583.3 4 25
github.com/mrz1836/go-coverage/internal/analytics/history/analyzer.go:587.97,588.19 1 95
github.com/mrz1836/go-coverage/internal/analytics/history/analyzer.go:588.19,590.3 1 1
github.com/mrz1836/go-coverage/internal/analytics/history/analyzer.go:592.2,595.29 3 94
github.com/mrz1836/go-coverage/internal/analytics/history/analyzer.go:595.29,604.3 7 413
github.com/mrz1836/go-coverage/internal/analytics/history/analyzer.go:607.2,608.22 2 94
github.com/mrz1836/go-coverage/internal/analytics/history/analyzer.go:608.22,610.3 1 0
github.com/mrz1836/go-coverage/internal/analytics/history/analyzer.go:612.2,618.29 4 94
github.com/mrz1836/go-coverage/internal/analytics/history/analyzer.go:618.29,625.3 5 413
github.com/mrz1836/go-coverage/internal/analytics/history/analyzer.go:627.2,628.14 2 94
github.com/mrz1836/go-coverage/internal/analytics/history/analyzer.go:628.14,630.3 1 93
github.com/mrz1836/go-coverage/internal/analytics/history/analyzer.go:632.2,632.24 1 94
github.com/mrz1836/go-coverage/internal/analytics/history/analyzer.go:636.65,637.22 1 19
github.com/mrz1836/go-coverage/internal/analytics/history/analyzer.go:637.22,639.3 1 0
github.com/mrz1836/go-coverage/internal/analytics/history/analyzer.go:642.2,643.36 2 19
github.com/mrz1836/go-coverage/internal/analytics/history/analyzer.go:643.36,646.3 2 98
github.com/mrz1836/go-coverage/internal/analytics/history/analyzer.go:649.2,650.33 2 19
github.com/mrz1836/go-coverage/internal/analytics/history/analyzer.go:650.33,652.3 1 98
github.com/mrz1836/go-coverage/internal/analytics/history/analyzer.go:653.2,657.33 3 19
github.com/mrz1836/go-coverage/internal/analytics/history/analyzer.go:657.33,660.3 2 98
github.com/mrz1836/go-coverage/internal/analytics/history/analyzer.go:661.2,668.21 4 19
github.com/mrz1836/go-coverage/internal/analytics/history/analyzer.go:668.21,670.3 1 18
github.com/mrz1836/go-coverage/internal/analytics/history/analyzer.go:673.2,674.33 2 19
github.com/mrz1836/go-coverage/internal/analytics/history/analyzer.go:674.33,675.25 1 98
github.com/mrz1836/go-coverage/internal/analytics/history/analyzer.go:675.25,677.4 1 23
github.com/mrz1836/go-coverage/internal/analytics/history/analyzer.go:681.2,682.44 2 19
github.com/mrz1836/go-coverage/internal/analytics/history/analyzer.go:682.44,684.3 1 1
github.com/mrz1836/go-coverage/internal/analytics/history/analyzer.go:684.8,684.53 1 18
github.com/mrz1836/go-coverage/internal/analytics/history/analyzer.go:684.53,686.3 1 0
github.com/mrz1836/go-coverage/internal/analytics/history/analyzer.go:689.2,699.3 2 19
github.com/mrz1836/go-coverage/internal/analytics/history/analyzer.go:703.75,704.22 1 10
github.com/mrz1836/go-coverage/internal/analytics/history/analyzer.go:704.22,706.3 1 1
github.com/mrz1836/go-coverage/internal/analytics/history/analyzer.go:708.2,715.49 4 9
github.com/mrz1836/go-coverage/internal/analytics/history/analyzer.go:715.49,744.3 8 126
github.com/mrz1836/go-coverage/internal/analytics/history/analyzer.go:746.2,746.25 1 9
github.com/mrz1836/go-coverage/internal/analytics/history/analyzer.go:750.67,751.23 1 9
github.com/mrz1836/go-coverage/internal/analytics/history/analyzer.go:751.23,753.3 1 0
github.com/mrz1836/go-coverage/internal/analytics/history/analyzer.go:756.2,757.32 2 9
github.com/mrz1836/go-coverage/internal/analytics/history/analyzer.go:757.32,758.22 1 54
github.com/mrz1836/go-coverage/internal/analytics/history/analyzer.go:758.22,760.4 1 0
github.com/mrz1836/go-coverage/internal/analytics/history/analyzer.go:764.2,766.24 3 9
github.com/mrz1836/go-coverage/internal/analytics/history/analyzer.go:766.24,768.3 1 9
github.com/mrz1836/go-coverage/internal/analytics/history/analyzer.go:771.2,772.36 2 9
github.com/mrz1836/go-coverage/internal/analytics/history/analyzer.go:772.36,774.23 2 45
github.com/mrz1836/go-coverage/internal/analytics/history/analyzer.go:774.23,776.4 1 9
github.com/mrz1836/go-coverage/internal/analytics/history/analyzer.go:780.2,788.9 5 9
github.com/mrz1836/go-coverage/internal/analytics/history/analyzer.go:789.26,790.25 1 9
github.com/mrz1836/go-coverage/internal/analytics/history/analyzer.go:791.26,792.25 1 0
github.com/mrz1836/go-coverage/internal/analytics/history/analyzer.go:793.26,794.25 1 0
github.com/mrz1836/go-coverage/internal/analytics/history/analyzer.go:795.26,796.25 1 0
github.com/mrz1836/go-coverage/internal/analytics/history/analyzer.go:799.2,807.3 1 9
github.com/mrz1836/go-coverage/internal/analytics/history/analyzer.go:811.50,815.2 1 8
github.com/mrz1836/go-coverage/internal/analytics/history/analyzer.go:819.76,820.52 1 39
github.com/mrz1836/go-coverage/internal/analytics/history/analyzer.go:820.52,822.3 1 3
github.com/mrz1836/go-coverage/internal/analytics/history/analyzer.go:824.2,824.16 1 36
github.com/mrz1836/go-coverage/internal/analytics/history/analyzer.go:824.16,826.3 1 35
github.com/mrz1836/go-coverage/internal/analytics/history/analyzer.go:828.2,828.18 1 1
github.com/mrz1836/go-coverage/internal/analytics/history/analyzer.go:831.76,832.9 1 13
github.com/mrz1836/go-coverage/internal/analytics/history/analyzer.go:833.21,834.30 1 1
github.com/mrz1836/go-coverage/internal/analytics/history/analyzer.go:835.21,836.27 1 10
github.com/mrz1836/go-coverage/internal/analytics/history/analyzer.go:837.21,838.24 1 1
github.com/mrz1836/go-coverage/internal/analytics/history/analyzer.go:839.10,840.29 1 1
github.com/mrz1836/go-coverage/internal/analytics/history/analyzer.go:844.84,845.19 1 25
github.com/mrz1836/go-coverage/internal/analytics/history/analyzer.go:845.19,847.3 1 0
github.com/mrz1836/go-coverage/internal/analytics/history/analyzer.go:850.2,856.31 5 25
github.com/mrz1836/go-coverage/internal/analytics/history/analyzer.go:856.31,858.3 1 0
github.com/mrz1836/go-coverage/internal/analytics/history/analyzer.go:860.2,860.19 1 25
github.com/mrz1836/go-coverage/internal/analytics/history/analyzer.go:860.19,862.3 1 25
github.com/mrz1836/go-coverage/internal/analytics/history/analyzer.go:864.2,864.29 1 0
github.com/mrz1836/go-coverage/internal/analytics/history/analyzer.go:867.61,868.22 1 9
github.com/mrz1836/go-coverage/internal/analytics/history/analyzer.go:868.22,870.3 1 0
github.com/mrz1836/go-coverage/internal/analytics/history/analyzer.go:872.2,873.17 2 9
github.com/mrz1836/go-coverage/internal/analytics/history/analyzer.go:876.94,880.2 2 25
github.com/mrz1836/go-coverage/internal/analytics/history/analyzer.go:882.84,883.19 1 25
github.com/mrz1836/go-coverage/internal/analytics/history/analyzer.go:883.19,885.3 1 0
github.com/mrz1836/go-coverage/internal/analytics/history/analyzer.go:887.2,890.19 3 25
github.com/mrz1836/go-coverage/internal/analytics/history/analyzer.go:890.19,892.3 1 0
github.com/mrz1836/go-coverage/internal/analytics/history/analyzer.go:894.2,894.31 1 25
github.com/mrz1836/go-coverage/internal/analytics/history/analyzer.go:897.73,898.9 1 14
github.com/mrz1836/go-coverage/internal/analytics/history/analyzer.go:899.22,900.14 1 1
github.com/mrz1836/go-coverage/internal/analytics/history/analyzer.go:901.22,902.13 1 1
github.com/mrz1836/go-coverage/internal/analytics/history/analyzer.go:903.22,904.14 1 0
github.com/mrz1836/go-coverage/internal/analytics/history/analyzer.go:905.22,906.13 1 10
github.com/mrz1836/go-coverage/internal/analytics/history/analyzer.go:907.22,908.13 1 1
github.com/mrz1836/go-coverage/internal/analytics/history/analyzer.go:909.22,910.13 1 0
github.com/mrz1836/go-coverage/internal/analytics/history/analyzer.go:911.10,912.13 1 1
github.com/mrz1836/go-coverage/internal/analytics/history/analyzer.go:917.74,921.92 2 9
github.com/mrz1836/go-coverage/internal/analytics/history/analyzer.go:921.92,930.3 1 9
github.com/mrz1836/go-coverage/internal/analytics/history/analyzer.go:932.2,932.94 1 9
github.com/mrz1836/go-coverage/internal/analytics/history/analyzer.go:932.94,934.55 2 0
github.com/mrz1836/go-coverage/internal/analytics/history/analyzer.go:934.55,936.4 1 0
github.com/mrz1836/go-coverage/internal/analytics/history/analyzer.go:938.3,945.5 1 0
github.com/mrz1836/go-coverage/internal/analytics/history/analyzer.go:949.2,949.57 1 9
github.com/mrz1836/go-coverage/internal/analytics/history/analyzer.go:949.57,958.3 1 0
github.com/mrz1836/go-coverage/internal/analytics/history/analyzer.go:961.2,964.39 3 9
github.com/mrz1836/go-coverage/internal/analytics/history/analyzer.go:964.39,965.68 1 36
github.com/mrz1836/go-coverage/internal/analytics/history/analyzer.go:965.68,973.9 2 9
github.com/mrz1836/go-coverage/internal/analytics/history/analyzer.go:977.2,977.17 1 9
github.com/mrz1836/go-coverage/internal/analytics/history/analyzer.go:981.88,985.41 2 9
github.com/mrz1836/go-coverage/internal/analytics/history/analyzer.go:985.41,999.3 1 1
github.com/mrz1836/go-coverage/internal/analytics/history/analyzer.go:1002.2,1002.57 1 9
github.com/mrz1836/go-coverage/internal/analytics/history/analyzer.go:1002.57,1016.3 1 1
github.com/mrz1836/go-coverage/internal/analytics/history/analyzer.go:1019.2,1019.45 1 9
github.com/mrz1836/go-coverage/internal/analytics/history/analyzer.go:1019.45,1033.3 1 1
github.com/mrz1836/go-coverage/internal/analytics/history/analyzer.go:1035.2,1035.24 1 9
github.com/mrz1836/go-coverage/internal/analytics/history/analyzer.go:1039.57,1041.2 1 1
github.com/mrz1836/go-coverage/internal/analytics/history/analyzer.go:1044.85,1047.32 2 1
github.com/mrz1836/go-coverage/internal/analytics/history/analyzer.go:1047.32,1048.66 1 6
github.com/mrz1836/go-coverage/internal/analytics/history/analyzer.go:1048.66,1050.4 1 3
github.com/mrz1836/go-coverage/internal/analytics/history/analyzer.go:1053.2,1053.19 1 1
github.com/mrz1836/go-coverage/internal/analytics/report/generator.go:90.46,95.2 1 18
github.com/mrz1836/go-coverage/internal/analytics/report/generator.go:98.88,100.63 1 11
github.com/mrz1836/go-coverage/internal/analytics/report/generator.go:100.63,102.3 1 1
github.com/mrz1836/go-coverage/internal/analytics/report/generator.go:105.2,109.16 3 10
github.com/mrz1836/go-coverage/internal/analytics/report/generator.go:109.16,111.3 1 0
github.com/mrz1836/go-coverage/internal/analytics/report/generator.go:114.2,115.62 2 10
github.com/mrz1836/go-coverage/internal/analytics/report/generator.go:115.62,117.3 1 1
github.com/mrz1836/go-coverage/internal/analytics/report/generator.go:120.2,120.64 1 9
github.com/mrz1836/go-coverage/internal/analytics/report/generator.go:120.64,122.3 1 0
github.com/mrz1836/go-coverage/internal/analytics/report/generator.go:124.2,124.12 1 9
github.com/mrz1836/go-coverage/internal/analytics/report/generator.go:128.95,133.21 3 15
github.com/mrz1836/go-coverage/internal/analytics/report/generator.go:133.21,138.39 3 13
github.com/mrz1836/go-coverage/internal/analytics/report/generator.go:138.39,140.4 1 24
github.com/mrz1836/go-coverage/internal/analytics/report/generator.go:141.3,144.37 2 13
github.com/mrz1836/go-coverage/internal/analytics/report/generator.go:144.37,150.36 4 24
github.com/mrz1836/go-coverage/internal/analytics/report/generator.go:150.36,152.5 1 25
github.com/mrz1836/go-coverage/internal/analytics/report/generator.go:153.4,156.39 2 24
github.com/mrz1836/go-coverage/internal/analytics/report/generator.go:156.39,161.42 4 25
github.com/mrz1836/go-coverage/internal/analytics/report/generator.go:161.42,164.24 3 62
github.com/mrz1836/go-coverage/internal/analytics/report/generator.go:164.24,166.7 1 38
github.com/mrz1836/go-coverage/internal/analytics/report/generator.go:169.5,170.23 2 25
github.com/mrz1836/go-coverage/internal/analytics/report/generator.go:170.23,172.6 1 25
github.com/mrz1836/go-coverage/internal/analytics/report/generator.go:175.5,176.120 2 25
github.com/mrz1836/go-coverage/internal/analytics/report/generator.go:176.120,181.6 1 19
github.com/mrz1836/go-coverage/internal/analytics/report/generator.go:183.5,191.17 2 25
github.com/mrz1836/go-coverage/internal/analytics/report/generator.go:194.4,200.6 1 24
github.com/mrz1836/go-coverage/internal/analytics/report/generator.go:205.2,206.21 2 15
github.com/mrz1836/go-coverage/internal/analytics/report/generator.go:206.21,215.3 1 13
github.com/mrz1836/go-coverage/internal/analytics/report/generator.go:215.8,224.3 1 2
github.com/mrz1836/go-coverage/internal/analytics/report/generator.go:227.2,228.116 2 15
github.com/mrz1836/go-coverage/internal/analytics/report/generator.go:228.116,231.3 1 12
github.com/mrz1836/go-coverage/internal/analytics/report/generator.go:234.2,235.115 2 15
github.com/mrz1836/go-coverage/internal/analytics/report/generator.go:235.115,238.3 1 0
github.com/mrz1836/go-coverage/internal/analytics/report/generator.go:241.2,242.21 2 15
github.com/mrz1836/go-coverage/internal/analytics/report/generator.go:242.21,243.30 1 15
github.com/mrz1836/go-coverage/internal/analytics/report/generator.go:243.30,245.71 1 0
github.com/mrz1836/go-coverage/internal/analytics/report/generator.go:245.71,247.5 1 0
github.com/mrz1836/go-coverage/internal/analytics/report/generator.go:247.10,247.44 1 0
github.com/mrz1836/go-coverage/internal/analytics/report/generator.go:247.44,249.5 1 0
github.com/mrz1836/go-coverage/internal/analytics/report/generator.go:249.10,251.5 1 0
github.com/mrz1836/go-coverage/internal/analytics/report/generator.go:252.9,254.71 1 15
github.com/mrz1836/go-coverage/internal/analytics/report/generator.go:254.71,256.5 1 13
github.com/mrz1836/go-coverage/internal/analytics/report/generator.go:256.10,256.44 1 2
github.com/mrz1836/go-coverage/internal/analytics/report/generator.go:256.44,258.5 1 0
github.com/mrz1836/go-coverage/internal/analytics/report/generator.go:263.2,264.21 2 15
github.com/mrz1836/go-coverage/internal/analytics/report/generator.go:264.21,270.3 5 15
github.com/mrz1836/go-coverage/internal/analytics/report/generator.go:273.2,274.51 2 15
github.com/mrz1836/go-coverage/internal/analytics/report/generator.go:274.51,277.3 1 13
github.com/mrz1836/go-coverage/internal/analytics/report/generator.go:280.2,281.16 2 15
github.com/mrz1836/go-coverage/internal/analytics/report/generator.go:281.16,283.3 1 0
github.com/mrz1836/go-coverage/internal/analytics/report/generator.go:286.2,287.57 2 15
github.com/mrz1836/go-coverage/internal/analytics/report/generator.go:287.57,289.3 1 7
github.com/mrz1836/go-coverage/internal/analytics/report/generator.go:289.8,291.3 1 8
github.com/mrz1836/go-coverage/internal/analytics/report/generator.go:293.2,313.3 1 15
github.com/mrz1836/go-coverage/internal/analytics/report/generator.go:317.50,321.16 3 15
github.com/mrz1836/go-coverage/internal/analytics/report/generator.go:321.16,324.3 1 15
github.com/mrz1836/go-coverage/internal/analytics/report/generator.go:327.2,328.12 2 0
github.com/mrz1836/go-coverage/internal/analytics/report/renderer.go:18.30,22.2 1 35
github.com/mrz1836/go-coverage/internal/analytics/report/renderer.go:25.78,28.42 1 41
github.com/mrz1836/go-coverage/internal/analytics/report/renderer.go:28.42,30.4 1 0
github.com/mrz1836/go-coverage/internal/analytics/report/renderer.go:32.32,34.4 1 78
github.com/mrz1836/go-coverage/internal/analytics/report/renderer.go:35.49,36.24 1 25
github.com/mrz1836/go-coverage/internal/analytics/report/renderer.go:36.24,38.5 1 0
github.com/mrz1836/go-coverage/internal/analytics/report/renderer.go:39.4,39.21 1 25
github.com/mrz1836/go-coverage/internal/analytics/report/renderer.go:41.33,43.4 1 864
github.com/mrz1836/go-coverage/internal/analytics/report/renderer.go:44.37,46.4 1 0
github.com/mrz1836/go-coverage/internal/analytics/report/renderer.go:47.36,49.4 1 0
github.com/mrz1836/go-coverage/internal/analytics/report/renderer.go:53.2,54.16 2 41
github.com/mrz1836/go-coverage/internal/analytics/report/renderer.go:54.16,56.3 1 0
github.com/mrz1836/go-coverage/internal/analytics/report/renderer.go:59.2,60.48 2 41
github.com/mrz1836/go-coverage/internal/analytics/report/renderer.go:60.48,62.3 1 2
github.com/mrz1836/go-coverage/internal/analytics/report/renderer.go:64.2,64.25 1 39
github.com/mrz1836/go-coverage/internal/analytics/report/renderer.go:68.30,70.19 2 88
github.com/mrz1836/go-coverage/internal/analytics/report/renderer.go:70.19,72.3 1 64
github.com/mrz1836/go-coverage/internal/analytics/report/renderer.go:74.2,75.25 2 24
github.com/mrz1836/go-coverage/internal/analytics/report/renderer.go:75.25,76.35 1 113
github.com/mrz1836/go-coverage/internal/analytics/report/renderer.go:76.35,78.4 1 27
github.com/mrz1836/go-coverage/internal/analytics/report/renderer.go:79.3,79.23 1 113
github.com/mrz1836/go-coverage/internal/analytics/report/renderer.go:81.2,81.24 1 24
github.com/mrz1836/go-coverage/internal/analytics/report/template.go:8.33,230.2 1 172
github.com/mrz1836/go-coverage/internal/badge/generator.go:79.23,96.2 1 162
github.com/mrz1836/go-coverage/internal/badge/generator.go:99.47,104.2 1 16
github.com/mrz1836/go-coverage/internal/badge/generator.go:107.36,108.25 1 272
github.com/mrz1836/go-coverage/internal/badge/generator.go:108.25,110.3 1 272
github.com/mrz1836/go-coverage/internal/badge/generator.go:112.2,112.38 1 0
github.com/mrz1836/go-coverage/internal/badge/generator.go:116.106,125.30 2 43
github.com/mrz1836/go-coverage/internal/badge/generator.go:125.30,127.3 1 27
github.com/mrz1836/go-coverage/internal/badge/generator.go:129.2,142.36 4 43
github.com/mrz1836/go-coverage/internal/badge/generator.go:146.123,151.9 4 25
github.com/mrz1836/go-coverage/internal/badge/generator.go:152.18,154.40 2 7
github.com/mrz1836/go-coverage/internal/badge/generator.go:155.19,157.34 2 7
github.com/mrz1836/go-coverage/internal/badge/generator.go:158.10,160.20 2 11
github.com/mrz1836/go-coverage/internal/badge/generator.go:163.2,168.30 2 25
github.com/mrz1836/go-coverage/internal/badge/generator.go:168.30,170.3 1 0
github.com/mrz1836/go-coverage/internal/badge/generator.go:172.2,182.36 2 25
github.com/mrz1836/go-coverage/internal/badge/generator.go:186.70,187.9 1 100
github.com/mrz1836/go-coverage/internal/badge/generator.go:188.56,189.19 1 28
github.com/mrz1836/go-coverage/internal/badge/generator.go:190.51,191.24 1 20
github.com/mrz1836/go-coverage/internal/badge/generator.go:192.57,193.19 1 10
github.com/mrz1836/go-coverage/internal/badge/generator.go:194.50,195.19 1 4
github.com/mrz1836/go-coverage/internal/badge/generator.go:196.10,197.19 1 38
github.com/mrz1836/go-coverage/internal/badge/generator.go:202.56,203.14 1 43
github.com/mrz1836/go-coverage/internal/badge/generator.go:204.19,205.19 1 9
github.com/mrz1836/go-coverage/internal/badge/generator.go:206.14,207.24 1 2
github.com/mrz1836/go-coverage/internal/badge/generator.go:208.20,209.19 1 2
github.com/mrz1836/go-coverage/internal/badge/generator.go:210.13,211.19 1 9
github.com/mrz1836/go-coverage/internal/badge/generator.go:212.14,213.19 1 2
github.com/mrz1836/go-coverage/internal/badge/generator.go:214.10,215.19 1 19
github.com/mrz1836/go-coverage/internal/badge/generator.go:220.81,221.31 1 101
github.com/mrz1836/go-coverage/internal/badge/generator.go:222.17,224.322 1 8
github.com/mrz1836/go-coverage/internal/badge/generator.go:225.10,227.12 1 61
github.com/mrz1836/go-coverage/internal/badge/generator.go:228.10,230.74 1 32
github.com/mrz1836/go-coverage/internal/badge/generator.go:230.74,232.4 1 9
github.com/mrz1836/go-coverage/internal/badge/generator.go:236.3,237.38 2 23
github.com/mrz1836/go-coverage/internal/badge/generator.go:237.38,241.18 2 8
github.com/mrz1836/go-coverage/internal/badge/generator.go:241.18,251.5 2 0
github.com/mrz1836/go-coverage/internal/badge/generator.go:254.4,258.84 3 8
github.com/mrz1836/go-coverage/internal/badge/generator.go:258.84,260.5 1 4
github.com/mrz1836/go-coverage/internal/badge/generator.go:260.10,262.5 1 4
github.com/mrz1836/go-coverage/internal/badge/generator.go:265.4,265.19 1 4
github.com/mrz1836/go-coverage/internal/badge/generator.go:265.19,267.82 2 1
github.com/mrz1836/go-coverage/internal/badge/generator.go:267.82,270.6 2 0
github.com/mrz1836/go-coverage/internal/badge/generator.go:270.11,272.6 1 1
github.com/mrz1836/go-coverage/internal/badge/generator.go:276.4,277.13 2 4
github.com/mrz1836/go-coverage/internal/badge/generator.go:280.3,281.12 2 15
github.com/mrz1836/go-coverage/internal/badge/generator.go:287.46,289.38 1 38
github.com/mrz1836/go-coverage/internal/badge/generator.go:289.38,291.3 1 0
github.com/mrz1836/go-coverage/internal/badge/generator.go:294.2,294.25 1 38
github.com/mrz1836/go-coverage/internal/badge/generator.go:294.25,295.63 1 201
github.com/mrz1836/go-coverage/internal/badge/generator.go:295.63,297.4 1 26
github.com/mrz1836/go-coverage/internal/badge/generator.go:301.2,302.89 2 12
github.com/mrz1836/go-coverage/internal/badge/generator.go:306.68,308.17 1 14
github.com/mrz1836/go-coverage/internal/badge/generator.go:308.17,310.3 1 2
github.com/mrz1836/go-coverage/internal/badge/generator.go:313.2,313.63 1 12
github.com/mrz1836/go-coverage/internal/badge/generator.go:313.63,315.51 1 3
github.com/mrz1836/go-coverage/internal/badge/generator.go:315.51,319.4 1 1
github.com/mrz1836/go-coverage/internal/badge/generator.go:320.3,320.17 1 2
github.com/mrz1836/go-coverage/internal/badge/generator.go:324.2,326.16 3 9
github.com/mrz1836/go-coverage/internal/badge/generator.go:326.16,328.3 1 0
github.com/mrz1836/go-coverage/internal/badge/generator.go:330.2,337.49 4 9
github.com/mrz1836/go-coverage/internal/badge/generator.go:341.68,346.45 2 13
github.com/mrz1836/go-coverage/internal/badge/generator.go:346.45,358.97 3 10
github.com/mrz1836/go-coverage/internal/badge/generator.go:358.97,361.19 2 0
github.com/mrz1836/go-coverage/internal/badge/generator.go:361.19,363.18 2 0
github.com/mrz1836/go-coverage/internal/badge/generator.go:363.18,367.6 3 0
github.com/mrz1836/go-coverage/internal/badge/generator.go:370.8,374.22 2 3
github.com/mrz1836/go-coverage/internal/badge/generator.go:374.22,377.4 1 3
github.com/mrz1836/go-coverage/internal/badge/generator.go:380.2,380.20 1 13
github.com/mrz1836/go-coverage/internal/badge/generator.go:384.59,389.45 2 5
github.com/mrz1836/go-coverage/internal/badge/generator.go:389.45,401.97 3 4
github.com/mrz1836/go-coverage/internal/badge/generator.go:401.97,404.19 2 1
github.com/mrz1836/go-coverage/internal/badge/generator.go:404.19,406.18 2 1
github.com/mrz1836/go-coverage/internal/badge/generator.go:406.18,410.6 3 1
github.com/mrz1836/go-coverage/internal/badge/generator.go:413.8,417.22 2 1
github.com/mrz1836/go-coverage/internal/badge/generator.go:417.22,420.4 1 1
github.com/mrz1836/go-coverage/internal/badge/generator.go:423.2,423.20 1 5
github.com/mrz1836/go-coverage/internal/badge/generator.go:427.118,430.17 2 9
github.com/mrz1836/go-coverage/internal/badge/generator.go:430.17,434.3 2 3
github.com/mrz1836/go-coverage/internal/badge/generator.go:434.8,436.3 1 6
github.com/mrz1836/go-coverage/internal/badge/generator.go:439.2,444.34 5 9
github.com/mrz1836/go-coverage/internal/badge/generator.go:444.34,446.95 1 14
github.com/mrz1836/go-coverage/internal/badge/generator.go:446.95,449.4 2 0
github.com/mrz1836/go-coverage/internal/badge/generator.go:452.3,453.26 2 14
github.com/mrz1836/go-coverage/internal/badge/generator.go:453.26,455.4 1 1
github.com/mrz1836/go-coverage/internal/badge/generator.go:455.9,459.4 1 13
github.com/mrz1836/go-coverage/internal/badge/generator.go:462.3,463.17 2 14
github.com/mrz1836/go-coverage/internal/badge/generator.go:463.17,465.12 2 0
github.com/mrz1836/go-coverage/internal/badge/generator.go:469.3,473.17 3 14
github.com/mrz1836/go-coverage/internal/badge/generator.go:473.17,476.96 2 0
github.com/mrz1836/go-coverage/internal/badge/generator.go:476.96,479.5 2 0
github.com/mrz1836/go-coverage/internal/badge/generator.go:481.4,481.30 1 0
github.com/mrz1836/go-coverage/internal/badge/generator.go:481.30,485.5 3 0
github.com/mrz1836/go-coverage/internal/badge/generator.go:486.4,486.12 1 0
github.com/mrz1836/go-coverage/internal/badge/generator.go:490.3,490.39 1 14
github.com/mrz1836/go-coverage/internal/badge/generator.go:490.39,494.30 3 10
github.com/mrz1836/go-coverage/internal/badge/generator.go:494.30,498.5 3 5
github.com/mrz1836/go-coverage/internal/badge/generator.go:499.4,499.12 1 10
github.com/mrz1836/go-coverage/internal/badge/generator.go:503.3,505.17 3 4
github.com/mrz1836/go-coverage/internal/badge/generator.go:505.17,508.30 2 0
github.com/mrz1836/go-coverage/internal/badge/generator.go:508.30,512.5 3 0
github.com/mrz1836/go-coverage/internal/badge/generator.go:513.4,513.12 1 0
github.com/mrz1836/go-coverage/internal/badge/generator.go:517.3,518.18 2 4
github.com/mrz1836/go-coverage/internal/badge/generator.go:518.18,521.4 1 2
github.com/mrz1836/go-coverage/internal/badge/generator.go:522.3,523.59 2 4
github.com/mrz1836/go-coverage/internal/badge/generator.go:527.2,527.35 1 5
github.com/mrz1836/go-coverage/internal/badge/generator.go:527.35,530.3 2 0
github.com/mrz1836/go-coverage/internal/badge/generator.go:532.2,534.34 3 5
github.com/mrz1836/go-coverage/internal/badge/generator.go:534.34,536.95 1 10
github.com/mrz1836/go-coverage/internal/badge/generator.go:536.95,539.4 2 0
github.com/mrz1836/go-coverage/internal/badge/generator.go:542.3,543.26 2 10
github.com/mrz1836/go-coverage/internal/badge/generator.go:543.26,545.4 1 0
github.com/mrz1836/go-coverage/internal/badge/generator.go:545.9,547.4 1 10
github.com/mrz1836/go-coverage/internal/badge/generator.go:548.3,549.17 2 10
github.com/mrz1836/go-coverage/internal/badge/generator.go:549.17,551.12 2 0
github.com/mrz1836/go-coverage/internal/badge/generator.go:554.3,557.17 3 10
github.com/mrz1836/go-coverage/internal/badge/generator.go:557.17,560.96 2 0
github.com/mrz1836/go-coverage/internal/badge/generator.go:560.96,563.5 2 0
github.com/mrz1836/go-coverage/internal/badge/generator.go:564.4,564.30 1 0
github.com/mrz1836/go-coverage/internal/badge/generator.go:564.30,568.5 3 0
github.com/mrz1836/go-coverage/internal/badge/generator.go:569.4,569.12 1 0
github.com/mrz1836/go-coverage/internal/badge/generator.go:572.3,572.39 1 10
github.com/mrz1836/go-coverage/internal/badge/generator.go:572.39,575.30 3 10
github.com/mrz1836/go-coverage/internal/badge/generator.go:575.30,579.5 3 5
github.com/mrz1836/go-coverage/internal/badge/generator.go:580.4,580.12 1 10
github.com/mrz1836/go-coverage/internal/badge/generator.go:583.3,585.17 3 0
github.com/mrz1836/go-coverage/internal/badge/generator.go:585.17,587.30 2 0
github.com/mrz1836/go-coverage/internal/badge/generator.go:587.30,591.5 3 0
github.com/mrz1836/go-coverage/internal/badge/generator.go:592.4,592.12 1 0
github.com/mrz1836/go-coverage/internal/badge/generator.go:596.3,597.18 2 0
github.com/mrz1836/go-coverage/internal/badge/generator.go:597.18,600.4 1 0
github.com/mrz1836/go-coverage/internal/badge/generator.go:601.3,602.59 2 0
github.com/mrz1836/go-coverage/internal/badge/generator.go:606.2,606.92 1 5
github.com/mrz1836/go-coverage/internal/badge/generator.go:610.79,611.9 1 71
github.com/mrz1836/go-coverage/internal/badge/generator.go:612.20,613.24 1 1
github.com/mrz1836/go-coverage/internal/badge/generator.go:614.10,614.10 0 70
github.com/mrz1836/go-coverage/internal/badge/generator.go:618.2,621.21 4 70
github.com/mrz1836/go-coverage/internal/badge/generator.go:621.21,623.3 1 6
github.com/mrz1836/go-coverage/internal/badge/generator.go:625.2,629.20 3 70
github.com/mrz1836/go-coverage/internal/badge/generator.go:630.21,631.101 1 3
github.com/mrz1836/go-coverage/internal/badge/generator.go:632.23,633.99 1 1
github.com/mrz1836/go-coverage/internal/badge/generator.go:634.10,635.87 1 66
github.com/mrz1836/go-coverage/internal/badge/generator.go:640.103,669.21 6 68
github.com/mrz1836/go-coverage/internal/badge/generator.go:669.21,673.3 2 5
github.com/mrz1836/go-coverage/internal/badge/generator.go:675.2,687.4 1 68
github.com/mrz1836/go-coverage/internal/badge/generator.go:691.117,709.21 5 4
github.com/mrz1836/go-coverage/internal/badge/generator.go:709.21,713.3 2 2
github.com/mrz1836/go-coverage/internal/badge/generator.go:715.2,723.4 1 4
github.com/mrz1836/go-coverage/internal/badge/generator.go:727.113,745.21 5 2
github.com/mrz1836/go-coverage/internal/badge/generator.go:745.21,749.3 2 0
github.com/mrz1836/go-coverage/internal/badge/generator.go:752.2,763.4 3 2
github.com/mrz1836/go-coverage/internal/badge/generator.go:767.57,770.2 1 160
github.com/mrz1836/go-coverage/internal/badge/generator.go:784.37,785.29 1 7
github.com/mrz1836/go-coverage/internal/badge/generator.go:785.29,787.3 1 7
github.com/mrz1836/go-coverage/internal/badge/generator.go:791.37,792.29 1 7
github.com/mrz1836/go-coverage/internal/badge/generator.go:792.29,794.3 1 7
github.com/mrz1836/go-coverage/internal/badge/generator.go:798.35,799.29 1 11
github.com/mrz1836/go-coverage/internal/badge/generator.go:799.29,801.3 1 11
github.com/mrz1836/go-coverage/internal/badge/generator.go:805.41,806.29 1 6
github.com/mrz1836/go-coverage/internal/badge/generator.go:806.29,808.3 1 6
github.com/mrz1836/go-coverage/internal/config/config.go:34.43,36.24 2 2
github.com/mrz1836/go-coverage/internal/config/config.go:36.24,38.3 1 2
github.com/mrz1836/go-coverage/internal/config/config.go:40.2,41.34 2 2
github.com/mrz1836/go-coverage/internal/config/config.go:41.34,42.46 1 2
github.com/mrz1836/go-coverage/internal/config/config.go:42.46,44.4 1 2
github.com/mrz1836/go-coverage/internal/config/config.go:47.2,47.14 1 0
github.com/mrz1836/go-coverage/internal/config/config.go:199.26,201.72 1 44
github.com/mrz1836/go-coverage/internal/config/config.go:201.72,203.26 2 43
github.com/mrz1836/go-coverage/internal/config/config.go:203.26,205.4 1 6
github.com/mrz1836/go-coverage/internal/config/config.go:206.3,206.12 1 37
github.com/mrz1836/go-coverage/internal/config/config.go:209.2,210.16 2 1
github.com/mrz1836/go-coverage/internal/config/config.go:210.16,212.3 1 0
github.com/mrz1836/go-coverage/internal/config/config.go:214.2,214.6 1 1
github.com/mrz1836/go-coverage/internal/config/config.go:214.6,216.29 2 3
github.com/mrz1836/go-coverage/internal/config/config.go:216.29,218.4 1 1
github.com/mrz1836/go-coverage/internal/config/config.go:220.3,221.20 2 2
github.com/mrz1836/go-coverage/internal/config/config.go:221.20,222.9 1 0
github.com/mrz1836/go-coverage/internal/config/config.go:224.3,224.15 1 2
github.com/mrz1836/go-coverage/internal/config/config.go:227.2,227.11 1 0
github.com/mrz1836/go-coverage/internal/config/config.go:231.39,233.33 2 46
github.com/mrz1836/go-coverage/internal/config/config.go:233.33,235.3 1 38
github.com/mrz1836/go-coverage/internal/config/config.go:237.2,238.16 2 8
github.com/mrz1836/go-coverage/internal/config/config.go:238.16,240.3 1 0
github.com/mrz1836/go-coverage/internal/config/config.go:242.2,242.25 1 8
github.com/mrz1836/go-coverage/internal/config/config.go:248.40,251.72 2 36
github.com/mrz1836/go-coverage/internal/config/config.go:251.72,253.3 1 36
github.com/mrz1836/go-coverage/internal/config/config.go:253.8,256.17 3 0
github.com/mrz1836/go-coverage/internal/config/config.go:256.17,258.4 1 0
github.com/mrz1836/go-coverage/internal/config/config.go:261.2,262.6 2 36
github.com/mrz1836/go-coverage/internal/config/config.go:262.6,264.55 2 72
github.com/mrz1836/go-coverage/internal/config/config.go:264.55,266.4 1 2
github.com/mrz1836/go-coverage/internal/config/config.go:268.3,269.20 2 70
github.com/mrz1836/go-coverage/internal/config/config.go:269.20,270.9 1 34
github.com/mrz1836/go-coverage/internal/config/config.go:272.3,272.15 1 36
github.com/mrz1836/go-coverage/internal/config/config.go:275.2,275.31 1 34
github.com/mrz1836/go-coverage/internal/config/config.go:279.48,281.47 2 2
github.com/mrz1836/go-coverage/internal/config/config.go:281.47,283.3 1 1
github.com/mrz1836/go-coverage/internal/config/config.go:284.2,284.11 1 1
github.com/mrz1836/go-coverage/internal/config/config.go:288.18,290.2 1 9
github.com/mrz1836/go-coverage/internal/config/config.go:296.30,298.42 1 41
github.com/mrz1836/go-coverage/internal/config/config.go:298.42,299.57 1 5
github.com/mrz1836/go-coverage/internal/config/config.go:299.57,301.4 1 0
github.com/mrz1836/go-coverage/internal/config/config.go:302.8,305.17 2 36
github.com/mrz1836/go-coverage/internal/config/config.go:305.17,306.57 1 2
github.com/mrz1836/go-coverage/internal/config/config.go:306.57,308.5 1 0
github.com/mrz1836/go-coverage/internal/config/config.go:309.4,309.67 1 2
github.com/mrz1836/go-coverage/internal/config/config.go:309.67,310.72 1 1
github.com/mrz1836/go-coverage/internal/config/config.go:310.72,312.6 1 0
github.com/mrz1836/go-coverage/internal/config/config.go:318.2,384.20 2 41
github.com/mrz1836/go-coverage/internal/config/config.go:388.35,390.60 1 25
github.com/mrz1836/go-coverage/internal/config/config.go:390.60,392.3 1 4
github.com/mrz1836/go-coverage/internal/config/config.go:396.2,396.32 1 21
github.com/mrz1836/go-coverage/internal/config/config.go:396.32,398.3 1 2
github.com/mrz1836/go-coverage/internal/config/config.go:401.2,401.54 1 19
github.com/mrz1836/go-coverage/internal/config/config.go:401.54,402.27 1 6
github.com/mrz1836/go-coverage/internal/config/config.go:402.27,404.4 1 4
github.com/mrz1836/go-coverage/internal/config/config.go:405.3,405.27 1 2
github.com/mrz1836/go-coverage/internal/config/config.go:405.27,407.4 1 1
github.com/mrz1836/go-coverage/internal/config/config.go:408.3,408.32 1 1
github.com/mrz1836/go-coverage/internal/config/config.go:408.32,410.4 1 1
github.com/mrz1836/go-coverage/internal/config/config.go:414.2,415.43 2 13
github.com/mrz1836/go-coverage/internal/config/config.go:415.43,417.3 1 1
github.com/mrz1836/go-coverage/internal/config/config.go:420.2,421.44 2 12
github.com/mrz1836/go-coverage/internal/config/config.go:421.44,423.3 1 1
github.com/mrz1836/go-coverage/internal/config/config.go:426.2,426.23 1 11
github.com/mrz1836/go-coverage/internal/config/config.go:426.23,427.35 1 2
github.com/mrz1836/go-coverage/internal/config/config.go:427.35,429.4 1 1
github.com/mrz1836/go-coverage/internal/config/config.go:430.3,430.32 1 1
github.com/mrz1836/go-coverage/internal/config/config.go:430.32,432.4 1 1
github.com/mrz1836/go-coverage/internal/config/config.go:435.2,435.12 1 9
github.com/mrz1836/go-coverage/internal/config/config.go:439.41,441.2 1 13
github.com/mrz1836/go-coverage/internal/config/config.go:444.46,446.2 1 8
github.com/mrz1836/go-coverage/internal/config/config.go:449.39,450.55 1 4
github.com/mrz1836/go-coverage/internal/config/config.go:450.55,452.3 1 2
github.com/mrz1836/go-coverage/internal/config/config.go:455.2,458.30 2 2
github.com/mrz1836/go-coverage/internal/config/config.go:458.30,460.3 1 1
github.com/mrz1836/go-coverage/internal/config/config.go:463.2,464.26 2 1
github.com/mrz1836/go-coverage/internal/config/config.go:464.26,467.3 1 1
github.com/mrz1836/go-coverage/internal/config/config.go:470.2,470.66 1 0
github.com/mrz1836/go-coverage/internal/config/config.go:474.40,475.55 1 4
github.com/mrz1836/go-coverage/internal/config/config.go:475.55,477.3 1 2
github.com/mrz1836/go-coverage/internal/config/config.go:480.2,483.30 2 2
github.com/mrz1836/go-coverage/internal/config/config.go:483.30,485.3 1 1
github.com/mrz1836/go-coverage/internal/config/config.go:488.2,489.26 2 1
github.com/mrz1836/go-coverage/internal/config/config.go:489.26,492.3 1 1
github.com/mrz1836/go-coverage/internal/config/config.go:495.2,495.75 1 0
github.com/mrz1836/go-coverage/internal/config/config.go:499.44,502.58 1 6
github.com/mrz1836/go-coverage/internal/config/config.go:502.58,504.3 1 1
github.com/mrz1836/go-coverage/internal/config/config.go:505.2,505.58 1 5
github.com/mrz1836/go-coverage/internal/config/config.go:505.58,507.3 1 3
github.com/mrz1836/go-coverage/internal/config/config.go:508.2,508.47 1 2
github.com/mrz1836/go-coverage/internal/config/config.go:508.47,510.44 1 1
github.com/mrz1836/go-coverage/internal/config/config.go:510.44,512.4 1 1
github.com/mrz1836/go-coverage/internal/config/config.go:516.2,516.50 1 1
github.com/mrz1836/go-coverage/internal/config/config.go:516.50,518.3 1 0
github.com/mrz1836/go-coverage/internal/config/config.go:522.2,522.17 1 1
github.com/mrz1836/go-coverage/internal/config/config.go:526.44,528.2 1 4
github.com/mrz1836/go-coverage/internal/config/config.go:531.54,534.16 2 11
github.com/mrz1836/go-coverage/internal/config/config.go:534.16,536.3 1 0
github.com/mrz1836/go-coverage/internal/config/config.go:539.2,539.70 1 11
github.com/mrz1836/go-coverage/internal/config/config.go:539.70,541.3 1 6
github.com/mrz1836/go-coverage/internal/config/config.go:544.2,544.56 1 5
github.com/mrz1836/go-coverage/internal/config/config.go:544.56,546.3 1 2
github.com/mrz1836/go-coverage/internal/config/config.go:549.2,551.118 2 3
github.com/mrz1836/go-coverage/internal/config/config.go:551.118,554.3 1 1
github.com/mrz1836/go-coverage/internal/config/config.go:554.8,555.155 1 2
github.com/mrz1836/go-coverage/internal/config/config.go:555.155,558.3 1 0
github.com/mrz1836/go-coverage/internal/config/config.go:560.2,560.20 1 3
github.com/mrz1836/go-coverage/internal/config/config.go:560.20,561.57 1 1
github.com/mrz1836/go-coverage/internal/config/config.go:561.57,563.69 1 1
github.com/mrz1836/go-coverage/internal/config/config.go:563.69,565.5 1 0
github.com/mrz1836/go-coverage/internal/config/config.go:567.4,567.23 1 1
github.com/mrz1836/go-coverage/internal/config/config.go:572.2,572.24 1 2
github.com/mrz1836/go-coverage/internal/config/config.go:576.46,580.105 2 5
github.com/mrz1836/go-coverage/internal/config/config.go:580.105,582.21 2 2
github.com/mrz1836/go-coverage/internal/config/config.go:582.21,584.4 1 2
github.com/mrz1836/go-coverage/internal/config/config.go:587.2,587.11 1 3
github.com/mrz1836/go-coverage/internal/config/config.go:591.62,595.33 2 8
github.com/mrz1836/go-coverage/internal/config/config.go:595.33,597.3 1 2
github.com/mrz1836/go-coverage/internal/config/config.go:600.2,601.16 2 6
github.com/mrz1836/go-coverage/internal/config/config.go:601.16,603.3 1 0
github.com/mrz1836/go-coverage/internal/config/config.go:606.2,608.16 3 6
github.com/mrz1836/go-coverage/internal/config/config.go:608.16,610.3 1 0
github.com/mrz1836/go-coverage/internal/config/config.go:612.2,612.21 1 6
github.com/mrz1836/go-coverage/internal/config/config.go:616.44,620.110 2 2
github.com/mrz1836/go-coverage/internal/config/config.go:620.110,623.39 2 2
github.com/mrz1836/go-coverage/internal/config/config.go:623.39,625.4 1 0
github.com/mrz1836/go-coverage/internal/config/config.go:629.2,629.101 1 2
github.com/mrz1836/go-coverage/internal/config/config.go:629.101,631.19 2 2
github.com/mrz1836/go-coverage/internal/config/config.go:631.19,633.4 1 0
github.com/mrz1836/go-coverage/internal/config/config.go:637.2,637.11 1 2
github.com/mrz1836/go-coverage/internal/config/config.go:642.52,643.42 1 740
github.com/mrz1836/go-coverage/internal/config/config.go:643.42,645.3 1 24
github.com/mrz1836/go-coverage/internal/config/config.go:646.2,646.21 1 716
github.com/mrz1836/go-coverage/internal/config/config.go:649.50,650.42 1 167
github.com/mrz1836/go-coverage/internal/config/config.go:650.42,651.53 1 8
github.com/mrz1836/go-coverage/internal/config/config.go:651.53,653.4 1 6
github.com/mrz1836/go-coverage/internal/config/config.go:655.2,655.21 1 161
github.com/mrz1836/go-coverage/internal/config/config.go:659.80,665.18 2 82
github.com/mrz1836/go-coverage/internal/config/config.go:665.18,667.3 1 0
github.com/mrz1836/go-coverage/internal/config/config.go:668.2,668.44 1 82
github.com/mrz1836/go-coverage/internal/config/config.go:668.44,670.3 1 0
github.com/mrz1836/go-coverage/internal/config/config.go:671.2,671.25 1 82
github.com/mrz1836/go-coverage/internal/config/config.go:671.25,674.3 2 0
github.com/mrz1836/go-coverage/internal/config/config.go:677.2,680.48 2 82
github.com/mrz1836/go-coverage/internal/config/config.go:680.48,682.101 1 2
github.com/mrz1836/go-coverage/internal/config/config.go:682.101,684.4 1 2
github.com/mrz1836/go-coverage/internal/config/config.go:688.2,688.22 1 82
github.com/mrz1836/go-coverage/internal/config/config.go:688.22,690.3 1 0
github.com/mrz1836/go-coverage/internal/config/config.go:690.8,690.29 1 82
github.com/mrz1836/go-coverage/internal/config/config.go:690.29,692.3 1 0
github.com/mrz1836/go-coverage/internal/config/config.go:696.2,696.15 1 82
github.com/mrz1836/go-coverage/internal/config/config.go:696.15,698.3 1 0
github.com/mrz1836/go-coverage/internal/config/config.go:700.2,700.22 1 82
github.com/mrz1836/go-coverage/internal/config/config.go:703.60,704.42 1 44
github.com/mrz1836/go-coverage/internal/config/config.go:704.42,705.63 1 25
github.com/mrz1836/go-coverage/internal/config/config.go:705.63,707.4 1 23
github.com/mrz1836/go-coverage/internal/config/config.go:709.2,709.21 1 21
github.com/mrz1836/go-coverage/internal/config/config.go:712.53,713.42 1 672
github.com/mrz1836/go-coverage/internal/config/config.go:713.42,714.33 1 27
github.com/mrz1836/go-coverage/internal/config/config.go:715.33,716.15 1 8
github.com/mrz1836/go-coverage/internal/config/config.go:717.34,718.16 1 18
github.com/mrz1836/go-coverage/internal/config/config.go:721.2,721.21 1 646
github.com/mrz1836/go-coverage/internal/config/config.go:724.75,725.42 1 126
github.com/mrz1836/go-coverage/internal/config/config.go:725.42,726.59 1 3
github.com/mrz1836/go-coverage/internal/config/config.go:726.59,728.4 1 2
github.com/mrz1836/go-coverage/internal/config/config.go:730.2,730.21 1 124
github.com/mrz1836/go-coverage/internal/config/config.go:733.68,734.42 1 85
github.com/mrz1836/go-coverage/internal/config/config.go:734.42,736.3 1 4
github.com/mrz1836/go-coverage/internal/config/config.go:737.2,737.21 1 81
github.com/mrz1836/go-coverage/internal/config/config.go:740.36,742.56 1 45
github.com/mrz1836/go-coverage/internal/config/config.go:742.56,744.22 2 18
github.com/mrz1836/go-coverage/internal/config/config.go:744.22,746.4 1 15
github.com/mrz1836/go-coverage/internal/config/config.go:748.2,748.11 1 30
github.com/mrz1836/go-coverage/internal/config/config.go:751.49,753.2 1 29
github.com/mrz1836/go-coverage/internal/envfile/envfile.go:22.34,24.2 1 5
github.com/mrz1836/go-coverage/internal/envfile/envfile.go:27.38,29.2 1 15
github.com/mrz1836/go-coverage/internal/envfile/envfile.go:34.52,36.16 2 9
github.com/mrz1836/go-coverage/internal/envfile/envfile.go:36.16,38.3 1 1
github.com/mrz1836/go-coverage/internal/envfile/envfile.go:39.2,39.19 1 8
github.com/mrz1836/go-coverage/internal/envfile/envfile.go:39.19,41.3 1 1
github.com/mrz1836/go-coverage/internal/envfile/envfile.go:43.2,45.16 3 7
github.com/mrz1836/go-coverage/internal/envfile/envfile.go:45.16,47.3 1 0
[...]
github.com/mrz1836/go-coverage/cmd/go-coverage/cmd/setup_pages.go:189.4,189.23 1 0
github.com/mrz1836/go-coverage/cmd/go-coverage/cmd/setup_pages.go:189.23,191.82 2 0
github.com/mrz1836/go-coverage/cmd/go-coverage/cmd/setup_pages.go:191.82,194.6 2 0
github.com/mrz1836/go-coverage/cmd/go-coverage/cmd/setup_pages.go:194.11,196.6 1 0
github.com/mrz1836/go-coverage/cmd/go-coverage/cmd/setup_pages.go:197.5,197.21 1 0
github.com/mrz1836/go-coverage/cmd/go-coverage/cmd/setup_pages.go:201.4,202.14 2 0
github.com/mrz1836/go-coverage/cmd/go-coverage/cmd/setup_pages.go:202.14,205.5 2 0
github.com/mrz1836/go-coverage/cmd/go-coverage/cmd/setup_pages.go:205.10,206.64 1 0
github.com/mrz1836/go-coverage/cmd/go-coverage/cmd/setup_pages.go:206.64,208.6 1 0
github.com/mrz1836/go-coverage/cmd/go-coverage/cmd/setup_pages.go:208.11,210.6 1 0
github.com/mrz1836/go-coverage/cmd/go-coverage/cmd/setup_pages.go:212.4,217.14 3 0
github.com/mrz1836/go-coverage/cmd/go-coverage/cmd/setup_pages.go:222.2,227.12 5 87
github.com/mrz1836/go-coverage/cmd/go-coverage/cmd/setup_pages.go:231.86,233.47 1 4
github.com/mrz1836/go-coverage/cmd/go-coverage/cmd/setup_pages.go:233.47,237.3 3 0
github.com/mrz1836/go-coverage/cmd/go-coverage/cmd/setup_pages.go:239.2,239.13 1 4
github.com/mrz1836/go-coverage/cmd/go-coverage/cmd/setup_pages.go:239.13,241.3 1 3
github.com/mrz1836/go-coverage/cmd/go-coverage/cmd/setup_pages.go:244.2,245.38 2 4
github.com/mrz1836/go-coverage/cmd/go-coverage/cmd/setup_pages.go:245.38,249.3 3 4
github.com/mrz1836/go-coverage/cmd/go-coverage/cmd/setup_pages.go:251.2,251.13 1 0
github.com/mrz1836/go-coverage/cmd/go-coverage/cmd/setup_pages.go:251.13,253.3 1 0
github.com/mrz1836/go-coverage/cmd/go-coverage/cmd/setup_pages.go:255.2,255.12 1 0
github.com/mrz1836/go-coverage/cmd/go-coverage/cmd/setup_pages.go:259.98,263.16 3 1
github.com/mrz1836/go-coverage/cmd/go-coverage/cmd/setup_pages.go:263.16,265.3 1 0
github.com/mrz1836/go-coverage/cmd/go-coverage/cmd/setup_pages.go:267.2,268.13 2 1
github.com/mrz1836/go-coverage/cmd/go-coverage/cmd/setup_pages.go:268.13,271.3 1 0
github.com/mrz1836/go-coverage/cmd/go-coverage/cmd/setup_pages.go:274.2,275.16 2 1
github.com/mrz1836/go-coverage/cmd/go-coverage/cmd/setup_pages.go:275.16,277.3 1 0
github.com/mrz1836/go-coverage/cmd/go-coverage/cmd/setup_pages.go:279.2,279.18 1 1
github.com/mrz1836/go-coverage/cmd/go-coverage/cmd/setup_pages.go:283.48,286.40 1 15
github.com/mrz1836/go-coverage/cmd/go-coverage/cmd/setup_pages.go:286.40,288.3 1 8
github.com/mrz1836/go-coverage/cmd/go-coverage/cmd/setup_pages.go:291.2,294.142 2 7
github.com/mrz1836/go-coverage/cmd/go-coverage/cmd/setup_pages.go:294.142,297.66 2 3
github.com/mrz1836/go-coverage/cmd/go-coverage/cmd/setup_pages.go:297.66,299.4 1 0
github.com/mrz1836/go-coverage/cmd/go-coverage/cmd/setup_pages.go:300.3,300.28 1 3
github.com/mrz1836/go-coverage/cmd/go-coverage/cmd/setup_pages.go:304.2,304.134 1 4
github.com/mrz1836/go-coverage/cmd/go-coverage/cmd/setup_pages.go:304.134,307.66 2 2
github.com/mrz1836/go-coverage/cmd/go-coverage/cmd/setup_pages.go:307.66,309.4 1 0
github.com/mrz1836/go-coverage/cmd/go-coverage/cmd/setup_pages.go:310.3,310.28 1 2
github.com/mrz1836/go-coverage/cmd/go-coverage/cmd/setup_pages.go:313.2,313.11 1 2
github.com/mrz1836/go-coverage/cmd/go-coverage/cmd/setup_pages.go:317.48,319.2 1 53
github.com/mrz1836/go-coverage/cmd/go-coverage/cmd/setup_pages.go:322.102,323.13 1 4
github.com/mrz1836/go-coverage/cmd/go-coverage/cmd/setup_pages.go:323.13,325.3 1 0
github.com/mrz1836/go-coverage/cmd/go-coverage/cmd/setup_pages.go:328.2,328.50 1 4
github.com/mrz1836/go-coverage/cmd/go-coverage/cmd/setup_pages.go:328.50,332.3 3 4
github.com/mrz1836/go-coverage/cmd/go-coverage/cmd/setup_pages.go:335.2,338.38 4 0
github.com/mrz1836/go-coverage/cmd/go-coverage/cmd/setup_pages.go:338.38,345.3 6 0
github.com/mrz1836/go-coverage/cmd/go-coverage/cmd/setup_pages.go:347.2,347.12 1 0
github.com/mrz1836/go-coverage/cmd/go-coverage/cmd/setup_pages.go:351.110,352.13 1 4
github.com/mrz1836/go-coverage/cmd/go-coverage/cmd/setup_pages.go:352.13,354.3 1 1
github.com/mrz1836/go-coverage/cmd/go-coverage/cmd/setup_pages.go:357.2,357.36 1 4
github.com/mrz1836/go-coverage/cmd/go-coverage/cmd/setup_pages.go:357.36,359.3 1 3
github.com/mrz1836/go-coverage/cmd/go-coverage/cmd/setup_pages.go:361.2,361.12 1 1
github.com/mrz1836/go-coverage/cmd/go-coverage/cmd/setup_pages.go:361.12,364.3 2 1
github.com/mrz1836/go-coverage/cmd/go-coverage/cmd/setup_pages.go:367.2,373.37 2 0
github.com/mrz1836/go-coverage/cmd/go-coverage/cmd/setup_pages.go:373.37,375.3 1 0
github.com/mrz1836/go-coverage/cmd/go-coverage/cmd/setup_pages.go:377.2,377.12 1 0
github.com/mrz1836/go-coverage/cmd/go-coverage/cmd/setup_pages.go:383.115,384.13 1 5
github.com/mrz1836/go-coverage/cmd/go-coverage/cmd/setup_pages.go:384.13,386.3 1 2
github.com/mrz1836/go-coverage/cmd/go-coverage/cmd/setup_pages.go:389.2,393.39 4 5
github.com/mrz1836/go-coverage/cmd/go-coverage/cmd/setup_pages.go:393.39,395.14 1 0
github.com/mrz1836/go-coverage/cmd/go-coverage/cmd/setup_pages.go:395.14,397.4 1 0
github.com/mrz1836/go-coverage/cmd/go-coverage/cmd/setup_pages.go:398.3,398.13 1 0
github.com/mrz1836/go-coverage/cmd/go-coverage/cmd/setup_pages.go:402.2,402.13 1 5
github.com/mrz1836/go-coverage/cmd/go-coverage/cmd/setup_pages.go:402.13,404.3 1 2
github.com/mrz1836/go-coverage/cmd/go-coverage/cmd/setup_pages.go:406.2,406.12 1 5
github.com/mrz1836/go-coverage/cmd/go-coverage/cmd/setup_pages.go:406.12,409.3 2 5
github.com/mrz1836/go-coverage/cmd/go-coverage/cmd/setup_pages.go:412.2,413.16 2 0
github.com/mrz1836/go-coverage/cmd/go-coverage/cmd/setup_pages.go:413.16,415.3 1 0
github.com/mrz1836/go-coverage/cmd/go-coverage/cmd/setup_pages.go:416.2,417.15 2 0
github.com/mrz1836/go-coverage/cmd/go-coverage/cmd/setup_pages.go:417.15,420.3 1 0
github.com/mrz1836/go-coverage/cmd/go-coverage/cmd/setup_pages.go:423.2,423.13 1 0
github.com/mrz1836/go-coverage/cmd/go-coverage/cmd/setup_pages.go:423.13,425.3 1 0
github.com/mrz1836/go-coverage/cmd/go-coverage/cmd/setup_pages.go:427.2,431.39 4 0
github.com/mrz1836/go-coverage/cmd/go-coverage/cmd/setup_pages.go:431.39,433.3 1 0
github.com/mrz1836/go-coverage/cmd/go-coverage/cmd/setup_pages.go:436.2,437.21 2 0
github.com/mrz1836/go-coverage/cmd/go-coverage/cmd/setup_pages.go:437.21,439.3 1 0
github.com/mrz1836/go-coverage/cmd/go-coverage/cmd/setup_pages.go:441.2,441.90 1 0
github.com/mrz1836/go-coverage/cmd/go-coverage/cmd/setup_pages.go:441.90,443.3 1 0
github.com/mrz1836/go-coverage/cmd/go-coverage/cmd/setup_pages.go:446.2,448.46 2 0
github.com/mrz1836/go-coverage/cmd/go-coverage/cmd/setup_pages.go:448.46,450.3 1 0
github.com/mrz1836/go-coverage/cmd/go-coverage/cmd/setup_pages.go:453.2,511.39 6 0
github.com/mrz1836/go-coverage/cmd/go-coverage/cmd/setup_pages.go:511.39,513.3 1 0
github.com/mrz1836/go-coverage/cmd/go-coverage/cmd/setup_pages.go:516.2,518.42 2 0
github.com/mrz1836/go-coverage/cmd/go-coverage/cmd/setup_pages.go:518.42,520.3 1 0
github.com/mrz1836/go-coverage/cmd/go-coverage/cmd/setup_pages.go:523.2,525.40 2 0
github.com/mrz1836/go-coverage/cmd/go-coverage/cmd/setup_pages.go:525.40,527.3 1 0
github.com/mrz1836/go-coverage/cmd/go-coverage/cmd/setup_pages.go:530.2,530.13 1 0
github.com/mrz1836/go-coverage/cmd/go-coverage/cmd/setup_pages.go:530.13,532.3 1 0
github.com/mrz1836/go-coverage/cmd/go-coverage/cmd/setup_pages.go:535.2,538.38 2 0
github.com/mrz1836/go-coverage/cmd/go-coverage/cmd/setup_pages.go:538.38,542.39 2 0
github.com/mrz1836/go-coverage/cmd/go-coverage/cmd/setup_pages.go:542.39,544.4 1 0
github.com/mrz1836/go-coverage/cmd/go-coverage/cmd/setup_pages.go:548.2,550.13 2 0
github.com/mrz1836/go-coverage/cmd/go-coverage/cmd/setup_pages.go:550.13,552.3 1 0
github.com/mrz1836/go-coverage/cmd/go-coverage/cmd/setup_pages.go:554.2,554.12 1 0
github.com/mrz1836/go-coverage/cmd/go-coverage/cmd/setup_pages.go:558.112,571.34 2 2
github.com/mrz1836/go-coverage/cmd/go-coverage/cmd/setup_pages.go:571.34,572.14 1 18
github.com/mrz1836/go-coverage/cmd/go-coverage/cmd/setup_pages.go:572.14,574.4 1 9
github.com/mrz1836/go-coverage/cmd/go-coverage/cmd/setup_pages.go:576.3,576.13 1 18
github.com/mrz1836/go-coverage/cmd/go-coverage/cmd/setup_pages.go:576.13,578.12 2 18
github.com/mrz1836/go-coverage/cmd/go-coverage/cmd/setup_pages.go:581.3,588.38 2 0
github.com/mrz1836/go-coverage/cmd/go-coverage/cmd/setup_pages.go:588.38,589.15 1 0
github.com/mrz1836/go-coverage/cmd/go-coverage/cmd/setup_pages.go:589.15,591.5 1 0
github.com/mrz1836/go-coverage/cmd/go-coverage/cmd/setup_pages.go:593.4,593.12 1 0
github.com/mrz1836/go-coverage/cmd/go-coverage/cmd/setup_pages.go:596.3,596.14 1 0
github.com/mrz1836/go-coverage/cmd/go-coverage/cmd/setup_pages.go:596.14,598.4 1 0
github.com/mrz1836/go-coverage/cmd/go-coverage/cmd/setup_pages.go:601.2,601.12 1 2
github.com/mrz1836/go-coverage/cmd/go-coverage/cmd/setup_pages.go:605.114,606.13 1 3
github.com/mrz1836/go-coverage/cmd/go-coverage/cmd/setup_pages.go:606.13,608.3 1 1
github.com/mrz1836/go-coverage/cmd/go-coverage/cmd/setup_pages.go:610.2,610.12 1 3
github.com/mrz1836/go-coverage/cmd/go-coverage/cmd/setup_pages.go:610.12,613.3 2 3
github.com/mrz1836/go-coverage/cmd/go-coverage/cmd/setup_pages.go:616.2,623.37 2 0
github.com/mrz1836/go-coverage/cmd/go-coverage/cmd/setup_pages.go:623.37,625.3 1 0
github.com/mrz1836/go-coverage/cmd/go-coverage/cmd/setup_pages.go:627.2,627.12 1 0
github.com/mrz1836/go-coverage/cmd/go-coverage/cmd/setup_pages.go:631.110,634.43 2 2
github.com/mrz1836/go-coverage/cmd/go-coverage/cmd/setup_pages.go:634.43,635.14 1 6
github.com/mrz1836/go-coverage/cmd/go-coverage/cmd/setup_pages.go:635.14,637.4 1 3
github.com/mrz1836/go-coverage/cmd/go-coverage/cmd/setup_pages.go:639.3,639.13 1 6
github.com/mrz1836/go-coverage/cmd/go-coverage/cmd/setup_pages.go:639.13,641.12 2 6
github.com/mrz1836/go-coverage/cmd/go-coverage/cmd/setup_pages.go:645.3,650.41 2 0
github.com/mrz1836/go-coverage/cmd/go-coverage/cmd/setup_pages.go:650.41,651.15 1 0
github.com/mrz1836/go-coverage/cmd/go-coverage/cmd/setup_pages.go:651.15,653.5 1 0
github.com/mrz1836/go-coverage/cmd/go-coverage/cmd/setup_pages.go:654.4,654.12 1 0
github.com/mrz1836/go-coverage/cmd/go-coverage/cmd/setup_pages.go:658.3,668.45 2 0
github.com/mrz1836/go-coverage/cmd/go-coverage/cmd/setup_pages.go:668.45,669.15 1 0
github.com/mrz1836/go-coverage/cmd/go-coverage/cmd/setup_pages.go:669.15,671.5 1 0
github.com/mrz1836/go-coverage/cmd/go-coverage/cmd/setup_pages.go:672.4,672.12 1 0
github.com/mrz1836/go-coverage/cmd/go-coverage/cmd/setup_pages.go:675.3,675.14 1 0
github.com/mrz1836/go-coverage/cmd/go-coverage/cmd/setup_pages.go:675.14,677.4 1 0
github.com/mrz1836/go-coverage/cmd/go-coverage/cmd/setup_pages.go:680.2,680.12 1 2
github.com/mrz1836/go-coverage/cmd/go-coverage/cmd/setup_pages.go:684.92,687.13 2 5
github.com/mrz1836/go-coverage/cmd/go-coverage/cmd/setup_pages.go:687.13,689.3 1 2
github.com/mrz1836/go-coverage/cmd/go-coverage/cmd/setup_pages.go:693.2,693.36 1 5
github.com/mrz1836/go-coverage/cmd/go-coverage/cmd/setup_pages.go:693.36,695.3 1 3
github.com/mrz1836/go-coverage/cmd/go-coverage/cmd/setup_pages.go:696.2,699.45 4 2
github.com/mrz1836/go-coverage/cmd/go-coverage/cmd/setup_pages.go:699.45,702.3 2 2
github.com/mrz1836/go-coverage/cmd/go-coverage/cmd/setup_pages.go:702.8,703.14 1 0
github.com/mrz1836/go-coverage/cmd/go-coverage/cmd/setup_pages.go:703.14,705.4 1 0
github.com/mrz1836/go-coverage/cmd/go-coverage/cmd/setup_pages.go:709.2,711.16 3 2
github.com/mrz1836/go-coverage/cmd/go-coverage/cmd/setup_pages.go:711.16,713.101 1 2
github.com/mrz1836/go-coverage/cmd/go-coverage/cmd/setup_pages.go:713.101,716.4 2 0
github.com/mrz1836/go-coverage/cmd/go-coverage/cmd/setup_pages.go:716.9,716.108 1 2
github.com/mrz1836/go-coverage/cmd/go-coverage/cmd/setup_pages.go:716.108,718.4 1 0
github.com/mrz1836/go-coverage/cmd/go-coverage/cmd/setup_pages.go:718.9,720.37 1 2
github.com/mrz1836/go-coverage/cmd/go-coverage/cmd/setup_pages.go:720.37,722.5 1 1
github.com/mrz1836/go-coverage/cmd/go-coverage/cmd/setup_pages.go:723.4,723.69 1 2
github.com/mrz1836/go-coverage/cmd/go-coverage/cmd/setup_pages.go:725.8,727.75 2 0
github.com/mrz1836/go-coverage/cmd/go-coverage/cmd/setup_pages.go:727.75,729.4 1 0
github.com/mrz1836/go-coverage/cmd/go-coverage/cmd/setup_pages.go:731.3,731.14 1 0
github.com/mrz1836/go-coverage/cmd/go-coverage/cmd/setup_pages.go:731.14,733.4 1 0
github.com/mrz1836/go-coverage/cmd/go-coverage/cmd/setup_pages.go:736.3,739.25 3 0
github.com/mrz1836/go-coverage/cmd/go-coverage/cmd/setup_pages.go:739.25,741.55 1 0
github.com/mrz1836/go-coverage/cmd/go-coverage/cmd/setup_pages.go:741.55,744.5 2 0
github.com/mrz1836/go-coverage/cmd/go-coverage/cmd/setup_pages.go:744.10,745.43 1 0
github.com/mrz1836/go-coverage/cmd/go-coverage/cmd/setup_pages.go:745.43,747.6 1 0
github.com/mrz1836/go-coverage/cmd/go-coverage/cmd/setup_pages.go:748.5,748.78 1 0
github.com/mrz1836/go-coverage/cmd/go-coverage/cmd/setup_pages.go:750.9,752.94 2 0
github.com/mrz1836/go-coverage/cmd/go-coverage/cmd/setup_pages.go:752.94,754.5 1 0
github.com/mrz1836/go-coverage/cmd/go-coverage/cmd/setup_pages.go:756.4,756.15 1 0
github.com/mrz1836/go-coverage/cmd/go-coverage/cmd/setup_pages.go:756.15,758.60 2 0
github.com/mrz1836/go-coverage/cmd/go-coverage/cmd/setup_pages.go:758.60,760.6 1 0
github.com/mrz1836/go-coverage/cmd/go-coverage/cmd/setup_pages.go:763.4,763.49 1 0
github.com/mrz1836/go-coverage/cmd/go-coverage/cmd/setup_pages.go:763.49,766.5 2 0
github.com/mrz1836/go-coverage/cmd/go-coverage/cmd/setup_pages.go:772.2,772.36 1 0
github.com/mrz1836/go-coverage/cmd/go-coverage/cmd/setup_pages.go:772.36,774.3 1 0
github.com/mrz1836/go-coverage/cmd/go-coverage/cmd/setup_pages.go:775.2,777.16 3 0
github.com/mrz1836/go-coverage/cmd/go-coverage/cmd/setup_pages.go:777.16,778.51 1 0
github.com/mrz1836/go-coverage/cmd/go-coverage/cmd/setup_pages.go:778.51,781.4 2 0
github.com/mrz1836/go-coverage/cmd/go-coverage/cmd/setup_pages.go:782.8,783.14 1 0
github.com/mrz1836/go-coverage/cmd/go-coverage/cmd/setup_pages.go:783.14,785.4 1 0
github.com/mrz1836/go-coverage/cmd/go-coverage/cmd/setup_pages.go:788.2,788.17 1 0
github.com/mrz1836/go-coverage/cmd/go-coverage/cmd/setup_pages.go:788.17,790.3 1 0
github.com/mrz1836/go-coverage/cmd/go-coverage/cmd/setup_pages.go:792.2,792.12 1 0
github.com/mrz1836/go-coverage/cmd/go-coverage/cmd/setup_pages.go:796.66,797.12 1 3
github.com/mrz1836/go-coverage/cmd/go-coverage/cmd/setup_pages.go:797.12,801.3 3 1
github.com/mrz1836/go-coverage/cmd/go-coverage/cmd/setup_pages.go:803.2,822.25 17 2
github.com/mrz1836/go-coverage/cmd/go-coverage/cmd/setup_pages.go:822.25,824.3 1 2
github.com/mrz1836/go-coverage/cmd/go-coverage/cmd/setup_pages.go:825.2,837.66 11 2
github.com/mrz1836/go-coverage/cmd/go-coverage/cmd/upgrade.go:31.51,49.52 1 82
github.com/mrz1836/go-coverage/cmd/go-coverage/cmd/upgrade.go:49.52,54.18 4 1
github.com/mrz1836/go-coverage/cmd/go-coverage/cmd/upgrade.go:54.18,56.5 1 0
github.com/mrz1836/go-coverage/cmd/go-coverage/cmd/upgrade.go:58.4,59.18 2 1
github.com/mrz1836/go-coverage/cmd/go-coverage/cmd/upgrade.go:59.18,61.5 1 0
github.com/mrz1836/go-coverage/cmd/go-coverage/cmd/upgrade.go:63.4,63.46 1 1
github.com/mrz1836/go-coverage/cmd/go-coverage/cmd/upgrade.go:68.2,72.12 4 82
github.com/mrz1836/go-coverage/cmd/go-coverage/cmd/upgrade.go:75.89,79.104 2 12
github.com/mrz1836/go-coverage/cmd/go-coverage/cmd/upgrade.go:79.104,80.41 1 7
github.com/mrz1836/go-coverage/cmd/go-coverage/cmd/upgrade.go:80.41,84.4 3 4
github.com/mrz1836/go-coverage/cmd/go-coverage/cmd/upgrade.go:87.2,92.16 4 8
github.com/mrz1836/go-coverage/cmd/go-coverage/cmd/upgrade.go:92.16,94.3 1 0
github.com/mrz1836/go-coverage/cmd/go-coverage/cmd/upgrade.go:96.2,102.31 4 8
github.com/mrz1836/go-coverage/cmd/go-coverage/cmd/upgrade.go:102.31,105.3 2 0
github.com/mrz1836/go-coverage/cmd/go-coverage/cmd/upgrade.go:107.2,107.22 1 8
github.com/mrz1836/go-coverage/cmd/go-coverage/cmd/upgrade.go:107.22,108.14 1 3
github.com/mrz1836/go-coverage/cmd/go-coverage/cmd/upgrade.go:108.14,111.4 2 3
github.com/mrz1836/go-coverage/cmd/go-coverage/cmd/upgrade.go:111.9,113.4 1 0
github.com/mrz1836/go-coverage/cmd/go-coverage/cmd/upgrade.go:114.3,114.13 1 3
github.com/mrz1836/go-coverage/cmd/go-coverage/cmd/upgrade.go:118.2,118.13 1 5
github.com/mrz1836/go-coverage/cmd/go-coverage/cmd/upgrade.go:118.13,120.3 1 5
github.com/mrz1836/go-coverage/cmd/go-coverage/cmd/upgrade.go:120.8,120.25 1 0
github.com/mrz1836/go-coverage/cmd/go-coverage/cmd/upgrade.go:120.25,122.3 1 0
github.com/mrz1836/go-coverage/cmd/go-coverage/cmd/upgrade.go:125.2,133.38 6 5
github.com/mrz1836/go-coverage/cmd/go-coverage/cmd/upgrade.go:133.38,135.3 1 0
github.com/mrz1836/go-coverage/cmd/go-coverage/cmd/upgrade.go:137.2,141.35 3 5
github.com/mrz1836/go-coverage/cmd/go-coverage/cmd/upgrade.go:141.35,144.30 3 0
github.com/mrz1836/go-coverage/cmd/go-coverage/cmd/upgrade.go:144.30,145.37 1 0
github.com/mrz1836/go-coverage/cmd/go-coverage/cmd/upgrade.go:145.37,147.5 1 0
github.com/mrz1836/go-coverage/cmd/go-coverage/cmd/upgrade.go:151.2,151.12 1 5
github.com/mrz1836/go-coverage/cmd/go-coverage/cmd/upgrade.go:154.37,155.32 1 42
github.com/mrz1836/go-coverage/cmd/go-coverage/cmd/upgrade.go:155.32,157.3 1 4
github.com/mrz1836/go-coverage/cmd/go-coverage/cmd/upgrade.go:158.2,158.32 1 38
github.com/mrz1836/go-coverage/cmd/go-coverage/cmd/upgrade.go:158.32,160.3 1 37
github.com/mrz1836/go-coverage/cmd/go-coverage/cmd/upgrade.go:161.2,161.10 1 1
github.com/mrz1836/go-coverage/cmd/go-coverage/cmd/upgrade.go:165.44,169.16 3 1
github.com/mrz1836/go-coverage/cmd/go-coverage/cmd/upgrade.go:169.16,171.3 1 1
github.com/mrz1836/go-coverage/cmd/go-coverage/cmd/upgrade.go:175.2,178.29 3 0
github.com/mrz1836/go-coverage/cmd/go-coverage/cmd/upgrade.go:178.29,179.44 1 0
github.com/mrz1836/go-coverage/cmd/go-coverage/cmd/upgrade.go:179.44,184.4 3 0
github.com/mrz1836/go-coverage/cmd/go-coverage/cmd/upgrade.go:187.2,187.67 1 0
github.com/mrz1836/go-coverage/cmd/go-coverage/cmd/upgrade.go:191.31,193.34 2 1
github.com/mrz1836/go-coverage/cmd/go-coverage/cmd/upgrade.go:193.34,195.3 1 0
github.com/mrz1836/go-coverage/cmd/go-coverage/cmd/upgrade.go:196.2,196.12 1 1
github.com/mrz1836/go-coverage/cmd/go-coverage/cmd/upgrade.go:200.34,203.16 3 1
github.com/mrz1836/go-coverage/cmd/go-coverage/cmd/upgrade.go:203.16,205.3 1 0
github.com/mrz1836/go-coverage/cmd/go-coverage/cmd/upgrade.go:207.2,208.18 2 1
github.com/mrz1836/go-coverage/cmd/go-coverage/cmd/upgrade.go:208.18,211.17 2 0
github.com/mrz1836/go-coverage/cmd/go-coverage/cmd/upgrade.go:211.17,213.4 1 0
github.com/mrz1836/go-coverage/cmd/go-coverage/cmd/upgrade.go:214.3,214.38 1 0
github.com/mrz1836/go-coverage/cmd/go-coverage/cmd/upgrade.go:217.2,217.43 1 1
github.com/mrz1836/go-coverage/cmd/go-coverage/cmd/upgrade.go:221.22,224.2 2 1
github.com/mrz1836/go-coverage/cmd/go-coverage/cmd/upgrade.go:227.42,228.31 1 1
github.com/mrz1836/go-coverage/cmd/go-coverage/cmd/upgrade.go:228.31,230.3 1 0
github.com/mrz1836/go-coverage/cmd/go-coverage/cmd/upgrade.go:231.2,231.37 1 1
github.com/mrz1836/go-coverage/cmd/go-coverage/cmd/upgrade.go:235.46,240.43 2 20
github.com/mrz1836/go-coverage/cmd/go-coverage/cmd/upgrade.go:240.43,242.3 1 10
github.com/mrz1836/go-coverage/cmd/go-coverage/cmd/upgrade.go:245.2,245.28 1 10
github.com/mrz1836/go-coverage/cmd/go-coverage/cmd/upgrade.go:245.28,246.75 1 121
github.com/mrz1836/go-coverage/cmd/go-coverage/cmd/upgrade.go:246.75,248.4 1 3
github.com/mrz1836/go-coverage/cmd/go-coverage/cmd/upgrade.go:251.2,251.13 1 7
github.com/mrz1836/go-coverage/cmd/go-coverage/cmd/upgrade.go:255.48,256.27 1 25
github.com/mrz1836/go-coverage/cmd/go-coverage/cmd/upgrade.go:256.27,258.3 1 4
github.com/mrz1836/go-coverage/cmd/go-coverage/cmd/upgrade.go:260.2,260.40 1 21
github.com/mrz1836/go-coverage/cmd/go-coverage/cmd/upgrade.go:260.40,262.3 1 6
github.com/mrz1836/go-coverage/cmd/go-coverage/cmd/upgrade.go:263.2,263.14 1 15
