mode: atomic
github.com/mrz1836/go-coverage/internal/parser/parser.go:10.1,12.2 2 1
github.com/mrz1836/go-coverage/internal/parser/parser.go:15.1,17.16 2 1
github.com/mrz1836/go-coverage/internal/parser/parser.go:20.1,22.2 1 0
github.com/mrz1836/go-coverage/internal/badge/badge.go:25.1,27.2 2 1
github.com/mrz1836/go-coverage/internal/badge/badge.go:30.1,35.3 5 1
github.com/mrz1836/go-coverage/internal/badge/badge.go:40.1,42.2 2 0
github.com/mrz1836/go-coverage/internal/history/history.go:50.1,52.2 2 1
github.com/mrz1836/go-coverage/internal/history/history.go:55.1,60.3 5 0
github.com/mrz1836/go-coverage/internal/history/history.go:65.1,67.2 2 1
